TimeQuest Timing Analyzer report for Practica6
Mon Oct 29 09:29:17 2018
Quartus II 64-Bit Version 13.0.1 Build 232 06/12/2013 Service Pack 1 SJ Web Edition


---------------------
; Table of Contents ;
---------------------
  1. Legal Notice
  2. TimeQuest Timing Analyzer Summary
  3. Parallel Compilation
  4. Clocks
  5. Slow Model Fmax Summary
  6. Slow Model Setup Summary
  7. Slow Model Hold Summary
  8. Slow Model Recovery Summary
  9. Slow Model Removal Summary
 10. Slow Model Minimum Pulse Width Summary
 11. Propagation Delay
 12. Minimum Propagation Delay
 13. Fast Model Setup Summary
 14. Fast Model Hold Summary
 15. Fast Model Recovery Summary
 16. Fast Model Removal Summary
 17. Fast Model Minimum Pulse Width Summary
 18. Propagation Delay
 19. Minimum Propagation Delay
 20. Multicorner Timing Analysis Summary
 21. Progagation Delay
 22. Minimum Progagation Delay
 23. Clock Transfers
 24. Report TCCS
 25. Report RSKM
 26. Unconstrained Paths
 27. TimeQuest Timing Analyzer Messages



----------------
; Legal Notice ;
----------------
Copyright (C) 1991-2013 Altera Corporation
Your use of Altera Corporation's design tools, logic functions 
and other software and tools, and its AMPP partner logic 
functions, and any output files from any of the foregoing 
(including device programming or simulation files), and any 
associated documentation or information are expressly subject 
to the terms and conditions of the Altera Program License 
Subscription Agreement, Altera MegaCore Function License 
Agreement, or other applicable license agreement, including, 
without limitation, that your use is for the sole purpose of 
programming logic devices manufactured by Altera and sold by 
Altera or its authorized distributors.  Please refer to the 
applicable agreement for further details.



+----------------------------------------------------------------------------------------+
; TimeQuest Timing Analyzer Summary                                                      ;
+--------------------+-------------------------------------------------------------------+
; Quartus II Version ; Version 13.0.1 Build 232 06/12/2013 Service Pack 1 SJ Web Edition ;
; Revision Name      ; Practica6                                                         ;
; Device Family      ; Cyclone II                                                        ;
; Device Name        ; EP2C20F484C7                                                      ;
; Timing Models      ; Final                                                             ;
; Delay Model        ; Combined                                                          ;
; Rise/Fall Delays   ; Unavailable                                                       ;
+--------------------+-------------------------------------------------------------------+


Parallel compilation was disabled, but you have multiple processors available. Enable parallel compilation to reduce compilation time.
+-------------------------------------+
; Parallel Compilation                ;
+----------------------------+--------+
; Processors                 ; Number ;
+----------------------------+--------+
; Number detected on machine ; 8      ;
; Maximum allowed            ; 1      ;
+----------------------------+--------+


----------
; Clocks ;
----------
No clocks to report.


---------------------------
; Slow Model Fmax Summary ;
---------------------------
No paths to report.


----------------------------
; Slow Model Setup Summary ;
----------------------------
No paths to report.


---------------------------
; Slow Model Hold Summary ;
---------------------------
No paths to report.


-------------------------------
; Slow Model Recovery Summary ;
-------------------------------
No paths to report.


------------------------------
; Slow Model Removal Summary ;
------------------------------
No paths to report.


------------------------------------------
; Slow Model Minimum Pulse Width Summary ;
------------------------------------------
No paths to report.


+--------------------------------------------------------------+
; Propagation Delay                                            ;
+------------+-------------+--------+--------+--------+--------+
; Input Port ; Output Port ; RR     ; RF     ; FR     ; FF     ;
+------------+-------------+--------+--------+--------+--------+
; a[0]       ; disp1[0]    ; 11.498 ; 11.498 ; 11.498 ; 11.498 ;
; a[0]       ; disp1[1]    ; 11.529 ; 11.529 ; 11.529 ; 11.529 ;
; a[0]       ; disp1[2]    ; 11.877 ; 11.877 ; 11.877 ; 11.877 ;
; a[0]       ; disp1[3]    ; 11.732 ; 11.732 ; 11.732 ; 11.732 ;
; a[0]       ; disp1[4]    ; 11.898 ; 11.898 ; 11.898 ; 11.898 ;
; a[0]       ; disp1[5]    ; 11.903 ; 11.903 ; 11.903 ; 11.903 ;
; a[0]       ; disp1[6]    ; 12.129 ; 12.129 ; 12.129 ; 12.129 ;
; a[0]       ; disp2[0]    ; 14.801 ; 14.801 ; 14.801 ; 14.801 ;
; a[0]       ; disp2[1]    ; 14.420 ; 14.420 ; 14.420 ; 14.420 ;
; a[0]       ; disp2[2]    ; 14.421 ; 14.421 ; 14.421 ; 14.421 ;
; a[0]       ; disp2[3]    ; 14.395 ; 14.395 ; 14.395 ; 14.395 ;
; a[0]       ; disp2[4]    ; 14.434 ; 14.434 ; 14.434 ; 14.434 ;
; a[0]       ; disp2[5]    ; 14.682 ; 14.682 ; 14.682 ; 14.682 ;
; a[0]       ; disp2[6]    ; 14.811 ; 14.811 ; 14.811 ; 14.811 ;
; a[0]       ; disp3[0]    ; 15.323 ; 15.323 ; 15.323 ; 15.323 ;
; a[0]       ; disp3[2]    ; 15.595 ; 15.595 ; 15.595 ; 15.595 ;
; a[0]       ; disp3[3]    ; 15.704 ; 15.704 ; 15.704 ; 15.704 ;
; a[0]       ; disp3[4]    ; 13.990 ; 13.990 ; 13.990 ; 13.990 ;
; a[0]       ; disp3[5]    ; 15.675 ; 15.675 ; 15.675 ; 15.675 ;
; a[0]       ; disp3[6]    ; 14.084 ; 14.084 ; 14.084 ; 14.084 ;
; a[1]       ; disp1[0]    ; 12.441 ; 12.441 ; 12.441 ; 12.441 ;
; a[1]       ; disp1[1]    ; 12.472 ; 12.472 ; 12.472 ; 12.472 ;
; a[1]       ; disp1[2]    ; 12.820 ; 12.820 ; 12.820 ; 12.820 ;
; a[1]       ; disp1[3]    ; 12.675 ; 12.675 ; 12.675 ; 12.675 ;
; a[1]       ; disp1[4]    ; 12.841 ; 12.841 ; 12.841 ; 12.841 ;
; a[1]       ; disp1[5]    ; 12.846 ; 12.846 ; 12.846 ; 12.846 ;
; a[1]       ; disp1[6]    ; 13.072 ; 13.072 ; 13.072 ; 13.072 ;
; a[1]       ; disp2[0]    ; 15.987 ; 15.987 ; 15.987 ; 15.987 ;
; a[1]       ; disp2[1]    ; 15.606 ; 15.606 ; 15.606 ; 15.606 ;
; a[1]       ; disp2[2]    ; 15.607 ; 15.607 ; 15.607 ; 15.607 ;
; a[1]       ; disp2[3]    ; 15.581 ; 15.581 ; 15.581 ; 15.581 ;
; a[1]       ; disp2[4]    ; 15.620 ; 15.620 ; 15.620 ; 15.620 ;
; a[1]       ; disp2[5]    ; 15.868 ; 15.868 ; 15.868 ; 15.868 ;
; a[1]       ; disp2[6]    ; 15.997 ; 15.997 ; 15.997 ; 15.997 ;
; a[1]       ; disp3[0]    ; 16.509 ; 16.509 ; 16.509 ; 16.509 ;
; a[1]       ; disp3[2]    ; 16.781 ; 16.781 ; 16.781 ; 16.781 ;
; a[1]       ; disp3[3]    ; 16.890 ; 16.890 ; 16.890 ; 16.890 ;
; a[1]       ; disp3[4]    ; 15.176 ; 15.176 ; 15.176 ; 15.176 ;
; a[1]       ; disp3[5]    ; 16.861 ; 16.861 ; 16.861 ; 16.861 ;
; a[1]       ; disp3[6]    ; 15.270 ; 15.270 ; 15.270 ; 15.270 ;
; a[2]       ; disp1[0]    ; 11.078 ; 11.078 ; 11.078 ; 11.078 ;
; a[2]       ; disp1[1]    ; 11.109 ; 11.109 ; 11.109 ; 11.109 ;
; a[2]       ; disp1[2]    ; 11.457 ; 11.457 ; 11.457 ; 11.457 ;
; a[2]       ; disp1[3]    ; 11.312 ; 11.312 ; 11.312 ; 11.312 ;
; a[2]       ; disp1[4]    ; 11.478 ; 11.478 ; 11.478 ; 11.478 ;
; a[2]       ; disp1[5]    ; 11.483 ; 11.483 ; 11.483 ; 11.483 ;
; a[2]       ; disp1[6]    ; 11.709 ; 11.709 ; 11.709 ; 11.709 ;
; a[2]       ; disp2[0]    ; 14.763 ; 14.763 ; 14.763 ; 14.763 ;
; a[2]       ; disp2[1]    ; 14.382 ; 14.382 ; 14.382 ; 14.382 ;
; a[2]       ; disp2[2]    ; 14.383 ; 14.383 ; 14.383 ; 14.383 ;
; a[2]       ; disp2[3]    ; 14.357 ; 14.357 ; 14.357 ; 14.357 ;
; a[2]       ; disp2[4]    ; 14.396 ; 14.396 ; 14.396 ; 14.396 ;
; a[2]       ; disp2[5]    ; 14.644 ; 14.644 ; 14.644 ; 14.644 ;
; a[2]       ; disp2[6]    ; 14.773 ; 14.773 ; 14.773 ; 14.773 ;
; a[2]       ; disp3[0]    ; 15.285 ; 15.285 ; 15.285 ; 15.285 ;
; a[2]       ; disp3[2]    ; 15.557 ; 15.557 ; 15.557 ; 15.557 ;
; a[2]       ; disp3[3]    ; 15.666 ; 15.666 ; 15.666 ; 15.666 ;
; a[2]       ; disp3[4]    ; 13.952 ; 13.952 ; 13.952 ; 13.952 ;
; a[2]       ; disp3[5]    ; 15.637 ; 15.637 ; 15.637 ; 15.637 ;
; a[2]       ; disp3[6]    ; 14.046 ; 14.046 ; 14.046 ; 14.046 ;
; a[3]       ; disp1[0]    ; 10.408 ; 10.408 ; 10.408 ; 10.408 ;
; a[3]       ; disp1[1]    ; 10.439 ; 10.439 ; 10.439 ; 10.439 ;
; a[3]       ; disp1[2]    ; 10.787 ; 10.787 ; 10.787 ; 10.787 ;
; a[3]       ; disp1[3]    ; 10.642 ; 10.642 ; 10.642 ; 10.642 ;
; a[3]       ; disp1[4]    ; 10.808 ; 10.808 ; 10.808 ; 10.808 ;
; a[3]       ; disp1[5]    ; 10.813 ; 10.813 ; 10.813 ; 10.813 ;
; a[3]       ; disp1[6]    ; 11.039 ; 11.039 ; 11.039 ; 11.039 ;
; a[3]       ; disp2[0]    ; 14.076 ; 14.076 ; 14.076 ; 14.076 ;
; a[3]       ; disp2[1]    ; 13.695 ; 13.695 ; 13.695 ; 13.695 ;
; a[3]       ; disp2[2]    ; 13.696 ; 13.696 ; 13.696 ; 13.696 ;
; a[3]       ; disp2[3]    ; 13.670 ; 13.670 ; 13.670 ; 13.670 ;
; a[3]       ; disp2[4]    ; 13.709 ; 13.709 ; 13.709 ; 13.709 ;
; a[3]       ; disp2[5]    ; 13.957 ; 13.957 ; 13.957 ; 13.957 ;
; a[3]       ; disp2[6]    ; 14.086 ; 14.086 ; 14.086 ; 14.086 ;
; a[3]       ; disp3[0]    ; 14.618 ; 14.618 ; 14.618 ; 14.618 ;
; a[3]       ; disp3[2]    ; 14.890 ; 14.890 ; 14.890 ; 14.890 ;
; a[3]       ; disp3[3]    ; 14.999 ; 14.999 ; 14.999 ; 14.999 ;
; a[3]       ; disp3[4]    ; 13.285 ; 13.285 ; 13.285 ; 13.285 ;
; a[3]       ; disp3[5]    ; 14.970 ; 14.970 ; 14.970 ; 14.970 ;
; a[3]       ; disp3[6]    ; 13.731 ; 13.731 ; 13.731 ; 13.731 ;
; a[4]       ; disp2[0]    ; 12.905 ; 12.905 ; 12.905 ; 12.905 ;
; a[4]       ; disp2[1]    ; 12.524 ; 12.524 ; 12.524 ; 12.524 ;
; a[4]       ; disp2[2]    ; 12.525 ; 12.525 ; 12.525 ; 12.525 ;
; a[4]       ; disp2[3]    ; 12.499 ; 12.499 ; 12.499 ; 12.499 ;
; a[4]       ; disp2[4]    ; 12.538 ; 12.538 ; 12.538 ; 12.538 ;
; a[4]       ; disp2[5]    ; 12.786 ; 12.786 ; 12.786 ; 12.786 ;
; a[4]       ; disp2[6]    ; 12.915 ; 12.915 ; 12.915 ; 12.915 ;
; a[4]       ; disp3[0]    ; 13.591 ; 13.591 ; 13.591 ; 13.591 ;
; a[4]       ; disp3[2]    ; 13.863 ; 13.863 ; 13.863 ; 13.863 ;
; a[4]       ; disp3[3]    ; 13.972 ; 13.972 ; 13.972 ; 13.972 ;
; a[4]       ; disp3[4]    ; 12.258 ; 12.258 ; 12.258 ; 12.258 ;
; a[4]       ; disp3[5]    ; 13.943 ; 13.943 ; 13.943 ; 13.943 ;
; a[4]       ; disp3[6]    ; 12.704 ; 12.704 ; 12.704 ; 12.704 ;
; b[0]       ; disp1[0]    ; 11.031 ; 11.031 ; 11.031 ; 11.031 ;
; b[0]       ; disp1[1]    ; 11.062 ; 11.062 ; 11.062 ; 11.062 ;
; b[0]       ; disp1[2]    ; 11.410 ; 11.410 ; 11.410 ; 11.410 ;
; b[0]       ; disp1[3]    ; 11.265 ; 11.265 ; 11.265 ; 11.265 ;
; b[0]       ; disp1[4]    ; 11.431 ; 11.431 ; 11.431 ; 11.431 ;
; b[0]       ; disp1[5]    ; 11.436 ; 11.436 ; 11.436 ; 11.436 ;
; b[0]       ; disp1[6]    ; 11.662 ; 11.662 ; 11.662 ; 11.662 ;
; b[0]       ; disp2[0]    ; 13.584 ; 13.584 ; 13.584 ; 13.584 ;
; b[0]       ; disp2[1]    ; 13.203 ; 13.203 ; 13.203 ; 13.203 ;
; b[0]       ; disp2[2]    ; 13.204 ; 13.204 ; 13.204 ; 13.204 ;
; b[0]       ; disp2[3]    ; 13.178 ; 13.178 ; 13.178 ; 13.178 ;
; b[0]       ; disp2[4]    ; 13.217 ; 13.217 ; 13.217 ; 13.217 ;
; b[0]       ; disp2[5]    ; 13.465 ; 13.465 ; 13.465 ; 13.465 ;
; b[0]       ; disp2[6]    ; 13.594 ; 13.594 ; 13.594 ; 13.594 ;
; b[0]       ; disp3[0]    ; 14.106 ; 14.106 ; 14.106 ; 14.106 ;
; b[0]       ; disp3[2]    ; 14.378 ; 14.378 ; 14.378 ; 14.378 ;
; b[0]       ; disp3[3]    ; 14.487 ; 14.487 ; 14.487 ; 14.487 ;
; b[0]       ; disp3[4]    ; 12.773 ; 12.773 ; 12.773 ; 12.773 ;
; b[0]       ; disp3[5]    ; 14.458 ; 14.458 ; 14.458 ; 14.458 ;
; b[0]       ; disp3[6]    ; 12.867 ; 12.867 ; 12.867 ; 12.867 ;
; b[1]       ; disp1[0]    ; 11.295 ; 11.295 ; 11.295 ; 11.295 ;
; b[1]       ; disp1[1]    ; 11.326 ; 11.326 ; 11.326 ; 11.326 ;
; b[1]       ; disp1[2]    ; 11.674 ; 11.674 ; 11.674 ; 11.674 ;
; b[1]       ; disp1[3]    ; 11.529 ; 11.529 ; 11.529 ; 11.529 ;
; b[1]       ; disp1[4]    ; 11.695 ; 11.695 ; 11.695 ; 11.695 ;
; b[1]       ; disp1[5]    ; 11.700 ; 11.700 ; 11.700 ; 11.700 ;
; b[1]       ; disp1[6]    ; 11.926 ; 11.926 ; 11.926 ; 11.926 ;
; b[1]       ; disp2[0]    ; 13.848 ; 13.848 ; 13.848 ; 13.848 ;
; b[1]       ; disp2[1]    ; 13.467 ; 13.467 ; 13.467 ; 13.467 ;
; b[1]       ; disp2[2]    ; 13.468 ; 13.468 ; 13.468 ; 13.468 ;
; b[1]       ; disp2[3]    ; 13.442 ; 13.442 ; 13.442 ; 13.442 ;
; b[1]       ; disp2[4]    ; 13.481 ; 13.481 ; 13.481 ; 13.481 ;
; b[1]       ; disp2[5]    ; 13.729 ; 13.729 ; 13.729 ; 13.729 ;
; b[1]       ; disp2[6]    ; 13.858 ; 13.858 ; 13.858 ; 13.858 ;
; b[1]       ; disp3[0]    ; 14.370 ; 14.370 ; 14.370 ; 14.370 ;
; b[1]       ; disp3[2]    ; 14.642 ; 14.642 ; 14.642 ; 14.642 ;
; b[1]       ; disp3[3]    ; 14.751 ; 14.751 ; 14.751 ; 14.751 ;
; b[1]       ; disp3[4]    ; 13.037 ; 13.037 ; 13.037 ; 13.037 ;
; b[1]       ; disp3[5]    ; 14.722 ; 14.722 ; 14.722 ; 14.722 ;
; b[1]       ; disp3[6]    ; 13.131 ; 13.131 ; 13.131 ; 13.131 ;
; b[2]       ; disp1[0]    ; 8.938  ; 8.938  ; 8.938  ; 8.938  ;
; b[2]       ; disp1[1]    ; 8.969  ; 8.969  ; 8.969  ; 8.969  ;
; b[2]       ; disp1[2]    ; 9.317  ; 9.317  ; 9.317  ; 9.317  ;
; b[2]       ; disp1[3]    ; 9.172  ; 9.172  ; 9.172  ; 9.172  ;
; b[2]       ; disp1[4]    ; 9.338  ; 9.338  ; 9.338  ; 9.338  ;
; b[2]       ; disp1[5]    ; 9.343  ; 9.343  ; 9.343  ; 9.343  ;
; b[2]       ; disp1[6]    ; 9.569  ; 9.569  ; 9.569  ; 9.569  ;
; b[2]       ; disp2[0]    ; 12.484 ; 12.484 ; 12.484 ; 12.484 ;
; b[2]       ; disp2[1]    ; 12.103 ; 12.103 ; 12.103 ; 12.103 ;
; b[2]       ; disp2[2]    ; 12.104 ; 12.104 ; 12.104 ; 12.104 ;
; b[2]       ; disp2[3]    ; 12.078 ; 12.078 ; 12.078 ; 12.078 ;
; b[2]       ; disp2[4]    ; 12.117 ; 12.117 ; 12.117 ; 12.117 ;
; b[2]       ; disp2[5]    ; 12.365 ; 12.365 ; 12.365 ; 12.365 ;
; b[2]       ; disp2[6]    ; 12.494 ; 12.494 ; 12.494 ; 12.494 ;
; b[2]       ; disp3[0]    ; 13.006 ; 13.006 ; 13.006 ; 13.006 ;
; b[2]       ; disp3[2]    ; 13.278 ; 13.278 ; 13.278 ; 13.278 ;
; b[2]       ; disp3[3]    ; 13.387 ; 13.387 ; 13.387 ; 13.387 ;
; b[2]       ; disp3[4]    ; 11.673 ; 11.673 ; 11.673 ; 11.673 ;
; b[2]       ; disp3[5]    ; 13.358 ; 13.358 ; 13.358 ; 13.358 ;
; b[2]       ; disp3[6]    ; 11.767 ; 11.767 ; 11.767 ; 11.767 ;
; b[3]       ; disp1[0]    ; 8.992  ; 8.992  ; 8.992  ; 8.992  ;
; b[3]       ; disp1[1]    ; 9.023  ; 9.023  ; 9.023  ; 9.023  ;
; b[3]       ; disp1[2]    ; 9.371  ; 9.371  ; 9.371  ; 9.371  ;
; b[3]       ; disp1[3]    ; 9.226  ; 9.226  ; 9.226  ; 9.226  ;
; b[3]       ; disp1[4]    ; 9.392  ; 9.392  ; 9.392  ; 9.392  ;
; b[3]       ; disp1[5]    ; 9.397  ; 9.397  ; 9.397  ; 9.397  ;
; b[3]       ; disp1[6]    ; 9.623  ; 9.623  ; 9.623  ; 9.623  ;
; b[3]       ; disp2[0]    ; 12.537 ; 12.537 ; 12.537 ; 12.537 ;
; b[3]       ; disp2[1]    ; 12.156 ; 12.156 ; 12.156 ; 12.156 ;
; b[3]       ; disp2[2]    ; 12.157 ; 12.157 ; 12.157 ; 12.157 ;
; b[3]       ; disp2[3]    ; 12.131 ; 12.131 ; 12.131 ; 12.131 ;
; b[3]       ; disp2[4]    ; 12.170 ; 12.170 ; 12.170 ; 12.170 ;
; b[3]       ; disp2[5]    ; 12.418 ; 12.418 ; 12.418 ; 12.418 ;
; b[3]       ; disp2[6]    ; 12.547 ; 12.547 ; 12.547 ; 12.547 ;
; b[3]       ; disp3[0]    ; 13.059 ; 13.059 ; 13.059 ; 13.059 ;
; b[3]       ; disp3[2]    ; 13.331 ; 13.331 ; 13.331 ; 13.331 ;
; b[3]       ; disp3[3]    ; 13.440 ; 13.440 ; 13.440 ; 13.440 ;
; b[3]       ; disp3[4]    ; 11.726 ; 11.726 ; 11.726 ; 11.726 ;
; b[3]       ; disp3[5]    ; 13.411 ; 13.411 ; 13.411 ; 13.411 ;
; b[3]       ; disp3[6]    ; 11.820 ; 11.820 ; 11.820 ; 11.820 ;
; b[4]       ; disp2[0]    ; 9.093  ; 9.093  ; 9.093  ; 9.093  ;
; b[4]       ; disp2[1]    ; 8.712  ; 8.712  ; 8.712  ; 8.712  ;
; b[4]       ; disp2[2]    ; 8.713  ; 8.713  ; 8.713  ; 8.713  ;
; b[4]       ; disp2[3]    ; 8.687  ; 8.687  ; 8.687  ; 8.687  ;
; b[4]       ; disp2[4]    ; 8.726  ; 8.726  ; 8.726  ; 8.726  ;
; b[4]       ; disp2[5]    ; 8.974  ; 8.974  ; 8.974  ; 8.974  ;
; b[4]       ; disp2[6]    ; 9.103  ; 9.103  ; 9.103  ; 9.103  ;
; b[4]       ; disp3[0]    ; 9.615  ; 9.615  ; 9.615  ; 9.615  ;
; b[4]       ; disp3[2]    ; 9.887  ; 9.887  ; 9.887  ; 9.887  ;
; b[4]       ; disp3[3]    ; 9.996  ; 9.996  ; 9.996  ; 9.996  ;
; b[4]       ; disp3[4]    ; 8.282  ; 8.282  ; 8.282  ; 8.282  ;
; b[4]       ; disp3[5]    ; 9.967  ; 9.967  ; 9.967  ; 9.967  ;
; b[4]       ; disp3[6]    ;        ; 8.376  ; 8.376  ;        ;
+------------+-------------+--------+--------+--------+--------+


+--------------------------------------------------------------+
; Minimum Propagation Delay                                    ;
+------------+-------------+--------+--------+--------+--------+
; Input Port ; Output Port ; RR     ; RF     ; FR     ; FF     ;
+------------+-------------+--------+--------+--------+--------+
; a[0]       ; disp1[0]    ; 8.455  ; 8.455  ; 8.455  ; 8.455  ;
; a[0]       ; disp1[1]    ; 8.488  ; 8.488  ; 8.488  ; 8.488  ;
; a[0]       ; disp1[2]    ; 10.057 ; 8.800  ; 8.800  ; 10.057 ;
; a[0]       ; disp1[3]    ; 8.713  ; 8.713  ; 8.713  ; 8.713  ;
; a[0]       ; disp1[4]    ; 8.853  ; 10.073 ; 10.073 ; 8.853  ;
; a[0]       ; disp1[5]    ; 8.856  ; 10.082 ; 10.082 ; 8.856  ;
; a[0]       ; disp1[6]    ; 9.084  ; 9.084  ; 9.084  ; 9.084  ;
; a[0]       ; disp2[0]    ; 10.083 ; 10.083 ; 10.083 ; 10.083 ;
; a[0]       ; disp2[1]    ; 9.703  ; 9.703  ; 9.703  ; 9.703  ;
; a[0]       ; disp2[2]    ; 9.704  ; 9.704  ; 9.704  ; 9.704  ;
; a[0]       ; disp2[3]    ; 9.707  ; 9.707  ; 9.707  ; 9.707  ;
; a[0]       ; disp2[4]    ; 9.721  ; 9.721  ; 9.721  ; 9.721  ;
; a[0]       ; disp2[5]    ; 9.964  ; 9.964  ; 9.964  ; 9.964  ;
; a[0]       ; disp2[6]    ; 10.093 ; 10.093 ; 10.093 ; 10.093 ;
; a[0]       ; disp3[0]    ; 11.395 ; 10.832 ; 10.832 ; 11.395 ;
; a[0]       ; disp3[2]    ; 11.200 ; 11.667 ; 11.667 ; 11.200 ;
; a[0]       ; disp3[3]    ; 11.776 ; 11.213 ; 11.213 ; 11.776 ;
; a[0]       ; disp3[4]    ; 10.062 ; 10.062 ; 10.062 ; 10.062 ;
; a[0]       ; disp3[5]    ; 11.186 ; 11.747 ; 11.747 ; 11.186 ;
; a[0]       ; disp3[6]    ; 12.104 ; 10.156 ; 10.156 ; 12.104 ;
; a[1]       ; disp1[0]    ; 9.777  ; 9.777  ; 9.777  ; 9.777  ;
; a[1]       ; disp1[1]    ; 9.806  ; 9.806  ; 9.806  ; 9.806  ;
; a[1]       ; disp1[2]    ; 10.146 ; 10.146 ; 10.146 ; 10.146 ;
; a[1]       ; disp1[3]    ; 10.024 ; 10.024 ; 10.024 ; 10.024 ;
; a[1]       ; disp1[4]    ; 10.162 ; 10.162 ; 10.162 ; 10.162 ;
; a[1]       ; disp1[5]    ; 10.171 ; 10.171 ; 10.171 ; 10.171 ;
; a[1]       ; disp1[6]    ; 10.403 ; 10.403 ; 10.403 ; 10.403 ;
; a[1]       ; disp2[0]    ; 9.024  ; 9.024  ; 9.024  ; 9.024  ;
; a[1]       ; disp2[1]    ; 8.644  ; 8.644  ; 8.644  ; 8.644  ;
; a[1]       ; disp2[2]    ; 8.645  ; 8.645  ; 8.645  ; 8.645  ;
; a[1]       ; disp2[3]    ; 8.647  ; 8.647  ; 8.647  ; 8.647  ;
; a[1]       ; disp2[4]    ; 8.663  ; 8.663  ; 8.663  ; 8.663  ;
; a[1]       ; disp2[5]    ; 8.906  ; 8.906  ; 8.906  ; 8.906  ;
; a[1]       ; disp2[6]    ; 9.035  ; 9.035  ; 9.035  ; 9.035  ;
; a[1]       ; disp3[0]    ; 10.407 ; 9.844  ; 9.844  ; 10.407 ;
; a[1]       ; disp3[2]    ; 10.212 ; 10.679 ; 10.679 ; 10.212 ;
; a[1]       ; disp3[3]    ; 10.788 ; 10.225 ; 10.225 ; 10.788 ;
; a[1]       ; disp3[4]    ; 9.074  ; 9.074  ; 9.074  ; 9.074  ;
; a[1]       ; disp3[5]    ; 10.198 ; 10.759 ; 10.759 ; 10.198 ;
; a[1]       ; disp3[6]    ; 12.366 ; 9.168  ; 9.168  ; 12.366 ;
; a[2]       ; disp1[0]    ; 10.080 ; 10.080 ; 10.080 ; 10.080 ;
; a[2]       ; disp1[1]    ; 10.111 ; 10.111 ; 10.111 ; 10.111 ;
; a[2]       ; disp1[2]    ; 10.459 ; 10.459 ; 10.459 ; 10.459 ;
; a[2]       ; disp1[3]    ; 10.314 ; 10.314 ; 10.314 ; 10.314 ;
; a[2]       ; disp1[4]    ; 10.480 ; 10.480 ; 10.480 ; 10.480 ;
; a[2]       ; disp1[5]    ; 10.485 ; 10.485 ; 10.485 ; 10.485 ;
; a[2]       ; disp1[6]    ; 10.711 ; 10.711 ; 10.711 ; 10.711 ;
; a[2]       ; disp2[0]    ; 9.817  ; 9.817  ; 9.817  ; 9.817  ;
; a[2]       ; disp2[1]    ; 9.438  ; 9.438  ; 9.438  ; 9.438  ;
; a[2]       ; disp2[2]    ; 9.435  ; 9.435  ; 9.435  ; 9.435  ;
; a[2]       ; disp2[3]    ; 9.439  ; 9.439  ; 9.439  ; 9.439  ;
; a[2]       ; disp2[4]    ; 9.456  ; 9.456  ; 9.456  ; 9.456  ;
; a[2]       ; disp2[5]    ; 9.698  ; 9.698  ; 9.698  ; 9.698  ;
; a[2]       ; disp2[6]    ; 9.828  ; 9.828  ; 9.828  ; 9.828  ;
; a[2]       ; disp3[0]    ; 10.735 ; 10.172 ; 10.172 ; 10.735 ;
; a[2]       ; disp3[2]    ; 10.540 ; 11.007 ; 11.007 ; 10.540 ;
; a[2]       ; disp3[3]    ; 11.116 ; 10.553 ; 10.553 ; 11.116 ;
; a[2]       ; disp3[4]    ; 9.402  ; 9.402  ; 9.402  ; 9.402  ;
; a[2]       ; disp3[5]    ; 10.526 ; 11.087 ; 11.087 ; 10.526 ;
; a[2]       ; disp3[6]    ; 11.946 ; 9.496  ; 9.496  ; 11.946 ;
; a[3]       ; disp1[0]    ; 10.408 ; 10.408 ; 10.408 ; 10.408 ;
; a[3]       ; disp1[1]    ; 10.439 ; 10.439 ; 10.439 ; 10.439 ;
; a[3]       ; disp1[2]    ; 10.787 ; 10.787 ; 10.787 ; 10.787 ;
; a[3]       ; disp1[3]    ; 10.642 ; 10.642 ; 10.642 ; 10.642 ;
; a[3]       ; disp1[4]    ; 10.808 ; 10.808 ; 10.808 ; 10.808 ;
; a[3]       ; disp1[5]    ; 10.813 ; 10.813 ; 10.813 ; 10.813 ;
; a[3]       ; disp1[6]    ; 11.039 ; 11.039 ; 11.039 ; 11.039 ;
; a[3]       ; disp2[0]    ; 9.416  ; 9.416  ; 9.416  ; 9.416  ;
; a[3]       ; disp2[1]    ; 9.035  ; 9.035  ; 9.035  ; 9.035  ;
; a[3]       ; disp2[2]    ; 9.036  ; 9.036  ; 9.036  ; 9.036  ;
; a[3]       ; disp2[3]    ; 9.010  ; 9.010  ; 9.010  ; 9.010  ;
; a[3]       ; disp2[4]    ; 9.049  ; 9.049  ; 9.049  ; 9.049  ;
; a[3]       ; disp2[5]    ; 9.297  ; 9.297  ; 9.297  ; 9.297  ;
; a[3]       ; disp2[6]    ; 9.426  ; 9.426  ; 9.426  ; 9.426  ;
; a[3]       ; disp3[0]    ; 10.291 ; 9.728  ; 9.728  ; 10.291 ;
; a[3]       ; disp3[2]    ; 10.096 ; 10.563 ; 10.563 ; 10.096 ;
; a[3]       ; disp3[3]    ; 10.672 ; 10.109 ; 10.109 ; 10.672 ;
; a[3]       ; disp3[4]    ; 8.958  ; 8.958  ; 8.958  ; 8.958  ;
; a[3]       ; disp3[5]    ; 10.082 ; 10.643 ; 10.643 ; 10.082 ;
; a[3]       ; disp3[6]    ; 12.274 ; 9.052  ; 9.052  ; 12.274 ;
; a[4]       ; disp2[0]    ; 10.439 ; 10.439 ; 10.439 ; 10.439 ;
; a[4]       ; disp2[1]    ; 10.059 ; 10.059 ; 10.059 ; 10.059 ;
; a[4]       ; disp2[2]    ; 10.060 ; 10.060 ; 10.060 ; 10.060 ;
; a[4]       ; disp2[3]    ; 10.062 ; 10.062 ; 10.062 ; 10.062 ;
; a[4]       ; disp2[4]    ; 10.078 ; 10.078 ; 10.078 ; 10.078 ;
; a[4]       ; disp2[5]    ; 10.321 ; 10.321 ; 10.321 ; 10.321 ;
; a[4]       ; disp2[6]    ; 10.450 ; 10.450 ; 10.450 ; 10.450 ;
; a[4]       ; disp3[0]    ; 10.080 ; 9.868  ; 9.868  ; 10.080 ;
; a[4]       ; disp3[2]    ; 10.236 ; 10.352 ; 10.352 ; 10.236 ;
; a[4]       ; disp3[3]    ; 10.461 ; 10.249 ; 10.249 ; 10.461 ;
; a[4]       ; disp3[4]    ; 8.747  ; 8.747  ; 8.747  ; 8.747  ;
; a[4]       ; disp3[5]    ; 10.222 ; 10.432 ; 10.432 ; 10.222 ;
; a[4]       ; disp3[6]    ; 10.579 ; 9.192  ; 9.192  ; 10.579 ;
; b[0]       ; disp1[0]    ; 8.069  ; 8.069  ; 8.069  ; 8.069  ;
; b[0]       ; disp1[1]    ; 8.102  ; 8.102  ; 8.102  ; 8.102  ;
; b[0]       ; disp1[2]    ; 9.589  ; 8.414  ; 8.414  ; 9.589  ;
; b[0]       ; disp1[3]    ; 8.327  ; 8.327  ; 8.327  ; 8.327  ;
; b[0]       ; disp1[4]    ; 8.467  ; 9.605  ; 9.605  ; 8.467  ;
; b[0]       ; disp1[5]    ; 8.470  ; 9.614  ; 9.614  ; 8.470  ;
; b[0]       ; disp1[6]    ; 8.698  ; 8.698  ; 8.698  ; 8.698  ;
; b[0]       ; disp2[0]    ; 11.521 ; 11.521 ; 11.521 ; 11.521 ;
; b[0]       ; disp2[1]    ; 11.141 ; 11.141 ; 11.141 ; 11.141 ;
; b[0]       ; disp2[2]    ; 11.142 ; 11.142 ; 11.142 ; 11.142 ;
; b[0]       ; disp2[3]    ; 11.145 ; 11.145 ; 11.145 ; 11.145 ;
; b[0]       ; disp2[4]    ; 11.159 ; 11.159 ; 11.159 ; 11.159 ;
; b[0]       ; disp2[5]    ; 11.402 ; 11.402 ; 11.402 ; 11.402 ;
; b[0]       ; disp2[6]    ; 11.531 ; 11.531 ; 11.531 ; 11.531 ;
; b[0]       ; disp3[0]    ; 12.271 ; 12.271 ; 12.271 ; 12.271 ;
; b[0]       ; disp3[2]    ; 12.639 ; 12.639 ; 12.639 ; 12.639 ;
; b[0]       ; disp3[3]    ; 12.652 ; 12.652 ; 12.652 ; 12.652 ;
; b[0]       ; disp3[4]    ; 11.474 ; 11.474 ; 11.474 ; 11.474 ;
; b[0]       ; disp3[5]    ; 12.625 ; 12.625 ; 12.625 ; 12.625 ;
; b[0]       ; disp3[6]    ; 11.595 ; 11.595 ; 11.595 ; 11.595 ;
; b[1]       ; disp1[0]    ; 9.441  ; 9.441  ; 9.441  ; 9.441  ;
; b[1]       ; disp1[1]    ; 9.475  ; 9.475  ; 9.475  ; 9.475  ;
; b[1]       ; disp1[2]    ; 9.822  ; 9.822  ; 9.822  ; 9.822  ;
; b[1]       ; disp1[3]    ; 9.704  ; 9.704  ; 9.704  ; 9.704  ;
; b[1]       ; disp1[4]    ; 9.841  ; 9.841  ; 9.841  ; 9.841  ;
; b[1]       ; disp1[5]    ; 9.845  ; 9.845  ; 9.845  ; 9.845  ;
; b[1]       ; disp1[6]    ; 10.070 ; 10.070 ; 10.070 ; 10.070 ;
; b[1]       ; disp2[0]    ; 10.619 ; 10.619 ; 10.619 ; 10.619 ;
; b[1]       ; disp2[1]    ; 10.239 ; 10.239 ; 10.239 ; 10.239 ;
; b[1]       ; disp2[2]    ; 10.240 ; 10.240 ; 10.240 ; 10.240 ;
; b[1]       ; disp2[3]    ; 10.242 ; 10.242 ; 10.242 ; 10.242 ;
; b[1]       ; disp2[4]    ; 10.258 ; 10.258 ; 10.258 ; 10.258 ;
; b[1]       ; disp2[5]    ; 10.501 ; 10.501 ; 10.501 ; 10.501 ;
; b[1]       ; disp2[6]    ; 10.630 ; 10.630 ; 10.630 ; 10.630 ;
; b[1]       ; disp3[0]    ; 11.435 ; 11.435 ; 11.435 ; 11.435 ;
; b[1]       ; disp3[2]    ; 11.803 ; 11.803 ; 11.803 ; 11.803 ;
; b[1]       ; disp3[3]    ; 11.816 ; 11.816 ; 11.816 ; 11.816 ;
; b[1]       ; disp3[4]    ; 10.619 ; 10.619 ; 10.619 ; 10.619 ;
; b[1]       ; disp3[5]    ; 11.789 ; 11.789 ; 11.789 ; 11.789 ;
; b[1]       ; disp3[6]    ; 10.759 ; 10.759 ; 10.759 ; 10.759 ;
; b[2]       ; disp1[0]    ; 7.683  ; 7.683  ; 7.683  ; 7.683  ;
; b[2]       ; disp1[1]    ; 7.717  ; 7.717  ; 7.717  ; 7.717  ;
; b[2]       ; disp1[2]    ; 8.064  ; 8.064  ; 8.064  ; 8.064  ;
; b[2]       ; disp1[3]    ; 7.946  ; 7.946  ; 7.946  ; 7.946  ;
; b[2]       ; disp1[4]    ; 8.083  ; 8.083  ; 8.083  ; 8.083  ;
; b[2]       ; disp1[5]    ; 8.087  ; 8.087  ; 8.087  ; 8.087  ;
; b[2]       ; disp1[6]    ; 8.312  ; 8.312  ; 8.312  ; 8.312  ;
; b[2]       ; disp2[0]    ; 9.985  ; 9.985  ; 9.985  ; 9.985  ;
; b[2]       ; disp2[1]    ; 9.605  ; 9.605  ; 9.605  ; 9.605  ;
; b[2]       ; disp2[2]    ; 9.606  ; 9.606  ; 9.606  ; 9.606  ;
; b[2]       ; disp2[3]    ; 9.608  ; 9.608  ; 9.608  ; 9.608  ;
; b[2]       ; disp2[4]    ; 9.624  ; 9.624  ; 9.624  ; 9.624  ;
; b[2]       ; disp2[5]    ; 9.867  ; 9.867  ; 9.867  ; 9.867  ;
; b[2]       ; disp2[6]    ; 9.996  ; 9.996  ; 9.996  ; 9.996  ;
; b[2]       ; disp3[0]    ; 10.523 ; 10.523 ; 10.523 ; 10.523 ;
; b[2]       ; disp3[2]    ; 10.891 ; 10.891 ; 10.891 ; 10.891 ;
; b[2]       ; disp3[3]    ; 10.904 ; 10.904 ; 10.904 ; 10.904 ;
; b[2]       ; disp3[4]    ; 9.632  ; 9.632  ; 9.632  ; 9.632  ;
; b[2]       ; disp3[5]    ; 10.877 ; 10.877 ; 10.877 ; 10.877 ;
; b[2]       ; disp3[6]    ; 9.847  ; 9.847  ; 9.847  ; 9.847  ;
; b[3]       ; disp1[0]    ; 8.992  ; 8.992  ; 8.992  ; 8.992  ;
; b[3]       ; disp1[1]    ; 9.023  ; 9.023  ; 9.023  ; 9.023  ;
; b[3]       ; disp1[2]    ; 9.371  ; 9.371  ; 9.371  ; 9.371  ;
; b[3]       ; disp1[3]    ; 9.226  ; 9.226  ; 9.226  ; 9.226  ;
; b[3]       ; disp1[4]    ; 9.392  ; 9.392  ; 9.392  ; 9.392  ;
; b[3]       ; disp1[5]    ; 9.397  ; 9.397  ; 9.397  ; 9.397  ;
; b[3]       ; disp1[6]    ; 9.623  ; 9.623  ; 9.623  ; 9.623  ;
; b[3]       ; disp2[0]    ; 9.991  ; 9.991  ; 9.991  ; 9.991  ;
; b[3]       ; disp2[1]    ; 9.610  ; 9.610  ; 9.610  ; 9.610  ;
; b[3]       ; disp2[2]    ; 9.611  ; 9.611  ; 9.611  ; 9.611  ;
; b[3]       ; disp2[3]    ; 9.585  ; 9.585  ; 9.585  ; 9.585  ;
; b[3]       ; disp2[4]    ; 9.624  ; 9.624  ; 9.624  ; 9.624  ;
; b[3]       ; disp2[5]    ; 9.872  ; 9.872  ; 9.872  ; 9.872  ;
; b[3]       ; disp2[6]    ; 10.001 ; 10.001 ; 10.001 ; 10.001 ;
; b[3]       ; disp3[0]    ; 10.307 ; 10.307 ; 10.307 ; 10.307 ;
; b[3]       ; disp3[2]    ; 10.675 ; 10.675 ; 10.675 ; 10.675 ;
; b[3]       ; disp3[3]    ; 10.688 ; 10.688 ; 10.688 ; 10.688 ;
; b[3]       ; disp3[4]    ; 9.486  ; 9.486  ; 9.486  ; 9.486  ;
; b[3]       ; disp3[5]    ; 10.661 ; 10.661 ; 10.661 ; 10.661 ;
; b[3]       ; disp3[6]    ; 9.631  ; 9.631  ; 9.631  ; 9.631  ;
; b[4]       ; disp2[0]    ; 7.552  ; 7.552  ; 7.552  ; 7.552  ;
; b[4]       ; disp2[1]    ; 7.172  ; 7.172  ; 7.172  ; 7.172  ;
; b[4]       ; disp2[2]    ; 7.173  ; 7.173  ; 7.173  ; 7.173  ;
; b[4]       ; disp2[3]    ; 7.175  ; 7.175  ; 7.175  ; 7.175  ;
; b[4]       ; disp2[4]    ; 7.191  ; 7.191  ; 7.191  ; 7.191  ;
; b[4]       ; disp2[5]    ; 7.434  ; 7.434  ; 7.434  ; 7.434  ;
; b[4]       ; disp2[6]    ; 7.563  ; 7.563  ; 7.563  ; 7.563  ;
; b[4]       ; disp3[0]    ; 8.743  ; 8.256  ; 8.256  ; 8.743  ;
; b[4]       ; disp3[2]    ; 8.624  ; 9.015  ; 9.015  ; 8.624  ;
; b[4]       ; disp3[3]    ; 9.124  ; 8.637  ; 8.637  ; 9.124  ;
; b[4]       ; disp3[4]    ; 7.410  ; 7.410  ; 7.410  ; 7.410  ;
; b[4]       ; disp3[5]    ; 8.610  ; 9.095  ; 9.095  ; 8.610  ;
; b[4]       ; disp3[6]    ;        ; 7.580  ; 7.580  ;        ;
+------------+-------------+--------+--------+--------+--------+


----------------------------
; Fast Model Setup Summary ;
----------------------------
No paths to report.


---------------------------
; Fast Model Hold Summary ;
---------------------------
No paths to report.


-------------------------------
; Fast Model Recovery Summary ;
-------------------------------
No paths to report.


------------------------------
; Fast Model Removal Summary ;
------------------------------
No paths to report.


------------------------------------------
; Fast Model Minimum Pulse Width Summary ;
------------------------------------------
No paths to report.


+----------------------------------------------------------+
; Propagation Delay                                        ;
+------------+-------------+-------+-------+-------+-------+
; Input Port ; Output Port ; RR    ; RF    ; FR    ; FF    ;
+------------+-------------+-------+-------+-------+-------+
; a[0]       ; disp1[0]    ; 4.851 ; 4.851 ; 4.851 ; 4.851 ;
; a[0]       ; disp1[1]    ; 4.879 ; 4.879 ; 4.879 ; 4.879 ;
; a[0]       ; disp1[2]    ; 5.010 ; 5.010 ; 5.010 ; 5.010 ;
; a[0]       ; disp1[3]    ; 4.961 ; 4.961 ; 4.961 ; 4.961 ;
; a[0]       ; disp1[4]    ; 5.032 ; 5.032 ; 5.032 ; 5.032 ;
; a[0]       ; disp1[5]    ; 5.033 ; 5.033 ; 5.033 ; 5.033 ;
; a[0]       ; disp1[6]    ; 5.104 ; 5.104 ; 5.104 ; 5.104 ;
; a[0]       ; disp2[0]    ; 6.116 ; 6.116 ; 6.116 ; 6.116 ;
; a[0]       ; disp2[1]    ; 5.949 ; 5.949 ; 5.949 ; 5.949 ;
; a[0]       ; disp2[2]    ; 5.947 ; 5.947 ; 5.947 ; 5.947 ;
; a[0]       ; disp2[3]    ; 5.952 ; 5.952 ; 5.952 ; 5.952 ;
; a[0]       ; disp2[4]    ; 5.965 ; 5.965 ; 5.965 ; 5.965 ;
; a[0]       ; disp2[5]    ; 6.061 ; 6.061 ; 6.061 ; 6.061 ;
; a[0]       ; disp2[6]    ; 6.118 ; 6.118 ; 6.118 ; 6.118 ;
; a[0]       ; disp3[0]    ; 6.271 ; 6.271 ; 6.271 ; 6.271 ;
; a[0]       ; disp3[2]    ; 6.424 ; 6.424 ; 6.424 ; 6.424 ;
; a[0]       ; disp3[3]    ; 6.440 ; 6.440 ; 6.440 ; 6.440 ;
; a[0]       ; disp3[4]    ; 5.823 ; 5.823 ; 5.823 ; 5.823 ;
; a[0]       ; disp3[5]    ; 6.406 ; 6.406 ; 6.406 ; 6.406 ;
; a[0]       ; disp3[6]    ; 5.869 ; 5.869 ; 5.869 ; 5.869 ;
; a[1]       ; disp1[0]    ; 5.419 ; 5.419 ; 5.419 ; 5.419 ;
; a[1]       ; disp1[1]    ; 5.447 ; 5.447 ; 5.447 ; 5.447 ;
; a[1]       ; disp1[2]    ; 5.578 ; 5.578 ; 5.578 ; 5.578 ;
; a[1]       ; disp1[3]    ; 5.529 ; 5.529 ; 5.529 ; 5.529 ;
; a[1]       ; disp1[4]    ; 5.600 ; 5.600 ; 5.600 ; 5.600 ;
; a[1]       ; disp1[5]    ; 5.601 ; 5.601 ; 5.601 ; 5.601 ;
; a[1]       ; disp1[6]    ; 5.672 ; 5.672 ; 5.672 ; 5.672 ;
; a[1]       ; disp2[0]    ; 6.679 ; 6.679 ; 6.679 ; 6.679 ;
; a[1]       ; disp2[1]    ; 6.512 ; 6.512 ; 6.512 ; 6.512 ;
; a[1]       ; disp2[2]    ; 6.510 ; 6.510 ; 6.510 ; 6.510 ;
; a[1]       ; disp2[3]    ; 6.515 ; 6.515 ; 6.515 ; 6.515 ;
; a[1]       ; disp2[4]    ; 6.528 ; 6.528 ; 6.528 ; 6.528 ;
; a[1]       ; disp2[5]    ; 6.624 ; 6.624 ; 6.624 ; 6.624 ;
; a[1]       ; disp2[6]    ; 6.681 ; 6.681 ; 6.681 ; 6.681 ;
; a[1]       ; disp3[0]    ; 6.834 ; 6.834 ; 6.834 ; 6.834 ;
; a[1]       ; disp3[2]    ; 6.987 ; 6.987 ; 6.987 ; 6.987 ;
; a[1]       ; disp3[3]    ; 7.003 ; 7.003 ; 7.003 ; 7.003 ;
; a[1]       ; disp3[4]    ; 6.386 ; 6.386 ; 6.386 ; 6.386 ;
; a[1]       ; disp3[5]    ; 6.969 ; 6.969 ; 6.969 ; 6.969 ;
; a[1]       ; disp3[6]    ; 6.432 ; 6.432 ; 6.432 ; 6.432 ;
; a[2]       ; disp1[0]    ; 4.748 ; 4.748 ; 4.748 ; 4.748 ;
; a[2]       ; disp1[1]    ; 4.776 ; 4.776 ; 4.776 ; 4.776 ;
; a[2]       ; disp1[2]    ; 4.907 ; 4.907 ; 4.907 ; 4.907 ;
; a[2]       ; disp1[3]    ; 4.858 ; 4.858 ; 4.858 ; 4.858 ;
; a[2]       ; disp1[4]    ; 4.929 ; 4.929 ; 4.929 ; 4.929 ;
; a[2]       ; disp1[5]    ; 4.930 ; 4.930 ; 4.930 ; 4.930 ;
; a[2]       ; disp1[6]    ; 5.001 ; 5.001 ; 5.001 ; 5.001 ;
; a[2]       ; disp2[0]    ; 6.237 ; 6.237 ; 6.237 ; 6.237 ;
; a[2]       ; disp2[1]    ; 6.070 ; 6.070 ; 6.070 ; 6.070 ;
; a[2]       ; disp2[2]    ; 6.068 ; 6.068 ; 6.068 ; 6.068 ;
; a[2]       ; disp2[3]    ; 6.073 ; 6.073 ; 6.073 ; 6.073 ;
; a[2]       ; disp2[4]    ; 6.086 ; 6.086 ; 6.086 ; 6.086 ;
; a[2]       ; disp2[5]    ; 6.182 ; 6.182 ; 6.182 ; 6.182 ;
; a[2]       ; disp2[6]    ; 6.239 ; 6.239 ; 6.239 ; 6.239 ;
; a[2]       ; disp3[0]    ; 6.392 ; 6.392 ; 6.392 ; 6.392 ;
; a[2]       ; disp3[2]    ; 6.545 ; 6.545 ; 6.545 ; 6.545 ;
; a[2]       ; disp3[3]    ; 6.561 ; 6.561 ; 6.561 ; 6.561 ;
; a[2]       ; disp3[4]    ; 5.944 ; 5.944 ; 5.944 ; 5.944 ;
; a[2]       ; disp3[5]    ; 6.527 ; 6.527 ; 6.527 ; 6.527 ;
; a[2]       ; disp3[6]    ; 5.990 ; 5.990 ; 5.990 ; 5.990 ;
; a[3]       ; disp1[0]    ; 4.520 ; 4.520 ; 4.520 ; 4.520 ;
; a[3]       ; disp1[1]    ; 4.548 ; 4.548 ; 4.548 ; 4.548 ;
; a[3]       ; disp1[2]    ; 4.679 ; 4.679 ; 4.679 ; 4.679 ;
; a[3]       ; disp1[3]    ; 4.630 ; 4.630 ; 4.630 ; 4.630 ;
; a[3]       ; disp1[4]    ; 4.701 ; 4.701 ; 4.701 ; 4.701 ;
; a[3]       ; disp1[5]    ; 4.702 ; 4.702 ; 4.702 ; 4.702 ;
; a[3]       ; disp1[6]    ; 4.773 ; 4.773 ; 4.773 ; 4.773 ;
; a[3]       ; disp2[0]    ; 5.868 ; 5.868 ; 5.868 ; 5.868 ;
; a[3]       ; disp2[1]    ; 5.701 ; 5.701 ; 5.701 ; 5.701 ;
; a[3]       ; disp2[2]    ; 5.699 ; 5.699 ; 5.699 ; 5.699 ;
; a[3]       ; disp2[3]    ; 5.704 ; 5.704 ; 5.704 ; 5.704 ;
; a[3]       ; disp2[4]    ; 5.717 ; 5.717 ; 5.717 ; 5.717 ;
; a[3]       ; disp2[5]    ; 5.813 ; 5.813 ; 5.813 ; 5.813 ;
; a[3]       ; disp2[6]    ; 5.870 ; 5.870 ; 5.870 ; 5.870 ;
; a[3]       ; disp3[0]    ; 6.031 ; 6.031 ; 6.031 ; 6.031 ;
; a[3]       ; disp3[2]    ; 6.184 ; 6.184 ; 6.184 ; 6.184 ;
; a[3]       ; disp3[3]    ; 6.200 ; 6.200 ; 6.200 ; 6.200 ;
; a[3]       ; disp3[4]    ; 5.583 ; 5.583 ; 5.583 ; 5.583 ;
; a[3]       ; disp3[5]    ; 6.166 ; 6.166 ; 6.166 ; 6.166 ;
; a[3]       ; disp3[6]    ; 5.732 ; 5.732 ; 5.732 ; 5.732 ;
; a[4]       ; disp2[0]    ; 5.379 ; 5.379 ; 5.379 ; 5.379 ;
; a[4]       ; disp2[1]    ; 5.212 ; 5.212 ; 5.212 ; 5.212 ;
; a[4]       ; disp2[2]    ; 5.210 ; 5.210 ; 5.210 ; 5.210 ;
; a[4]       ; disp2[3]    ; 5.215 ; 5.215 ; 5.215 ; 5.215 ;
; a[4]       ; disp2[4]    ; 5.228 ; 5.228 ; 5.228 ; 5.228 ;
; a[4]       ; disp2[5]    ; 5.324 ; 5.324 ; 5.324 ; 5.324 ;
; a[4]       ; disp2[6]    ; 5.381 ; 5.381 ; 5.381 ; 5.381 ;
; a[4]       ; disp3[0]    ; 5.613 ; 5.613 ; 5.613 ; 5.613 ;
; a[4]       ; disp3[2]    ; 5.766 ; 5.766 ; 5.766 ; 5.766 ;
; a[4]       ; disp3[3]    ; 5.782 ; 5.782 ; 5.782 ; 5.782 ;
; a[4]       ; disp3[4]    ; 5.165 ; 5.165 ; 5.165 ; 5.165 ;
; a[4]       ; disp3[5]    ; 5.748 ; 5.748 ; 5.748 ; 5.748 ;
; a[4]       ; disp3[6]    ; 5.314 ; 5.314 ; 5.314 ; 5.314 ;
; b[0]       ; disp1[0]    ; 4.760 ; 4.760 ; 4.760 ; 4.760 ;
; b[0]       ; disp1[1]    ; 4.788 ; 4.788 ; 4.788 ; 4.788 ;
; b[0]       ; disp1[2]    ; 4.919 ; 4.919 ; 4.919 ; 4.919 ;
; b[0]       ; disp1[3]    ; 4.870 ; 4.870 ; 4.870 ; 4.870 ;
; b[0]       ; disp1[4]    ; 4.941 ; 4.941 ; 4.941 ; 4.941 ;
; b[0]       ; disp1[5]    ; 4.942 ; 4.942 ; 4.942 ; 4.942 ;
; b[0]       ; disp1[6]    ; 5.013 ; 5.013 ; 5.013 ; 5.013 ;
; b[0]       ; disp2[0]    ; 5.713 ; 5.713 ; 5.713 ; 5.713 ;
; b[0]       ; disp2[1]    ; 5.546 ; 5.546 ; 5.546 ; 5.546 ;
; b[0]       ; disp2[2]    ; 5.544 ; 5.544 ; 5.544 ; 5.544 ;
; b[0]       ; disp2[3]    ; 5.549 ; 5.549 ; 5.549 ; 5.549 ;
; b[0]       ; disp2[4]    ; 5.562 ; 5.562 ; 5.562 ; 5.562 ;
; b[0]       ; disp2[5]    ; 5.658 ; 5.658 ; 5.658 ; 5.658 ;
; b[0]       ; disp2[6]    ; 5.715 ; 5.715 ; 5.715 ; 5.715 ;
; b[0]       ; disp3[0]    ; 5.868 ; 5.868 ; 5.868 ; 5.868 ;
; b[0]       ; disp3[2]    ; 6.021 ; 6.021 ; 6.021 ; 6.021 ;
; b[0]       ; disp3[3]    ; 6.037 ; 6.037 ; 6.037 ; 6.037 ;
; b[0]       ; disp3[4]    ; 5.420 ; 5.420 ; 5.420 ; 5.420 ;
; b[0]       ; disp3[5]    ; 6.003 ; 6.003 ; 6.003 ; 6.003 ;
; b[0]       ; disp3[6]    ; 5.466 ; 5.466 ; 5.466 ; 5.466 ;
; b[1]       ; disp1[0]    ; 4.752 ; 4.752 ; 4.752 ; 4.752 ;
; b[1]       ; disp1[1]    ; 4.780 ; 4.780 ; 4.780 ; 4.780 ;
; b[1]       ; disp1[2]    ; 4.911 ; 4.911 ; 4.911 ; 4.911 ;
; b[1]       ; disp1[3]    ; 4.862 ; 4.862 ; 4.862 ; 4.862 ;
; b[1]       ; disp1[4]    ; 4.933 ; 4.933 ; 4.933 ; 4.933 ;
; b[1]       ; disp1[5]    ; 4.934 ; 4.934 ; 4.934 ; 4.934 ;
; b[1]       ; disp1[6]    ; 5.005 ; 5.005 ; 5.005 ; 5.005 ;
; b[1]       ; disp2[0]    ; 5.705 ; 5.705 ; 5.705 ; 5.705 ;
; b[1]       ; disp2[1]    ; 5.538 ; 5.538 ; 5.538 ; 5.538 ;
; b[1]       ; disp2[2]    ; 5.536 ; 5.536 ; 5.536 ; 5.536 ;
; b[1]       ; disp2[3]    ; 5.541 ; 5.541 ; 5.541 ; 5.541 ;
; b[1]       ; disp2[4]    ; 5.554 ; 5.554 ; 5.554 ; 5.554 ;
; b[1]       ; disp2[5]    ; 5.650 ; 5.650 ; 5.650 ; 5.650 ;
; b[1]       ; disp2[6]    ; 5.707 ; 5.707 ; 5.707 ; 5.707 ;
; b[1]       ; disp3[0]    ; 5.860 ; 5.860 ; 5.860 ; 5.860 ;
; b[1]       ; disp3[2]    ; 6.013 ; 6.013 ; 6.013 ; 6.013 ;
; b[1]       ; disp3[3]    ; 6.029 ; 6.029 ; 6.029 ; 6.029 ;
; b[1]       ; disp3[4]    ; 5.412 ; 5.412 ; 5.412 ; 5.412 ;
; b[1]       ; disp3[5]    ; 5.995 ; 5.995 ; 5.995 ; 5.995 ;
; b[1]       ; disp3[6]    ; 5.458 ; 5.458 ; 5.458 ; 5.458 ;
; b[2]       ; disp1[0]    ; 3.882 ; 3.882 ; 3.882 ; 3.882 ;
; b[2]       ; disp1[1]    ; 3.910 ; 3.910 ; 3.910 ; 3.910 ;
; b[2]       ; disp1[2]    ; 4.041 ; 4.041 ; 4.041 ; 4.041 ;
; b[2]       ; disp1[3]    ; 3.992 ; 3.992 ; 3.992 ; 3.992 ;
; b[2]       ; disp1[4]    ; 4.063 ; 4.063 ; 4.063 ; 4.063 ;
; b[2]       ; disp1[5]    ; 4.064 ; 4.064 ; 4.064 ; 4.064 ;
; b[2]       ; disp1[6]    ; 4.135 ; 4.135 ; 4.135 ; 4.135 ;
; b[2]       ; disp2[0]    ; 5.142 ; 5.142 ; 5.142 ; 5.142 ;
; b[2]       ; disp2[1]    ; 4.975 ; 4.975 ; 4.975 ; 4.975 ;
; b[2]       ; disp2[2]    ; 4.973 ; 4.973 ; 4.973 ; 4.973 ;
; b[2]       ; disp2[3]    ; 4.978 ; 4.978 ; 4.978 ; 4.978 ;
; b[2]       ; disp2[4]    ; 4.991 ; 4.991 ; 4.991 ; 4.991 ;
; b[2]       ; disp2[5]    ; 5.087 ; 5.087 ; 5.087 ; 5.087 ;
; b[2]       ; disp2[6]    ; 5.144 ; 5.144 ; 5.144 ; 5.144 ;
; b[2]       ; disp3[0]    ; 5.297 ; 5.297 ; 5.297 ; 5.297 ;
; b[2]       ; disp3[2]    ; 5.450 ; 5.450 ; 5.450 ; 5.450 ;
; b[2]       ; disp3[3]    ; 5.466 ; 5.466 ; 5.466 ; 5.466 ;
; b[2]       ; disp3[4]    ; 4.849 ; 4.849 ; 4.849 ; 4.849 ;
; b[2]       ; disp3[5]    ; 5.432 ; 5.432 ; 5.432 ; 5.432 ;
; b[2]       ; disp3[6]    ; 4.895 ; 4.895 ; 4.895 ; 4.895 ;
; b[3]       ; disp1[0]    ; 3.899 ; 3.899 ; 3.899 ; 3.899 ;
; b[3]       ; disp1[1]    ; 3.927 ; 3.927 ; 3.927 ; 3.927 ;
; b[3]       ; disp1[2]    ; 4.058 ; 4.058 ; 4.058 ; 4.058 ;
; b[3]       ; disp1[3]    ; 4.009 ; 4.009 ; 4.009 ; 4.009 ;
; b[3]       ; disp1[4]    ; 4.080 ; 4.080 ; 4.080 ; 4.080 ;
; b[3]       ; disp1[5]    ; 4.081 ; 4.081 ; 4.081 ; 4.081 ;
; b[3]       ; disp1[6]    ; 4.152 ; 4.152 ; 4.152 ; 4.152 ;
; b[3]       ; disp2[0]    ; 5.164 ; 5.164 ; 5.164 ; 5.164 ;
; b[3]       ; disp2[1]    ; 4.997 ; 4.997 ; 4.997 ; 4.997 ;
; b[3]       ; disp2[2]    ; 4.995 ; 4.995 ; 4.995 ; 4.995 ;
; b[3]       ; disp2[3]    ; 5.000 ; 5.000 ; 5.000 ; 5.000 ;
; b[3]       ; disp2[4]    ; 5.013 ; 5.013 ; 5.013 ; 5.013 ;
; b[3]       ; disp2[5]    ; 5.109 ; 5.109 ; 5.109 ; 5.109 ;
; b[3]       ; disp2[6]    ; 5.166 ; 5.166 ; 5.166 ; 5.166 ;
; b[3]       ; disp3[0]    ; 5.319 ; 5.319 ; 5.319 ; 5.319 ;
; b[3]       ; disp3[2]    ; 5.472 ; 5.472 ; 5.472 ; 5.472 ;
; b[3]       ; disp3[3]    ; 5.488 ; 5.488 ; 5.488 ; 5.488 ;
; b[3]       ; disp3[4]    ; 4.871 ; 4.871 ; 4.871 ; 4.871 ;
; b[3]       ; disp3[5]    ; 5.454 ; 5.454 ; 5.454 ; 5.454 ;
; b[3]       ; disp3[6]    ; 4.917 ; 4.917 ; 4.917 ; 4.917 ;
; b[4]       ; disp2[0]    ; 4.002 ; 4.002 ; 4.002 ; 4.002 ;
; b[4]       ; disp2[1]    ; 3.835 ; 3.835 ; 3.835 ; 3.835 ;
; b[4]       ; disp2[2]    ; 3.833 ; 3.833 ; 3.833 ; 3.833 ;
; b[4]       ; disp2[3]    ; 3.838 ; 3.838 ; 3.838 ; 3.838 ;
; b[4]       ; disp2[4]    ; 3.851 ; 3.851 ; 3.851 ; 3.851 ;
; b[4]       ; disp2[5]    ; 3.947 ; 3.947 ; 3.947 ; 3.947 ;
; b[4]       ; disp2[6]    ; 4.004 ; 4.004 ; 4.004 ; 4.004 ;
; b[4]       ; disp3[0]    ; 4.157 ; 4.157 ; 4.157 ; 4.157 ;
; b[4]       ; disp3[2]    ; 4.310 ; 4.310 ; 4.310 ; 4.310 ;
; b[4]       ; disp3[3]    ; 4.326 ; 4.326 ; 4.326 ; 4.326 ;
; b[4]       ; disp3[4]    ; 3.709 ; 3.709 ; 3.709 ; 3.709 ;
; b[4]       ; disp3[5]    ; 4.292 ; 4.292 ; 4.292 ; 4.292 ;
; b[4]       ; disp3[6]    ;       ; 3.755 ; 3.755 ;       ;
+------------+-------------+-------+-------+-------+-------+


+----------------------------------------------------------+
; Minimum Propagation Delay                                ;
+------------+-------------+-------+-------+-------+-------+
; Input Port ; Output Port ; RR    ; RF    ; FR    ; FF    ;
+------------+-------------+-------+-------+-------+-------+
; a[0]       ; disp1[0]    ; 3.758 ; 3.758 ; 3.758 ; 3.758 ;
; a[0]       ; disp1[1]    ; 3.783 ; 3.783 ; 3.783 ; 3.783 ;
; a[0]       ; disp1[2]    ; 4.372 ; 3.914 ; 3.914 ; 4.372 ;
; a[0]       ; disp1[3]    ; 3.863 ; 3.863 ; 3.863 ; 3.863 ;
; a[0]       ; disp1[4]    ; 3.941 ; 4.390 ; 4.390 ; 3.941 ;
; a[0]       ; disp1[5]    ; 3.938 ; 4.397 ; 4.397 ; 3.938 ;
; a[0]       ; disp1[6]    ; 4.009 ; 4.009 ; 4.009 ; 4.009 ;
; a[0]       ; disp2[0]    ; 4.399 ; 4.399 ; 4.399 ; 4.399 ;
; a[0]       ; disp2[1]    ; 4.232 ; 4.232 ; 4.232 ; 4.232 ;
; a[0]       ; disp2[2]    ; 4.233 ; 4.233 ; 4.233 ; 4.233 ;
; a[0]       ; disp2[3]    ; 4.233 ; 4.233 ; 4.233 ; 4.233 ;
; a[0]       ; disp2[4]    ; 4.254 ; 4.254 ; 4.254 ; 4.254 ;
; a[0]       ; disp2[5]    ; 4.347 ; 4.347 ; 4.347 ; 4.347 ;
; a[0]       ; disp2[6]    ; 4.404 ; 4.404 ; 4.404 ; 4.404 ;
; a[0]       ; disp3[0]    ; 4.829 ; 4.640 ; 4.640 ; 4.829 ;
; a[0]       ; disp3[2]    ; 4.800 ; 4.982 ; 4.982 ; 4.800 ;
; a[0]       ; disp3[3]    ; 4.998 ; 4.809 ; 4.809 ; 4.998 ;
; a[0]       ; disp3[4]    ; 4.381 ; 4.381 ; 4.381 ; 4.381 ;
; a[0]       ; disp3[5]    ; 4.783 ; 4.964 ; 4.964 ; 4.783 ;
; a[0]       ; disp3[6]    ; 5.199 ; 4.427 ; 4.427 ; 5.199 ;
; a[1]       ; disp1[0]    ; 4.312 ; 4.312 ; 4.312 ; 4.312 ;
; a[1]       ; disp1[1]    ; 4.342 ; 4.342 ; 4.342 ; 4.342 ;
; a[1]       ; disp1[2]    ; 4.467 ; 4.467 ; 4.467 ; 4.467 ;
; a[1]       ; disp1[3]    ; 4.414 ; 4.414 ; 4.414 ; 4.414 ;
; a[1]       ; disp1[4]    ; 4.485 ; 4.485 ; 4.485 ; 4.485 ;
; a[1]       ; disp1[5]    ; 4.492 ; 4.492 ; 4.492 ; 4.492 ;
; a[1]       ; disp1[6]    ; 4.568 ; 4.568 ; 4.568 ; 4.568 ;
; a[1]       ; disp2[0]    ; 4.061 ; 4.061 ; 4.061 ; 4.061 ;
; a[1]       ; disp2[1]    ; 3.897 ; 3.897 ; 3.897 ; 3.897 ;
; a[1]       ; disp2[2]    ; 3.898 ; 3.898 ; 3.898 ; 3.898 ;
; a[1]       ; disp2[3]    ; 3.898 ; 3.898 ; 3.898 ; 3.898 ;
; a[1]       ; disp2[4]    ; 3.915 ; 3.915 ; 3.915 ; 3.915 ;
; a[1]       ; disp2[5]    ; 4.011 ; 4.011 ; 4.011 ; 4.011 ;
; a[1]       ; disp2[6]    ; 4.068 ; 4.068 ; 4.068 ; 4.068 ;
; a[1]       ; disp3[0]    ; 4.509 ; 4.320 ; 4.320 ; 4.509 ;
; a[1]       ; disp3[2]    ; 4.480 ; 4.662 ; 4.662 ; 4.480 ;
; a[1]       ; disp3[3]    ; 4.678 ; 4.489 ; 4.489 ; 4.678 ;
; a[1]       ; disp3[4]    ; 4.061 ; 4.061 ; 4.061 ; 4.061 ;
; a[1]       ; disp3[5]    ; 4.463 ; 4.644 ; 4.644 ; 4.463 ;
; a[1]       ; disp3[6]    ; 5.256 ; 4.107 ; 4.107 ; 5.256 ;
; a[2]       ; disp1[0]    ; 4.390 ; 4.390 ; 4.390 ; 4.390 ;
; a[2]       ; disp1[1]    ; 4.418 ; 4.418 ; 4.418 ; 4.418 ;
; a[2]       ; disp1[2]    ; 4.549 ; 4.549 ; 4.549 ; 4.549 ;
; a[2]       ; disp1[3]    ; 4.500 ; 4.500 ; 4.500 ; 4.500 ;
; a[2]       ; disp1[4]    ; 4.571 ; 4.571 ; 4.571 ; 4.571 ;
; a[2]       ; disp1[5]    ; 4.572 ; 4.572 ; 4.572 ; 4.572 ;
; a[2]       ; disp1[6]    ; 4.643 ; 4.643 ; 4.643 ; 4.643 ;
; a[2]       ; disp2[0]    ; 4.341 ; 4.341 ; 4.341 ; 4.341 ;
; a[2]       ; disp2[1]    ; 4.177 ; 4.177 ; 4.177 ; 4.177 ;
; a[2]       ; disp2[2]    ; 4.178 ; 4.178 ; 4.178 ; 4.178 ;
; a[2]       ; disp2[3]    ; 4.178 ; 4.178 ; 4.178 ; 4.178 ;
; a[2]       ; disp2[4]    ; 4.195 ; 4.195 ; 4.195 ; 4.195 ;
; a[2]       ; disp2[5]    ; 4.291 ; 4.291 ; 4.291 ; 4.291 ;
; a[2]       ; disp2[6]    ; 4.348 ; 4.348 ; 4.348 ; 4.348 ;
; a[2]       ; disp3[0]    ; 4.628 ; 4.439 ; 4.439 ; 4.628 ;
; a[2]       ; disp3[2]    ; 4.599 ; 4.781 ; 4.781 ; 4.599 ;
; a[2]       ; disp3[3]    ; 4.797 ; 4.608 ; 4.608 ; 4.797 ;
; a[2]       ; disp3[4]    ; 4.180 ; 4.180 ; 4.180 ; 4.180 ;
; a[2]       ; disp3[5]    ; 4.582 ; 4.763 ; 4.763 ; 4.582 ;
; a[2]       ; disp3[6]    ; 5.091 ; 4.226 ; 4.226 ; 5.091 ;
; a[3]       ; disp1[0]    ; 4.520 ; 4.520 ; 4.520 ; 4.520 ;
; a[3]       ; disp1[1]    ; 4.548 ; 4.548 ; 4.548 ; 4.548 ;
; a[3]       ; disp1[2]    ; 4.679 ; 4.679 ; 4.679 ; 4.679 ;
; a[3]       ; disp1[3]    ; 4.630 ; 4.630 ; 4.630 ; 4.630 ;
; a[3]       ; disp1[4]    ; 4.701 ; 4.701 ; 4.701 ; 4.701 ;
; a[3]       ; disp1[5]    ; 4.702 ; 4.702 ; 4.702 ; 4.702 ;
; a[3]       ; disp1[6]    ; 4.773 ; 4.773 ; 4.773 ; 4.773 ;
; a[3]       ; disp2[0]    ; 4.182 ; 4.182 ; 4.182 ; 4.182 ;
; a[3]       ; disp2[1]    ; 4.015 ; 4.015 ; 4.015 ; 4.015 ;
; a[3]       ; disp2[2]    ; 4.013 ; 4.013 ; 4.013 ; 4.013 ;
; a[3]       ; disp2[3]    ; 4.018 ; 4.018 ; 4.018 ; 4.018 ;
; a[3]       ; disp2[4]    ; 4.031 ; 4.031 ; 4.031 ; 4.031 ;
; a[3]       ; disp2[5]    ; 4.127 ; 4.127 ; 4.127 ; 4.127 ;
; a[3]       ; disp2[6]    ; 4.184 ; 4.184 ; 4.184 ; 4.184 ;
; a[3]       ; disp3[0]    ; 4.442 ; 4.253 ; 4.253 ; 4.442 ;
; a[3]       ; disp3[2]    ; 4.413 ; 4.595 ; 4.595 ; 4.413 ;
; a[3]       ; disp3[3]    ; 4.611 ; 4.422 ; 4.422 ; 4.611 ;
; a[3]       ; disp3[4]    ; 3.994 ; 3.994 ; 3.994 ; 3.994 ;
; a[3]       ; disp3[5]    ; 4.396 ; 4.577 ; 4.577 ; 4.396 ;
; a[3]       ; disp3[6]    ; 5.221 ; 4.040 ; 4.040 ; 5.221 ;
; a[4]       ; disp2[0]    ; 4.552 ; 4.552 ; 4.552 ; 4.552 ;
; a[4]       ; disp2[1]    ; 4.388 ; 4.388 ; 4.388 ; 4.388 ;
; a[4]       ; disp2[2]    ; 4.389 ; 4.389 ; 4.389 ; 4.389 ;
; a[4]       ; disp2[3]    ; 4.389 ; 4.389 ; 4.389 ; 4.389 ;
; a[4]       ; disp2[4]    ; 4.406 ; 4.406 ; 4.406 ; 4.406 ;
; a[4]       ; disp2[5]    ; 4.502 ; 4.502 ; 4.502 ; 4.502 ;
; a[4]       ; disp2[6]    ; 4.559 ; 4.559 ; 4.559 ; 4.559 ;
; a[4]       ; disp3[0]    ; 4.410 ; 4.326 ; 4.326 ; 4.410 ;
; a[4]       ; disp3[2]    ; 4.486 ; 4.563 ; 4.563 ; 4.486 ;
; a[4]       ; disp3[3]    ; 4.579 ; 4.495 ; 4.495 ; 4.579 ;
; a[4]       ; disp3[4]    ; 3.962 ; 3.962 ; 3.962 ; 3.962 ;
; a[4]       ; disp3[5]    ; 4.469 ; 4.545 ; 4.545 ; 4.469 ;
; a[4]       ; disp3[6]    ; 4.600 ; 4.113 ; 4.113 ; 4.600 ;
; b[0]       ; disp1[0]    ; 3.743 ; 3.743 ; 3.743 ; 3.743 ;
; b[0]       ; disp1[1]    ; 3.768 ; 3.768 ; 3.768 ; 3.768 ;
; b[0]       ; disp1[2]    ; 4.304 ; 3.899 ; 3.899 ; 4.304 ;
; b[0]       ; disp1[3]    ; 3.848 ; 3.848 ; 3.848 ; 3.848 ;
; b[0]       ; disp1[4]    ; 3.926 ; 4.322 ; 4.322 ; 3.926 ;
; b[0]       ; disp1[5]    ; 3.923 ; 4.329 ; 4.329 ; 3.923 ;
; b[0]       ; disp1[6]    ; 3.994 ; 3.994 ; 3.994 ; 3.994 ;
; b[0]       ; disp2[0]    ; 5.018 ; 5.018 ; 5.018 ; 5.018 ;
; b[0]       ; disp2[1]    ; 4.851 ; 4.851 ; 4.851 ; 4.851 ;
; b[0]       ; disp2[2]    ; 4.852 ; 4.852 ; 4.852 ; 4.852 ;
; b[0]       ; disp2[3]    ; 4.852 ; 4.852 ; 4.852 ; 4.852 ;
; b[0]       ; disp2[4]    ; 4.873 ; 4.873 ; 4.873 ; 4.873 ;
; b[0]       ; disp2[5]    ; 4.966 ; 4.966 ; 4.966 ; 4.966 ;
; b[0]       ; disp2[6]    ; 5.023 ; 5.023 ; 5.023 ; 5.023 ;
; b[0]       ; disp3[0]    ; 5.254 ; 5.254 ; 5.254 ; 5.254 ;
; b[0]       ; disp3[2]    ; 5.414 ; 5.414 ; 5.414 ; 5.414 ;
; b[0]       ; disp3[3]    ; 5.423 ; 5.423 ; 5.423 ; 5.423 ;
; b[0]       ; disp3[4]    ; 4.980 ; 4.980 ; 4.980 ; 4.980 ;
; b[0]       ; disp3[5]    ; 5.397 ; 5.397 ; 5.397 ; 5.397 ;
; b[0]       ; disp3[6]    ; 5.041 ; 5.041 ; 5.041 ; 5.041 ;
; b[1]       ; disp1[0]    ; 4.136 ; 4.136 ; 4.136 ; 4.136 ;
; b[1]       ; disp1[1]    ; 4.166 ; 4.166 ; 4.166 ; 4.166 ;
; b[1]       ; disp1[2]    ; 4.291 ; 4.291 ; 4.291 ; 4.291 ;
; b[1]       ; disp1[3]    ; 4.238 ; 4.238 ; 4.238 ; 4.238 ;
; b[1]       ; disp1[4]    ; 4.309 ; 4.309 ; 4.309 ; 4.309 ;
; b[1]       ; disp1[5]    ; 4.316 ; 4.316 ; 4.316 ; 4.316 ;
; b[1]       ; disp1[6]    ; 4.392 ; 4.392 ; 4.392 ; 4.392 ;
; b[1]       ; disp2[0]    ; 4.588 ; 4.588 ; 4.588 ; 4.588 ;
; b[1]       ; disp2[1]    ; 4.424 ; 4.424 ; 4.424 ; 4.424 ;
; b[1]       ; disp2[2]    ; 4.425 ; 4.425 ; 4.425 ; 4.425 ;
; b[1]       ; disp2[3]    ; 4.425 ; 4.425 ; 4.425 ; 4.425 ;
; b[1]       ; disp2[4]    ; 4.442 ; 4.442 ; 4.442 ; 4.442 ;
; b[1]       ; disp2[5]    ; 4.538 ; 4.538 ; 4.538 ; 4.538 ;
; b[1]       ; disp2[6]    ; 4.595 ; 4.595 ; 4.595 ; 4.595 ;
; b[1]       ; disp3[0]    ; 4.849 ; 4.849 ; 4.849 ; 4.849 ;
; b[1]       ; disp3[2]    ; 5.009 ; 5.009 ; 5.009 ; 5.009 ;
; b[1]       ; disp3[3]    ; 5.018 ; 5.018 ; 5.018 ; 5.018 ;
; b[1]       ; disp3[4]    ; 4.573 ; 4.573 ; 4.573 ; 4.573 ;
; b[1]       ; disp3[5]    ; 4.992 ; 4.992 ; 4.992 ; 4.992 ;
; b[1]       ; disp3[6]    ; 4.636 ; 4.636 ; 4.636 ; 4.636 ;
; b[2]       ; disp1[0]    ; 3.434 ; 3.434 ; 3.434 ; 3.434 ;
; b[2]       ; disp1[1]    ; 3.468 ; 3.468 ; 3.468 ; 3.468 ;
; b[2]       ; disp1[2]    ; 3.598 ; 3.598 ; 3.598 ; 3.598 ;
; b[2]       ; disp1[3]    ; 3.547 ; 3.547 ; 3.547 ; 3.547 ;
; b[2]       ; disp1[4]    ; 3.618 ; 3.618 ; 3.618 ; 3.618 ;
; b[2]       ; disp1[5]    ; 3.622 ; 3.622 ; 3.622 ; 3.622 ;
; b[2]       ; disp1[6]    ; 3.692 ; 3.692 ; 3.692 ; 3.692 ;
; b[2]       ; disp2[0]    ; 4.301 ; 4.301 ; 4.301 ; 4.301 ;
; b[2]       ; disp2[1]    ; 4.137 ; 4.137 ; 4.137 ; 4.137 ;
; b[2]       ; disp2[2]    ; 4.138 ; 4.138 ; 4.138 ; 4.138 ;
; b[2]       ; disp2[3]    ; 4.138 ; 4.138 ; 4.138 ; 4.138 ;
; b[2]       ; disp2[4]    ; 4.155 ; 4.155 ; 4.155 ; 4.155 ;
; b[2]       ; disp2[5]    ; 4.251 ; 4.251 ; 4.251 ; 4.251 ;
; b[2]       ; disp2[6]    ; 4.308 ; 4.308 ; 4.308 ; 4.308 ;
; b[2]       ; disp3[0]    ; 4.465 ; 4.465 ; 4.465 ; 4.465 ;
; b[2]       ; disp3[2]    ; 4.625 ; 4.625 ; 4.625 ; 4.625 ;
; b[2]       ; disp3[3]    ; 4.634 ; 4.634 ; 4.634 ; 4.634 ;
; b[2]       ; disp3[4]    ; 4.181 ; 4.181 ; 4.181 ; 4.181 ;
; b[2]       ; disp3[5]    ; 4.608 ; 4.608 ; 4.608 ; 4.608 ;
; b[2]       ; disp3[6]    ; 4.252 ; 4.252 ; 4.252 ; 4.252 ;
; b[3]       ; disp1[0]    ; 3.899 ; 3.899 ; 3.899 ; 3.899 ;
; b[3]       ; disp1[1]    ; 3.927 ; 3.927 ; 3.927 ; 3.927 ;
; b[3]       ; disp1[2]    ; 4.058 ; 4.058 ; 4.058 ; 4.058 ;
; b[3]       ; disp1[3]    ; 4.009 ; 4.009 ; 4.009 ; 4.009 ;
; b[3]       ; disp1[4]    ; 4.080 ; 4.080 ; 4.080 ; 4.080 ;
; b[3]       ; disp1[5]    ; 4.081 ; 4.081 ; 4.081 ; 4.081 ;
; b[3]       ; disp1[6]    ; 4.152 ; 4.152 ; 4.152 ; 4.152 ;
; b[3]       ; disp2[0]    ; 4.282 ; 4.282 ; 4.282 ; 4.282 ;
; b[3]       ; disp2[1]    ; 4.115 ; 4.115 ; 4.115 ; 4.115 ;
; b[3]       ; disp2[2]    ; 4.113 ; 4.113 ; 4.113 ; 4.113 ;
; b[3]       ; disp2[3]    ; 4.118 ; 4.118 ; 4.118 ; 4.118 ;
; b[3]       ; disp2[4]    ; 4.131 ; 4.131 ; 4.131 ; 4.131 ;
; b[3]       ; disp2[5]    ; 4.227 ; 4.227 ; 4.227 ; 4.227 ;
; b[3]       ; disp2[6]    ; 4.284 ; 4.284 ; 4.284 ; 4.284 ;
; b[3]       ; disp3[0]    ; 4.351 ; 4.351 ; 4.351 ; 4.351 ;
; b[3]       ; disp3[2]    ; 4.511 ; 4.511 ; 4.511 ; 4.511 ;
; b[3]       ; disp3[3]    ; 4.520 ; 4.520 ; 4.520 ; 4.520 ;
; b[3]       ; disp3[4]    ; 4.070 ; 4.070 ; 4.070 ; 4.070 ;
; b[3]       ; disp3[5]    ; 4.494 ; 4.494 ; 4.494 ; 4.494 ;
; b[3]       ; disp3[6]    ; 4.138 ; 4.138 ; 4.138 ; 4.138 ;
; b[4]       ; disp2[0]    ; 3.458 ; 3.458 ; 3.458 ; 3.458 ;
; b[4]       ; disp2[1]    ; 3.294 ; 3.294 ; 3.294 ; 3.294 ;
; b[4]       ; disp2[2]    ; 3.295 ; 3.295 ; 3.295 ; 3.295 ;
; b[4]       ; disp2[3]    ; 3.295 ; 3.295 ; 3.295 ; 3.295 ;
; b[4]       ; disp2[4]    ; 3.312 ; 3.312 ; 3.312 ; 3.312 ;
; b[4]       ; disp2[5]    ; 3.408 ; 3.408 ; 3.408 ; 3.408 ;
; b[4]       ; disp2[6]    ; 3.465 ; 3.465 ; 3.465 ; 3.465 ;
; b[4]       ; disp3[0]    ; 3.829 ; 3.661 ; 3.661 ; 3.829 ;
; b[4]       ; disp3[2]    ; 3.821 ; 3.982 ; 3.982 ; 3.821 ;
; b[4]       ; disp3[3]    ; 3.998 ; 3.830 ; 3.830 ; 3.998 ;
; b[4]       ; disp3[4]    ; 3.381 ; 3.381 ; 3.381 ; 3.381 ;
; b[4]       ; disp3[5]    ; 3.804 ; 3.964 ; 3.964 ; 3.804 ;
; b[4]       ; disp3[6]    ;       ; 3.448 ; 3.448 ;       ;
+------------+-------------+-------+-------+-------+-------+


+----------------------------------------------------------------------------+
; Multicorner Timing Analysis Summary                                        ;
+------------------+-------+------+----------+---------+---------------------+
; Clock            ; Setup ; Hold ; Recovery ; Removal ; Minimum Pulse Width ;
+------------------+-------+------+----------+---------+---------------------+
; Worst-case Slack ; N/A   ; N/A  ; N/A      ; N/A     ; N/A                 ;
; Design-wide TNS  ; 0.0   ; 0.0  ; 0.0      ; 0.0     ; 0.0                 ;
+------------------+-------+------+----------+---------+---------------------+


+--------------------------------------------------------------+
; Progagation Delay                                            ;
+------------+-------------+--------+--------+--------+--------+
; Input Port ; Output Port ; RR     ; RF     ; FR     ; FF     ;
+------------+-------------+--------+--------+--------+--------+
; a[0]       ; disp1[0]    ; 11.498 ; 11.498 ; 11.498 ; 11.498 ;
; a[0]       ; disp1[1]    ; 11.529 ; 11.529 ; 11.529 ; 11.529 ;
; a[0]       ; disp1[2]    ; 11.877 ; 11.877 ; 11.877 ; 11.877 ;
; a[0]       ; disp1[3]    ; 11.732 ; 11.732 ; 11.732 ; 11.732 ;
; a[0]       ; disp1[4]    ; 11.898 ; 11.898 ; 11.898 ; 11.898 ;
; a[0]       ; disp1[5]    ; 11.903 ; 11.903 ; 11.903 ; 11.903 ;
; a[0]       ; disp1[6]    ; 12.129 ; 12.129 ; 12.129 ; 12.129 ;
; a[0]       ; disp2[0]    ; 14.801 ; 14.801 ; 14.801 ; 14.801 ;
; a[0]       ; disp2[1]    ; 14.420 ; 14.420 ; 14.420 ; 14.420 ;
; a[0]       ; disp2[2]    ; 14.421 ; 14.421 ; 14.421 ; 14.421 ;
; a[0]       ; disp2[3]    ; 14.395 ; 14.395 ; 14.395 ; 14.395 ;
; a[0]       ; disp2[4]    ; 14.434 ; 14.434 ; 14.434 ; 14.434 ;
; a[0]       ; disp2[5]    ; 14.682 ; 14.682 ; 14.682 ; 14.682 ;
; a[0]       ; disp2[6]    ; 14.811 ; 14.811 ; 14.811 ; 14.811 ;
; a[0]       ; disp3[0]    ; 15.323 ; 15.323 ; 15.323 ; 15.323 ;
; a[0]       ; disp3[2]    ; 15.595 ; 15.595 ; 15.595 ; 15.595 ;
; a[0]       ; disp3[3]    ; 15.704 ; 15.704 ; 15.704 ; 15.704 ;
; a[0]       ; disp3[4]    ; 13.990 ; 13.990 ; 13.990 ; 13.990 ;
; a[0]       ; disp3[5]    ; 15.675 ; 15.675 ; 15.675 ; 15.675 ;
; a[0]       ; disp3[6]    ; 14.084 ; 14.084 ; 14.084 ; 14.084 ;
; a[1]       ; disp1[0]    ; 12.441 ; 12.441 ; 12.441 ; 12.441 ;
; a[1]       ; disp1[1]    ; 12.472 ; 12.472 ; 12.472 ; 12.472 ;
; a[1]       ; disp1[2]    ; 12.820 ; 12.820 ; 12.820 ; 12.820 ;
; a[1]       ; disp1[3]    ; 12.675 ; 12.675 ; 12.675 ; 12.675 ;
; a[1]       ; disp1[4]    ; 12.841 ; 12.841 ; 12.841 ; 12.841 ;
; a[1]       ; disp1[5]    ; 12.846 ; 12.846 ; 12.846 ; 12.846 ;
; a[1]       ; disp1[6]    ; 13.072 ; 13.072 ; 13.072 ; 13.072 ;
; a[1]       ; disp2[0]    ; 15.987 ; 15.987 ; 15.987 ; 15.987 ;
; a[1]       ; disp2[1]    ; 15.606 ; 15.606 ; 15.606 ; 15.606 ;
; a[1]       ; disp2[2]    ; 15.607 ; 15.607 ; 15.607 ; 15.607 ;
; a[1]       ; disp2[3]    ; 15.581 ; 15.581 ; 15.581 ; 15.581 ;
; a[1]       ; disp2[4]    ; 15.620 ; 15.620 ; 15.620 ; 15.620 ;
; a[1]       ; disp2[5]    ; 15.868 ; 15.868 ; 15.868 ; 15.868 ;
; a[1]       ; disp2[6]    ; 15.997 ; 15.997 ; 15.997 ; 15.997 ;
; a[1]       ; disp3[0]    ; 16.509 ; 16.509 ; 16.509 ; 16.509 ;
; a[1]       ; disp3[2]    ; 16.781 ; 16.781 ; 16.781 ; 16.781 ;
; a[1]       ; disp3[3]    ; 16.890 ; 16.890 ; 16.890 ; 16.890 ;
; a[1]       ; disp3[4]    ; 15.176 ; 15.176 ; 15.176 ; 15.176 ;
; a[1]       ; disp3[5]    ; 16.861 ; 16.861 ; 16.861 ; 16.861 ;
; a[1]       ; disp3[6]    ; 15.270 ; 15.270 ; 15.270 ; 15.270 ;
; a[2]       ; disp1[0]    ; 11.078 ; 11.078 ; 11.078 ; 11.078 ;
; a[2]       ; disp1[1]    ; 11.109 ; 11.109 ; 11.109 ; 11.109 ;
; a[2]       ; disp1[2]    ; 11.457 ; 11.457 ; 11.457 ; 11.457 ;
; a[2]       ; disp1[3]    ; 11.312 ; 11.312 ; 11.312 ; 11.312 ;
; a[2]       ; disp1[4]    ; 11.478 ; 11.478 ; 11.478 ; 11.478 ;
; a[2]       ; disp1[5]    ; 11.483 ; 11.483 ; 11.483 ; 11.483 ;
; a[2]       ; disp1[6]    ; 11.709 ; 11.709 ; 11.709 ; 11.709 ;
; a[2]       ; disp2[0]    ; 14.763 ; 14.763 ; 14.763 ; 14.763 ;
; a[2]       ; disp2[1]    ; 14.382 ; 14.382 ; 14.382 ; 14.382 ;
; a[2]       ; disp2[2]    ; 14.383 ; 14.383 ; 14.383 ; 14.383 ;
; a[2]       ; disp2[3]    ; 14.357 ; 14.357 ; 14.357 ; 14.357 ;
; a[2]       ; disp2[4]    ; 14.396 ; 14.396 ; 14.396 ; 14.396 ;
; a[2]       ; disp2[5]    ; 14.644 ; 14.644 ; 14.644 ; 14.644 ;
; a[2]       ; disp2[6]    ; 14.773 ; 14.773 ; 14.773 ; 14.773 ;
; a[2]       ; disp3[0]    ; 15.285 ; 15.285 ; 15.285 ; 15.285 ;
; a[2]       ; disp3[2]    ; 15.557 ; 15.557 ; 15.557 ; 15.557 ;
; a[2]       ; disp3[3]    ; 15.666 ; 15.666 ; 15.666 ; 15.666 ;
; a[2]       ; disp3[4]    ; 13.952 ; 13.952 ; 13.952 ; 13.952 ;
; a[2]       ; disp3[5]    ; 15.637 ; 15.637 ; 15.637 ; 15.637 ;
; a[2]       ; disp3[6]    ; 14.046 ; 14.046 ; 14.046 ; 14.046 ;
; a[3]       ; disp1[0]    ; 10.408 ; 10.408 ; 10.408 ; 10.408 ;
; a[3]       ; disp1[1]    ; 10.439 ; 10.439 ; 10.439 ; 10.439 ;
; a[3]       ; disp1[2]    ; 10.787 ; 10.787 ; 10.787 ; 10.787 ;
; a[3]       ; disp1[3]    ; 10.642 ; 10.642 ; 10.642 ; 10.642 ;
; a[3]       ; disp1[4]    ; 10.808 ; 10.808 ; 10.808 ; 10.808 ;
; a[3]       ; disp1[5]    ; 10.813 ; 10.813 ; 10.813 ; 10.813 ;
; a[3]       ; disp1[6]    ; 11.039 ; 11.039 ; 11.039 ; 11.039 ;
; a[3]       ; disp2[0]    ; 14.076 ; 14.076 ; 14.076 ; 14.076 ;
; a[3]       ; disp2[1]    ; 13.695 ; 13.695 ; 13.695 ; 13.695 ;
; a[3]       ; disp2[2]    ; 13.696 ; 13.696 ; 13.696 ; 13.696 ;
; a[3]       ; disp2[3]    ; 13.670 ; 13.670 ; 13.670 ; 13.670 ;
; a[3]       ; disp2[4]    ; 13.709 ; 13.709 ; 13.709 ; 13.709 ;
; a[3]       ; disp2[5]    ; 13.957 ; 13.957 ; 13.957 ; 13.957 ;
; a[3]       ; disp2[6]    ; 14.086 ; 14.086 ; 14.086 ; 14.086 ;
; a[3]       ; disp3[0]    ; 14.618 ; 14.618 ; 14.618 ; 14.618 ;
; a[3]       ; disp3[2]    ; 14.890 ; 14.890 ; 14.890 ; 14.890 ;
; a[3]       ; disp3[3]    ; 14.999 ; 14.999 ; 14.999 ; 14.999 ;
; a[3]       ; disp3[4]    ; 13.285 ; 13.285 ; 13.285 ; 13.285 ;
; a[3]       ; disp3[5]    ; 14.970 ; 14.970 ; 14.970 ; 14.970 ;
; a[3]       ; disp3[6]    ; 13.731 ; 13.731 ; 13.731 ; 13.731 ;
; a[4]       ; disp2[0]    ; 12.905 ; 12.905 ; 12.905 ; 12.905 ;
; a[4]       ; disp2[1]    ; 12.524 ; 12.524 ; 12.524 ; 12.524 ;
; a[4]       ; disp2[2]    ; 12.525 ; 12.525 ; 12.525 ; 12.525 ;
; a[4]       ; disp2[3]    ; 12.499 ; 12.499 ; 12.499 ; 12.499 ;
; a[4]       ; disp2[4]    ; 12.538 ; 12.538 ; 12.538 ; 12.538 ;
; a[4]       ; disp2[5]    ; 12.786 ; 12.786 ; 12.786 ; 12.786 ;
; a[4]       ; disp2[6]    ; 12.915 ; 12.915 ; 12.915 ; 12.915 ;
; a[4]       ; disp3[0]    ; 13.591 ; 13.591 ; 13.591 ; 13.591 ;
; a[4]       ; disp3[2]    ; 13.863 ; 13.863 ; 13.863 ; 13.863 ;
; a[4]       ; disp3[3]    ; 13.972 ; 13.972 ; 13.972 ; 13.972 ;
; a[4]       ; disp3[4]    ; 12.258 ; 12.258 ; 12.258 ; 12.258 ;
; a[4]       ; disp3[5]    ; 13.943 ; 13.943 ; 13.943 ; 13.943 ;
; a[4]       ; disp3[6]    ; 12.704 ; 12.704 ; 12.704 ; 12.704 ;
; b[0]       ; disp1[0]    ; 11.031 ; 11.031 ; 11.031 ; 11.031 ;
; b[0]       ; disp1[1]    ; 11.062 ; 11.062 ; 11.062 ; 11.062 ;
; b[0]       ; disp1[2]    ; 11.410 ; 11.410 ; 11.410 ; 11.410 ;
; b[0]       ; disp1[3]    ; 11.265 ; 11.265 ; 11.265 ; 11.265 ;
; b[0]       ; disp1[4]    ; 11.431 ; 11.431 ; 11.431 ; 11.431 ;
; b[0]       ; disp1[5]    ; 11.436 ; 11.436 ; 11.436 ; 11.436 ;
; b[0]       ; disp1[6]    ; 11.662 ; 11.662 ; 11.662 ; 11.662 ;
; b[0]       ; disp2[0]    ; 13.584 ; 13.584 ; 13.584 ; 13.584 ;
; b[0]       ; disp2[1]    ; 13.203 ; 13.203 ; 13.203 ; 13.203 ;
; b[0]       ; disp2[2]    ; 13.204 ; 13.204 ; 13.204 ; 13.204 ;
; b[0]       ; disp2[3]    ; 13.178 ; 13.178 ; 13.178 ; 13.178 ;
; b[0]       ; disp2[4]    ; 13.217 ; 13.217 ; 13.217 ; 13.217 ;
; b[0]       ; disp2[5]    ; 13.465 ; 13.465 ; 13.465 ; 13.465 ;
; b[0]       ; disp2[6]    ; 13.594 ; 13.594 ; 13.594 ; 13.594 ;
; b[0]       ; disp3[0]    ; 14.106 ; 14.106 ; 14.106 ; 14.106 ;
; b[0]       ; disp3[2]    ; 14.378 ; 14.378 ; 14.378 ; 14.378 ;
; b[0]       ; disp3[3]    ; 14.487 ; 14.487 ; 14.487 ; 14.487 ;
; b[0]       ; disp3[4]    ; 12.773 ; 12.773 ; 12.773 ; 12.773 ;
; b[0]       ; disp3[5]    ; 14.458 ; 14.458 ; 14.458 ; 14.458 ;
; b[0]       ; disp3[6]    ; 12.867 ; 12.867 ; 12.867 ; 12.867 ;
; b[1]       ; disp1[0]    ; 11.295 ; 11.295 ; 11.295 ; 11.295 ;
; b[1]       ; disp1[1]    ; 11.326 ; 11.326 ; 11.326 ; 11.326 ;
; b[1]       ; disp1[2]    ; 11.674 ; 11.674 ; 11.674 ; 11.674 ;
; b[1]       ; disp1[3]    ; 11.529 ; 11.529 ; 11.529 ; 11.529 ;
; b[1]       ; disp1[4]    ; 11.695 ; 11.695 ; 11.695 ; 11.695 ;
; b[1]       ; disp1[5]    ; 11.700 ; 11.700 ; 11.700 ; 11.700 ;
; b[1]       ; disp1[6]    ; 11.926 ; 11.926 ; 11.926 ; 11.926 ;
; b[1]       ; disp2[0]    ; 13.848 ; 13.848 ; 13.848 ; 13.848 ;
; b[1]       ; disp2[1]    ; 13.467 ; 13.467 ; 13.467 ; 13.467 ;
; b[1]       ; disp2[2]    ; 13.468 ; 13.468 ; 13.468 ; 13.468 ;
; b[1]       ; disp2[3]    ; 13.442 ; 13.442 ; 13.442 ; 13.442 ;
; b[1]       ; disp2[4]    ; 13.481 ; 13.481 ; 13.481 ; 13.481 ;
; b[1]       ; disp2[5]    ; 13.729 ; 13.729 ; 13.729 ; 13.729 ;
; b[1]       ; disp2[6]    ; 13.858 ; 13.858 ; 13.858 ; 13.858 ;
; b[1]       ; disp3[0]    ; 14.370 ; 14.370 ; 14.370 ; 14.370 ;
; b[1]       ; disp3[2]    ; 14.642 ; 14.642 ; 14.642 ; 14.642 ;
; b[1]       ; disp3[3]    ; 14.751 ; 14.751 ; 14.751 ; 14.751 ;
; b[1]       ; disp3[4]    ; 13.037 ; 13.037 ; 13.037 ; 13.037 ;
; b[1]       ; disp3[5]    ; 14.722 ; 14.722 ; 14.722 ; 14.722 ;
; b[1]       ; disp3[6]    ; 13.131 ; 13.131 ; 13.131 ; 13.131 ;
; b[2]       ; disp1[0]    ; 8.938  ; 8.938  ; 8.938  ; 8.938  ;
; b[2]       ; disp1[1]    ; 8.969  ; 8.969  ; 8.969  ; 8.969  ;
; b[2]       ; disp1[2]    ; 9.317  ; 9.317  ; 9.317  ; 9.317  ;
; b[2]       ; disp1[3]    ; 9.172  ; 9.172  ; 9.172  ; 9.172  ;
; b[2]       ; disp1[4]    ; 9.338  ; 9.338  ; 9.338  ; 9.338  ;
; b[2]       ; disp1[5]    ; 9.343  ; 9.343  ; 9.343  ; 9.343  ;
; b[2]       ; disp1[6]    ; 9.569  ; 9.569  ; 9.569  ; 9.569  ;
; b[2]       ; disp2[0]    ; 12.484 ; 12.484 ; 12.484 ; 12.484 ;
; b[2]       ; disp2[1]    ; 12.103 ; 12.103 ; 12.103 ; 12.103 ;
; b[2]       ; disp2[2]    ; 12.104 ; 12.104 ; 12.104 ; 12.104 ;
; b[2]       ; disp2[3]    ; 12.078 ; 12.078 ; 12.078 ; 12.078 ;
; b[2]       ; disp2[4]    ; 12.117 ; 12.117 ; 12.117 ; 12.117 ;
; b[2]       ; disp2[5]    ; 12.365 ; 12.365 ; 12.365 ; 12.365 ;
; b[2]       ; disp2[6]    ; 12.494 ; 12.494 ; 12.494 ; 12.494 ;
; b[2]       ; disp3[0]    ; 13.006 ; 13.006 ; 13.006 ; 13.006 ;
; b[2]       ; disp3[2]    ; 13.278 ; 13.278 ; 13.278 ; 13.278 ;
; b[2]       ; disp3[3]    ; 13.387 ; 13.387 ; 13.387 ; 13.387 ;
; b[2]       ; disp3[4]    ; 11.673 ; 11.673 ; 11.673 ; 11.673 ;
; b[2]       ; disp3[5]    ; 13.358 ; 13.358 ; 13.358 ; 13.358 ;
; b[2]       ; disp3[6]    ; 11.767 ; 11.767 ; 11.767 ; 11.767 ;
; b[3]       ; disp1[0]    ; 8.992  ; 8.992  ; 8.992  ; 8.992  ;
; b[3]       ; disp1[1]    ; 9.023  ; 9.023  ; 9.023  ; 9.023  ;
; b[3]       ; disp1[2]    ; 9.371  ; 9.371  ; 9.371  ; 9.371  ;
; b[3]       ; disp1[3]    ; 9.226  ; 9.226  ; 9.226  ; 9.226  ;
; b[3]       ; disp1[4]    ; 9.392  ; 9.392  ; 9.392  ; 9.392  ;
; b[3]       ; disp1[5]    ; 9.397  ; 9.397  ; 9.397  ; 9.397  ;
; b[3]       ; disp1[6]    ; 9.623  ; 9.623  ; 9.623  ; 9.623  ;
; b[3]       ; disp2[0]    ; 12.537 ; 12.537 ; 12.537 ; 12.537 ;
; b[3]       ; disp2[1]    ; 12.156 ; 12.156 ; 12.156 ; 12.156 ;
; b[3]       ; disp2[2]    ; 12.157 ; 12.157 ; 12.157 ; 12.157 ;
; b[3]       ; disp2[3]    ; 12.131 ; 12.131 ; 12.131 ; 12.131 ;
; b[3]       ; disp2[4]    ; 12.170 ; 12.170 ; 12.170 ; 12.170 ;
; b[3]       ; disp2[5]    ; 12.418 ; 12.418 ; 12.418 ; 12.418 ;
; b[3]       ; disp2[6]    ; 12.547 ; 12.547 ; 12.547 ; 12.547 ;
; b[3]       ; disp3[0]    ; 13.059 ; 13.059 ; 13.059 ; 13.059 ;
; b[3]       ; disp3[2]    ; 13.331 ; 13.331 ; 13.331 ; 13.331 ;
; b[3]       ; disp3[3]    ; 13.440 ; 13.440 ; 13.440 ; 13.440 ;
; b[3]       ; disp3[4]    ; 11.726 ; 11.726 ; 11.726 ; 11.726 ;
; b[3]       ; disp3[5]    ; 13.411 ; 13.411 ; 13.411 ; 13.411 ;
; b[3]       ; disp3[6]    ; 11.820 ; 11.820 ; 11.820 ; 11.820 ;
; b[4]       ; disp2[0]    ; 9.093  ; 9.093  ; 9.093  ; 9.093  ;
; b[4]       ; disp2[1]    ; 8.712  ; 8.712  ; 8.712  ; 8.712  ;
; b[4]       ; disp2[2]    ; 8.713  ; 8.713  ; 8.713  ; 8.713  ;
; b[4]       ; disp2[3]    ; 8.687  ; 8.687  ; 8.687  ; 8.687  ;
; b[4]       ; disp2[4]    ; 8.726  ; 8.726  ; 8.726  ; 8.726  ;
; b[4]       ; disp2[5]    ; 8.974  ; 8.974  ; 8.974  ; 8.974  ;
; b[4]       ; disp2[6]    ; 9.103  ; 9.103  ; 9.103  ; 9.103  ;
; b[4]       ; disp3[0]    ; 9.615  ; 9.615  ; 9.615  ; 9.615  ;
; b[4]       ; disp3[2]    ; 9.887  ; 9.887  ; 9.887  ; 9.887  ;
; b[4]       ; disp3[3]    ; 9.996  ; 9.996  ; 9.996  ; 9.996  ;
; b[4]       ; disp3[4]    ; 8.282  ; 8.282  ; 8.282  ; 8.282  ;
; b[4]       ; disp3[5]    ; 9.967  ; 9.967  ; 9.967  ; 9.967  ;
; b[4]       ; disp3[6]    ;        ; 8.376  ; 8.376  ;        ;
+------------+-------------+--------+--------+--------+--------+


+----------------------------------------------------------+
; Minimum Progagation Delay                                ;
+------------+-------------+-------+-------+-------+-------+
; Input Port ; Output Port ; RR    ; RF    ; FR    ; FF    ;
+------------+-------------+-------+-------+-------+-------+
; a[0]       ; disp1[0]    ; 3.758 ; 3.758 ; 3.758 ; 3.758 ;
; a[0]       ; disp1[1]    ; 3.783 ; 3.783 ; 3.783 ; 3.783 ;
; a[0]       ; disp1[2]    ; 4.372 ; 3.914 ; 3.914 ; 4.372 ;
; a[0]       ; disp1[3]    ; 3.863 ; 3.863 ; 3.863 ; 3.863 ;
; a[0]       ; disp1[4]    ; 3.941 ; 4.390 ; 4.390 ; 3.941 ;
; a[0]       ; disp1[5]    ; 3.938 ; 4.397 ; 4.397 ; 3.938 ;
; a[0]       ; disp1[6]    ; 4.009 ; 4.009 ; 4.009 ; 4.009 ;
; a[0]       ; disp2[0]    ; 4.399 ; 4.399 ; 4.399 ; 4.399 ;
; a[0]       ; disp2[1]    ; 4.232 ; 4.232 ; 4.232 ; 4.232 ;
; a[0]       ; disp2[2]    ; 4.233 ; 4.233 ; 4.233 ; 4.233 ;
; a[0]       ; disp2[3]    ; 4.233 ; 4.233 ; 4.233 ; 4.233 ;
; a[0]       ; disp2[4]    ; 4.254 ; 4.254 ; 4.254 ; 4.254 ;
; a[0]       ; disp2[5]    ; 4.347 ; 4.347 ; 4.347 ; 4.347 ;
; a[0]       ; disp2[6]    ; 4.404 ; 4.404 ; 4.404 ; 4.404 ;
; a[0]       ; disp3[0]    ; 4.829 ; 4.640 ; 4.640 ; 4.829 ;
; a[0]       ; disp3[2]    ; 4.800 ; 4.982 ; 4.982 ; 4.800 ;
; a[0]       ; disp3[3]    ; 4.998 ; 4.809 ; 4.809 ; 4.998 ;
; a[0]       ; disp3[4]    ; 4.381 ; 4.381 ; 4.381 ; 4.381 ;
; a[0]       ; disp3[5]    ; 4.783 ; 4.964 ; 4.964 ; 4.783 ;
; a[0]       ; disp3[6]    ; 5.199 ; 4.427 ; 4.427 ; 5.199 ;
; a[1]       ; disp1[0]    ; 4.312 ; 4.312 ; 4.312 ; 4.312 ;
; a[1]       ; disp1[1]    ; 4.342 ; 4.342 ; 4.342 ; 4.342 ;
; a[1]       ; disp1[2]    ; 4.467 ; 4.467 ; 4.467 ; 4.467 ;
; a[1]       ; disp1[3]    ; 4.414 ; 4.414 ; 4.414 ; 4.414 ;
; a[1]       ; disp1[4]    ; 4.485 ; 4.485 ; 4.485 ; 4.485 ;
; a[1]       ; disp1[5]    ; 4.492 ; 4.492 ; 4.492 ; 4.492 ;
; a[1]       ; disp1[6]    ; 4.568 ; 4.568 ; 4.568 ; 4.568 ;
; a[1]       ; disp2[0]    ; 4.061 ; 4.061 ; 4.061 ; 4.061 ;
; a[1]       ; disp2[1]    ; 3.897 ; 3.897 ; 3.897 ; 3.897 ;
; a[1]       ; disp2[2]    ; 3.898 ; 3.898 ; 3.898 ; 3.898 ;
; a[1]       ; disp2[3]    ; 3.898 ; 3.898 ; 3.898 ; 3.898 ;
; a[1]       ; disp2[4]    ; 3.915 ; 3.915 ; 3.915 ; 3.915 ;
; a[1]       ; disp2[5]    ; 4.011 ; 4.011 ; 4.011 ; 4.011 ;
; a[1]       ; disp2[6]    ; 4.068 ; 4.068 ; 4.068 ; 4.068 ;
; a[1]       ; disp3[0]    ; 4.509 ; 4.320 ; 4.320 ; 4.509 ;
; a[1]       ; disp3[2]    ; 4.480 ; 4.662 ; 4.662 ; 4.480 ;
; a[1]       ; disp3[3]    ; 4.678 ; 4.489 ; 4.489 ; 4.678 ;
; a[1]       ; disp3[4]    ; 4.061 ; 4.061 ; 4.061 ; 4.061 ;
; a[1]       ; disp3[5]    ; 4.463 ; 4.644 ; 4.644 ; 4.463 ;
; a[1]       ; disp3[6]    ; 5.256 ; 4.107 ; 4.107 ; 5.256 ;
; a[2]       ; disp1[0]    ; 4.390 ; 4.390 ; 4.390 ; 4.390 ;
; a[2]       ; disp1[1]    ; 4.418 ; 4.418 ; 4.418 ; 4.418 ;
; a[2]       ; disp1[2]    ; 4.549 ; 4.549 ; 4.549 ; 4.549 ;
; a[2]       ; disp1[3]    ; 4.500 ; 4.500 ; 4.500 ; 4.500 ;
; a[2]       ; disp1[4]    ; 4.571 ; 4.571 ; 4.571 ; 4.571 ;
; a[2]       ; disp1[5]    ; 4.572 ; 4.572 ; 4.572 ; 4.572 ;
; a[2]       ; disp1[6]    ; 4.643 ; 4.643 ; 4.643 ; 4.643 ;
; a[2]       ; disp2[0]    ; 4.341 ; 4.341 ; 4.341 ; 4.341 ;
; a[2]       ; disp2[1]    ; 4.177 ; 4.177 ; 4.177 ; 4.177 ;
; a[2]       ; disp2[2]    ; 4.178 ; 4.178 ; 4.178 ; 4.178 ;
; a[2]       ; disp2[3]    ; 4.178 ; 4.178 ; 4.178 ; 4.178 ;
; a[2]       ; disp2[4]    ; 4.195 ; 4.195 ; 4.195 ; 4.195 ;
; a[2]       ; disp2[5]    ; 4.291 ; 4.291 ; 4.291 ; 4.291 ;
; a[2]       ; disp2[6]    ; 4.348 ; 4.348 ; 4.348 ; 4.348 ;
; a[2]       ; disp3[0]    ; 4.628 ; 4.439 ; 4.439 ; 4.628 ;
; a[2]       ; disp3[2]    ; 4.599 ; 4.781 ; 4.781 ; 4.599 ;
; a[2]       ; disp3[3]    ; 4.797 ; 4.608 ; 4.608 ; 4.797 ;
; a[2]       ; disp3[4]    ; 4.180 ; 4.180 ; 4.180 ; 4.180 ;
; a[2]       ; disp3[5]    ; 4.582 ; 4.763 ; 4.763 ; 4.582 ;
; a[2]       ; disp3[6]    ; 5.091 ; 4.226 ; 4.226 ; 5.091 ;
; a[3]       ; disp1[0]    ; 4.520 ; 4.520 ; 4.520 ; 4.520 ;
; a[3]       ; disp1[1]    ; 4.548 ; 4.548 ; 4.548 ; 4.548 ;
; a[3]       ; disp1[2]    ; 4.679 ; 4.679 ; 4.679 ; 4.679 ;
; a[3]       ; disp1[3]    ; 4.630 ; 4.630 ; 4.630 ; 4.630 ;
; a[3]       ; disp1[4]    ; 4.701 ; 4.701 ; 4.701 ; 4.701 ;
; a[3]       ; disp1[5]    ; 4.702 ; 4.702 ; 4.702 ; 4.702 ;
; a[3]       ; disp1[6]    ; 4.773 ; 4.773 ; 4.773 ; 4.773 ;
; a[3]       ; disp2[0]    ; 4.182 ; 4.182 ; 4.182 ; 4.182 ;
; a[3]       ; disp2[1]    ; 4.015 ; 4.015 ; 4.015 ; 4.015 ;
; a[3]       ; disp2[2]    ; 4.013 ; 4.013 ; 4.013 ; 4.013 ;
; a[3]       ; disp2[3]    ; 4.018 ; 4.018 ; 4.018 ; 4.018 ;
; a[3]       ; disp2[4]    ; 4.031 ; 4.031 ; 4.031 ; 4.031 ;
; a[3]       ; disp2[5]    ; 4.127 ; 4.127 ; 4.127 ; 4.127 ;
; a[3]       ; disp2[6]    ; 4.184 ; 4.184 ; 4.184 ; 4.184 ;
; a[3]       ; disp3[0]    ; 4.442 ; 4.253 ; 4.253 ; 4.442 ;
; a[3]       ; disp3[2]    ; 4.413 ; 4.595 ; 4.595 ; 4.413 ;
; a[3]       ; disp3[3]    ; 4.611 ; 4.422 ; 4.422 ; 4.611 ;
; a[3]       ; disp3[4]    ; 3.994 ; 3.994 ; 3.994 ; 3.994 ;
; a[3]       ; disp3[5]    ; 4.396 ; 4.577 ; 4.577 ; 4.396 ;
; a[3]       ; disp3[6]    ; 5.221 ; 4.040 ; 4.040 ; 5.221 ;
; a[4]       ; disp2[0]    ; 4.552 ; 4.552 ; 4.552 ; 4.552 ;
; a[4]       ; disp2[1]    ; 4.388 ; 4.388 ; 4.388 ; 4.388 ;
; a[4]       ; disp2[2]    ; 4.389 ; 4.389 ; 4.389 ; 4.389 ;
; a[4]       ; disp2[3]    ; 4.389 ; 4.389 ; 4.389 ; 4.389 ;
; a[4]       ; disp2[4]    ; 4.406 ; 4.406 ; 4.406 ; 4.406 ;
; a[4]       ; disp2[5]    ; 4.502 ; 4.502 ; 4.502 ; 4.502 ;
; a[4]       ; disp2[6]    ; 4.559 ; 4.559 ; 4.559 ; 4.559 ;
; a[4]       ; disp3[0]    ; 4.410 ; 4.326 ; 4.326 ; 4.410 ;
; a[4]       ; disp3[2]    ; 4.486 ; 4.563 ; 4.563 ; 4.486 ;
; a[4]       ; disp3[3]    ; 4.579 ; 4.495 ; 4.495 ; 4.579 ;
; a[4]       ; disp3[4]    ; 3.962 ; 3.962 ; 3.962 ; 3.962 ;
; a[4]       ; disp3[5]    ; 4.469 ; 4.545 ; 4.545 ; 4.469 ;
; a[4]       ; disp3[6]    ; 4.600 ; 4.113 ; 4.113 ; 4.600 ;
; b[0]       ; disp1[0]    ; 3.743 ; 3.743 ; 3.743 ; 3.743 ;
; b[0]       ; disp1[1]    ; 3.768 ; 3.768 ; 3.768 ; 3.768 ;
; b[0]       ; disp1[2]    ; 4.304 ; 3.899 ; 3.899 ; 4.304 ;
; b[0]       ; disp1[3]    ; 3.848 ; 3.848 ; 3.848 ; 3.848 ;
; b[0]       ; disp1[4]    ; 3.926 ; 4.322 ; 4.322 ; 3.926 ;
; b[0]       ; disp1[5]    ; 3.923 ; 4.329 ; 4.329 ; 3.923 ;
; b[0]       ; disp1[6]    ; 3.994 ; 3.994 ; 3.994 ; 3.994 ;
; b[0]       ; disp2[0]    ; 5.018 ; 5.018 ; 5.018 ; 5.018 ;
; b[0]       ; disp2[1]    ; 4.851 ; 4.851 ; 4.851 ; 4.851 ;
; b[0]       ; disp2[2]    ; 4.852 ; 4.852 ; 4.852 ; 4.852 ;
; b[0]       ; disp2[3]    ; 4.852 ; 4.852 ; 4.852 ; 4.852 ;
; b[0]       ; disp2[4]    ; 4.873 ; 4.873 ; 4.873 ; 4.873 ;
; b[0]       ; disp2[5]    ; 4.966 ; 4.966 ; 4.966 ; 4.966 ;
; b[0]       ; disp2[6]    ; 5.023 ; 5.023 ; 5.023 ; 5.023 ;
; b[0]       ; disp3[0]    ; 5.254 ; 5.254 ; 5.254 ; 5.254 ;
; b[0]       ; disp3[2]    ; 5.414 ; 5.414 ; 5.414 ; 5.414 ;
; b[0]       ; disp3[3]    ; 5.423 ; 5.423 ; 5.423 ; 5.423 ;
; b[0]       ; disp3[4]    ; 4.980 ; 4.980 ; 4.980 ; 4.980 ;
; b[0]       ; disp3[5]    ; 5.397 ; 5.397 ; 5.397 ; 5.397 ;
; b[0]       ; disp3[6]    ; 5.041 ; 5.041 ; 5.041 ; 5.041 ;
; b[1]       ; disp1[0]    ; 4.136 ; 4.136 ; 4.136 ; 4.136 ;
; b[1]       ; disp1[1]    ; 4.166 ; 4.166 ; 4.166 ; 4.166 ;
; b[1]       ; disp1[2]    ; 4.291 ; 4.291 ; 4.291 ; 4.291 ;
; b[1]       ; disp1[3]    ; 4.238 ; 4.238 ; 4.238 ; 4.238 ;
; b[1]       ; disp1[4]    ; 4.309 ; 4.309 ; 4.309 ; 4.309 ;
; b[1]       ; disp1[5]    ; 4.316 ; 4.316 ; 4.316 ; 4.316 ;
; b[1]       ; disp1[6]    ; 4.392 ; 4.392 ; 4.392 ; 4.392 ;
; b[1]       ; disp2[0]    ; 4.588 ; 4.588 ; 4.588 ; 4.588 ;
; b[1]       ; disp2[1]    ; 4.424 ; 4.424 ; 4.424 ; 4.424 ;
; b[1]       ; disp2[2]    ; 4.425 ; 4.425 ; 4.425 ; 4.425 ;
; b[1]       ; disp2[3]    ; 4.425 ; 4.425 ; 4.425 ; 4.425 ;
; b[1]       ; disp2[4]    ; 4.442 ; 4.442 ; 4.442 ; 4.442 ;
; b[1]       ; disp2[5]    ; 4.538 ; 4.538 ; 4.538 ; 4.538 ;
; b[1]       ; disp2[6]    ; 4.595 ; 4.595 ; 4.595 ; 4.595 ;
; b[1]       ; disp3[0]    ; 4.849 ; 4.849 ; 4.849 ; 4.849 ;
; b[1]       ; disp3[2]    ; 5.009 ; 5.009 ; 5.009 ; 5.009 ;
; b[1]       ; disp3[3]    ; 5.018 ; 5.018 ; 5.018 ; 5.018 ;
; b[1]       ; disp3[4]    ; 4.573 ; 4.573 ; 4.573 ; 4.573 ;
; b[1]       ; disp3[5]    ; 4.992 ; 4.992 ; 4.992 ; 4.992 ;
; b[1]       ; disp3[6]    ; 4.636 ; 4.636 ; 4.636 ; 4.636 ;
; b[2]       ; disp1[0]    ; 3.434 ; 3.434 ; 3.434 ; 3.434 ;
; b[2]       ; disp1[1]    ; 3.468 ; 3.468 ; 3.468 ; 3.468 ;
; b[2]       ; disp1[2]    ; 3.598 ; 3.598 ; 3.598 ; 3.598 ;
; b[2]       ; disp1[3]    ; 3.547 ; 3.547 ; 3.547 ; 3.547 ;
; b[2]       ; disp1[4]    ; 3.618 ; 3.618 ; 3.618 ; 3.618 ;
; b[2]       ; disp1[5]    ; 3.622 ; 3.622 ; 3.622 ; 3.622 ;
; b[2]       ; disp1[6]    ; 3.692 ; 3.692 ; 3.692 ; 3.692 ;
; b[2]       ; disp2[0]    ; 4.301 ; 4.301 ; 4.301 ; 4.301 ;
; b[2]       ; disp2[1]    ; 4.137 ; 4.137 ; 4.137 ; 4.137 ;
; b[2]       ; disp2[2]    ; 4.138 ; 4.138 ; 4.138 ; 4.138 ;
; b[2]       ; disp2[3]    ; 4.138 ; 4.138 ; 4.138 ; 4.138 ;
; b[2]       ; disp2[4]    ; 4.155 ; 4.155 ; 4.155 ; 4.155 ;
; b[2]       ; disp2[5]    ; 4.251 ; 4.251 ; 4.251 ; 4.251 ;
; b[2]       ; disp2[6]    ; 4.308 ; 4.308 ; 4.308 ; 4.308 ;
; b[2]       ; disp3[0]    ; 4.465 ; 4.465 ; 4.465 ; 4.465 ;
; b[2]       ; disp3[2]    ; 4.625 ; 4.625 ; 4.625 ; 4.625 ;
; b[2]       ; disp3[3]    ; 4.634 ; 4.634 ; 4.634 ; 4.634 ;
; b[2]       ; disp3[4]    ; 4.181 ; 4.181 ; 4.181 ; 4.181 ;
; b[2]       ; disp3[5]    ; 4.608 ; 4.608 ; 4.608 ; 4.608 ;
; b[2]       ; disp3[6]    ; 4.252 ; 4.252 ; 4.252 ; 4.252 ;
; b[3]       ; disp1[0]    ; 3.899 ; 3.899 ; 3.899 ; 3.899 ;
; b[3]       ; disp1[1]    ; 3.927 ; 3.927 ; 3.927 ; 3.927 ;
; b[3]       ; disp1[2]    ; 4.058 ; 4.058 ; 4.058 ; 4.058 ;
; b[3]       ; disp1[3]    ; 4.009 ; 4.009 ; 4.009 ; 4.009 ;
; b[3]       ; disp1[4]    ; 4.080 ; 4.080 ; 4.080 ; 4.080 ;
; b[3]       ; disp1[5]    ; 4.081 ; 4.081 ; 4.081 ; 4.081 ;
; b[3]       ; disp1[6]    ; 4.152 ; 4.152 ; 4.152 ; 4.152 ;
; b[3]       ; disp2[0]    ; 4.282 ; 4.282 ; 4.282 ; 4.282 ;
; b[3]       ; disp2[1]    ; 4.115 ; 4.115 ; 4.115 ; 4.115 ;
; b[3]       ; disp2[2]    ; 4.113 ; 4.113 ; 4.113 ; 4.113 ;
; b[3]       ; disp2[3]    ; 4.118 ; 4.118 ; 4.118 ; 4.118 ;
; b[3]       ; disp2[4]    ; 4.131 ; 4.131 ; 4.131 ; 4.131 ;
; b[3]       ; disp2[5]    ; 4.227 ; 4.227 ; 4.227 ; 4.227 ;
; b[3]       ; disp2[6]    ; 4.284 ; 4.284 ; 4.284 ; 4.284 ;
; b[3]       ; disp3[0]    ; 4.351 ; 4.351 ; 4.351 ; 4.351 ;
; b[3]       ; disp3[2]    ; 4.511 ; 4.511 ; 4.511 ; 4.511 ;
; b[3]       ; disp3[3]    ; 4.520 ; 4.520 ; 4.520 ; 4.520 ;
; b[3]       ; disp3[4]    ; 4.070 ; 4.070 ; 4.070 ; 4.070 ;
; b[3]       ; disp3[5]    ; 4.494 ; 4.494 ; 4.494 ; 4.494 ;
; b[3]       ; disp3[6]    ; 4.138 ; 4.138 ; 4.138 ; 4.138 ;
; b[4]       ; disp2[0]    ; 3.458 ; 3.458 ; 3.458 ; 3.458 ;
; b[4]       ; disp2[1]    ; 3.294 ; 3.294 ; 3.294 ; 3.294 ;
; b[4]       ; disp2[2]    ; 3.295 ; 3.295 ; 3.295 ; 3.295 ;
; b[4]       ; disp2[3]    ; 3.295 ; 3.295 ; 3.295 ; 3.295 ;
; b[4]       ; disp2[4]    ; 3.312 ; 3.312 ; 3.312 ; 3.312 ;
; b[4]       ; disp2[5]    ; 3.408 ; 3.408 ; 3.408 ; 3.408 ;
; b[4]       ; disp2[6]    ; 3.465 ; 3.465 ; 3.465 ; 3.465 ;
; b[4]       ; disp3[0]    ; 3.829 ; 3.661 ; 3.661 ; 3.829 ;
; b[4]       ; disp3[2]    ; 3.821 ; 3.982 ; 3.982 ; 3.821 ;
; b[4]       ; disp3[3]    ; 3.998 ; 3.830 ; 3.830 ; 3.998 ;
; b[4]       ; disp3[4]    ; 3.381 ; 3.381 ; 3.381 ; 3.381 ;
; b[4]       ; disp3[5]    ; 3.804 ; 3.964 ; 3.964 ; 3.804 ;
; b[4]       ; disp3[6]    ;       ; 3.448 ; 3.448 ;       ;
+------------+-------------+-------+-------+-------+-------+


-------------------
; Clock Transfers ;
-------------------
Nothing to report.


---------------
; Report TCCS ;
---------------
No dedicated SERDES Transmitter circuitry present in device or used in design


---------------
; Report RSKM ;
---------------
No dedicated SERDES Receiver circuitry present in device or used in design


+------------------------------------------------+
; Unconstrained Paths                            ;
+---------------------------------+-------+------+
; Property                        ; Setup ; Hold ;
+---------------------------------+-------+------+
; Illegal Clocks                  ; 0     ; 0    ;
; Unconstrained Clocks            ; 0     ; 0    ;
; Unconstrained Input Ports       ; 10    ; 10   ;
; Unconstrained Input Port Paths  ; 186   ; 186  ;
; Unconstrained Output Ports      ; 20    ; 20   ;
; Unconstrained Output Port Paths ; 186   ; 186  ;
+---------------------------------+-------+------+


+------------------------------------+
; TimeQuest Timing Analyzer Messages ;
+------------------------------------+
Info: *******************************************************************
Info: Running Quartus II 64-Bit TimeQuest Timing Analyzer
    Info: Version 13.0.1 Build 232 06/12/2013 Service Pack 1 SJ Web Edition
    Info: Processing started: Mon Oct 29 09:29:11 2018
Info: Command: quartus_sta Practica6 -c Practica6
Info: qsta_default_script.tcl version: #1
Warning (20028): Parallel compilation is not licensed and has been disabled
Info (21077): Low junction temperature is 0 degrees C
Info (21077): High junction temperature is 85 degrees C
Critical Warning (332012): Synopsys Design Constraints File file not found: 'Practica6.sdc'. A Synopsys Design Constraints File is required by the TimeQuest Timing Analyzer to get proper timing constraints. Without it, the Compiler will not properly optimize the design.
Info (332142): No user constrained base clocks found in the design. Calling "derive_clocks -period 1.0"
Info (332096): The command derive_clocks did not find any clocks to derive.  No clocks were created or changed.
Warning (332068): No clocks defined in design.
Info: Found TIMEQUEST_REPORT_SCRIPT_INCLUDE_DEFAULT_ANALYSIS = ON
Info (332159): No clocks to report
Info: Analyzing Slow Model
Info (332140): No fmax paths to report
Info (332140): No Setup paths to report
Info (332140): No Hold paths to report
Info (332140): No Recovery paths to report
Info (332140): No Removal paths to report
Info (332140): No Minimum Pulse Width paths to report
Info (332001): The selected device family is not supported by the report_metastability command.
Info: Analyzing Fast Model
Info (332142): No user constrained base clocks found in the design. Calling "derive_clocks -period 1.0"
Info (332096): The command derive_clocks did not find any clocks to derive.  No clocks were created or changed.
Warning (332068): No clocks defined in design.
Info (332140): No Setup paths to report
Info (332140): No Hold paths to report
Info (332140): No Recovery paths to report
Info (332140): No Removal paths to report
Info (332140): No Minimum Pulse Width paths to report
Info (332001): The selected device family is not supported by the report_metastability command.
Info (332102): Design is not fully constrained for setup requirements
Info (332102): Design is not fully constrained for hold requirements
Info: Quartus II 64-Bit TimeQuest Timing Analyzer was successful. 0 errors, 4 warnings
    Info: Peak virtual memory: 462 megabytes
    Info: Processing ended: Mon Oct 29 09:29:17 2018
    Info: Elapsed time: 00:00:06
    Info: Total CPU time (on all processors): 00:00:01


