Flow report for Practica11
Wed Dec 05 12:40:42 2018
Quartus II 64-Bit Version 13.0.1 Build 232 06/12/2013 Service Pack 1 SJ Web Edition


---------------------
; Table of Contents ;
---------------------
  1. Legal Notice
  2. Flow Summary
  3. Flow Settings
  4. Flow Non-Default Global Settings
  5. Flow Elapsed Time
  6. Flow OS Summary
  7. Flow Log
  8. Flow Messages
  9. Flow Suppressed Messages



----------------
; Legal Notice ;
----------------
Copyright (C) 1991-2013 Altera Corporation
Your use of Altera Corporation's design tools, logic functions 
and other software and tools, and its AMPP partner logic 
functions, and any output files from any of the foregoing 
(including device programming or simulation files), and any 
associated documentation or information are expressly subject 
to the terms and conditions of the Altera Program License 
Subscription Agreement, Altera MegaCore Function License 
Agreement, or other applicable license agreement, including, 
without limitation, that your use is for the sole purpose of 
programming logic devices manufactured by Altera and sold by 
Altera or its authorized distributors.  Please refer to the 
applicable agreement for further details.



+--------------------------------------------------------------------------------------+
; Flow Summary                                                                         ;
+------------------------------------+-------------------------------------------------+
; Flow Status                        ; Successful - Wed Dec 05 12:40:42 2018           ;
; Quartus II 64-Bit Version          ; 13.0.1 Build 232 06/12/2013 SP 1 SJ Web Edition ;
; Revision Name                      ; Practica11                                      ;
; Top-level Entity Name              ; Microondas                                      ;
; Family                             ; Cyclone II                                      ;
; Device                             ; EP2C20F484C7                                    ;
; Timing Models                      ; Final                                           ;
; Total logic elements               ; 111 / 18,752 ( < 1 % )                          ;
;     Total combinational functions  ; 111 / 18,752 ( < 1 % )                          ;
;     Dedicated logic registers      ; 47 / 18,752 ( < 1 % )                           ;
; Total registers                    ; 47                                              ;
; Total pins                         ; 30 / 315 ( 10 % )                               ;
; Total virtual pins                 ; 0                                               ;
; Total memory bits                  ; 0 / 239,616 ( 0 % )                             ;
; Embedded Multiplier 9-bit elements ; 0 / 52 ( 0 % )                                  ;
; Total PLLs                         ; 0 / 4 ( 0 % )                                   ;
+------------------------------------+-------------------------------------------------+


+-----------------------------------------+
; Flow Settings                           ;
+-------------------+---------------------+
; Option            ; Setting             ;
+-------------------+---------------------+
; Start date & time ; 12/05/2018 12:39:13 ;
; Main task         ; Compilation         ;
; Revision Name     ; Practica11          ;
+-------------------+---------------------+


+-----------------------------------------------------------------------------------------------------------------------------+
; Flow Non-Default Global Settings                                                                                            ;
+--------------------------------------+---------------------------------------+---------------+-------------+----------------+
; Assignment Name                      ; Value                                 ; Default Value ; Entity Name ; Section Id     ;
+--------------------------------------+---------------------------------------+---------------+-------------+----------------+
; COMPILER_SIGNATURE_ID                ; 176676663182643.154400995315232       ; --            ; --          ; --             ;
; EDA_DESIGN_INSTANCE_NAME             ; NA                                    ; --            ; --          ; Microondas     ;
; EDA_NATIVELINK_SIMULATION_TEST_BENCH ; Microondas                            ; --            ; --          ; eda_simulation ;
; EDA_OUTPUT_DATA_FORMAT               ; Vhdl                                  ; --            ; --          ; eda_simulation ;
; EDA_SIMULATION_TOOL                  ; ModelSim-Altera (VHDL)                ; <None>        ; --          ; --             ;
; EDA_TEST_BENCH_ENABLE_STATUS         ; NOT_USED                              ; --            ; --          ; eda_simulation ;
; EDA_TEST_BENCH_FILE                  ; simulation/modelsim/Practica11.vht    ; --            ; --          ; Microondas     ;
; EDA_TEST_BENCH_MODULE_NAME           ; Microondas                            ; --            ; --          ; Microondas     ;
; EDA_TEST_BENCH_NAME                  ; Microondas                            ; --            ; --          ; eda_simulation ;
; MAX_CORE_JUNCTION_TEMP               ; 85                                    ; --            ; --          ; --             ;
; MIN_CORE_JUNCTION_TEMP               ; 0                                     ; --            ; --          ; --             ;
; PARTITION_COLOR                      ; 16764057                              ; --            ; Microondas  ; Top            ;
; PARTITION_FITTER_PRESERVATION_LEVEL  ; PLACEMENT_AND_ROUTING                 ; --            ; Microondas  ; Top            ;
; PARTITION_NETLIST_TYPE               ; SOURCE                                ; --            ; Microondas  ; Top            ;
; POWER_BOARD_THERMAL_MODEL            ; None (CONSERVATIVE)                   ; --            ; --          ; --             ;
; POWER_PRESET_COOLING_SOLUTION        ; 23 MM HEAT SINK WITH 200 LFPM AIRFLOW ; --            ; --          ; --             ;
; PROJECT_OUTPUT_DIRECTORY             ; output_files                          ; --            ; --          ; --             ;
; TOP_LEVEL_ENTITY                     ; Microondas                            ; Practica11    ; --          ; --             ;
+--------------------------------------+---------------------------------------+---------------+-------------+----------------+


+-------------------------------------------------------------------------------------------------------------------------------+
; Flow Elapsed Time                                                                                                             ;
+---------------------------+--------------+-------------------------+---------------------+------------------------------------+
; Module Name               ; Elapsed Time ; Average Processors Used ; Peak Virtual Memory ; Total CPU Time (on all processors) ;
+---------------------------+--------------+-------------------------+---------------------+------------------------------------+
; Analysis & Synthesis      ; 00:00:06     ; 1.0                     ; 4648 MB             ; 00:00:01                           ;
; Fitter                    ; 00:00:08     ; 1.0                     ; 4861 MB             ; 00:00:04                           ;
; Assembler                 ; 00:00:07     ; 1.0                     ; 4563 MB             ; 00:00:01                           ;
; TimeQuest Timing Analyzer ; 00:00:10     ; 1.0                     ; 4557 MB             ; 00:00:01                           ;
; EDA Netlist Writer        ; 00:00:03     ; 1.0                     ; 4529 MB             ; 00:00:00                           ;
; EDA Netlist Writer        ; 00:00:01     ; 1.0                     ; 4541 MB             ; 00:00:00                           ;
; Total                     ; 00:00:35     ; --                      ; --                  ; 00:00:07                           ;
+---------------------------+--------------+-------------------------+---------------------+------------------------------------+


+----------------------------------------------------------------------------------------+
; Flow OS Summary                                                                        ;
+---------------------------+------------------+-----------+------------+----------------+
; Module Name               ; Machine Hostname ; OS Name   ; OS Version ; Processor type ;
+---------------------------+------------------+-----------+------------+----------------+
; Analysis & Synthesis      ; MIGUEL-PC        ; Windows 7 ; 6.2        ; x86_64         ;
; Fitter                    ; MIGUEL-PC        ; Windows 7 ; 6.2        ; x86_64         ;
; Assembler                 ; MIGUEL-PC        ; Windows 7 ; 6.2        ; x86_64         ;
; TimeQuest Timing Analyzer ; MIGUEL-PC        ; Windows 7 ; 6.2        ; x86_64         ;
; EDA Netlist Writer        ; MIGUEL-PC        ; Windows 7 ; 6.2        ; x86_64         ;
; EDA Netlist Writer        ; MIGUEL-PC        ; Windows 7 ; 6.2        ; x86_64         ;
+---------------------------+------------------+-----------+------------+----------------+


------------
; Flow Log ;
------------
quartus_map --read_settings_files=on --write_settings_files=off Practica11 -c Practica11
quartus_fit --read_settings_files=off --write_settings_files=off Practica11 -c Practica11
quartus_asm --read_settings_files=off --write_settings_files=off Practica11 -c Practica11
quartus_sta Practica11 -c Practica11
quartus_eda --read_settings_files=off --write_settings_files=off Practica11 -c Practica11
quartus_eda --read_settings_files=on --write_settings_files=off Practica11 -c Practica11 --gen_testbench



