TimeQuest Timing Analyzer report for Practica7
Wed Nov 07 16:25:44 2018
Quartus II 64-Bit Version 13.0.1 Build 232 06/12/2013 Service Pack 1 SJ Web Edition


---------------------
; Table of Contents ;
---------------------
  1. Legal Notice
  2. TimeQuest Timing Analyzer Summary
  3. Parallel Compilation
  4. Clocks
  5. Slow Model Fmax Summary
  6. Slow Model Setup Summary
  7. Slow Model Hold Summary
  8. Slow Model Recovery Summary
  9. Slow Model Removal Summary
 10. Slow Model Minimum Pulse Width Summary
 11. Propagation Delay
 12. Minimum Propagation Delay
 13. Fast Model Setup Summary
 14. Fast Model Hold Summary
 15. Fast Model Recovery Summary
 16. Fast Model Removal Summary
 17. Fast Model Minimum Pulse Width Summary
 18. Propagation Delay
 19. Minimum Propagation Delay
 20. Multicorner Timing Analysis Summary
 21. Progagation Delay
 22. Minimum Progagation Delay
 23. Clock Transfers
 24. Report TCCS
 25. Report RSKM
 26. Unconstrained Paths
 27. TimeQuest Timing Analyzer Messages



----------------
; Legal Notice ;
----------------
Copyright (C) 1991-2013 Altera Corporation
Your use of Altera Corporation's design tools, logic functions 
and other software and tools, and its AMPP partner logic 
functions, and any output files from any of the foregoing 
(including device programming or simulation files), and any 
associated documentation or information are expressly subject 
to the terms and conditions of the Altera Program License 
Subscription Agreement, Altera MegaCore Function License 
Agreement, or other applicable license agreement, including, 
without limitation, that your use is for the sole purpose of 
programming logic devices manufactured by Altera and sold by 
Altera or its authorized distributors.  Please refer to the 
applicable agreement for further details.



+----------------------------------------------------------------------------------------+
; TimeQuest Timing Analyzer Summary                                                      ;
+--------------------+-------------------------------------------------------------------+
; Quartus II Version ; Version 13.0.1 Build 232 06/12/2013 Service Pack 1 SJ Web Edition ;
; Revision Name      ; Practica7                                                         ;
; Device Family      ; Cyclone II                                                        ;
; Device Name        ; EP2C20F484C7                                                      ;
; Timing Models      ; Final                                                             ;
; Delay Model        ; Combined                                                          ;
; Rise/Fall Delays   ; Unavailable                                                       ;
+--------------------+-------------------------------------------------------------------+


Parallel compilation was disabled, but you have multiple processors available. Enable parallel compilation to reduce compilation time.
+-------------------------------------+
; Parallel Compilation                ;
+----------------------------+--------+
; Processors                 ; Number ;
+----------------------------+--------+
; Number detected on machine ; 4      ;
; Maximum allowed            ; 1      ;
+----------------------------+--------+


----------
; Clocks ;
----------
No clocks to report.


---------------------------
; Slow Model Fmax Summary ;
---------------------------
No paths to report.


----------------------------
; Slow Model Setup Summary ;
----------------------------
No paths to report.


---------------------------
; Slow Model Hold Summary ;
---------------------------
No paths to report.


-------------------------------
; Slow Model Recovery Summary ;
-------------------------------
No paths to report.


------------------------------
; Slow Model Removal Summary ;
------------------------------
No paths to report.


------------------------------------------
; Slow Model Minimum Pulse Width Summary ;
------------------------------------------
No paths to report.


+--------------------------------------------------------------+
; Propagation Delay                                            ;
+------------+-------------+--------+--------+--------+--------+
; Input Port ; Output Port ; RR     ; RF     ; FR     ; FF     ;
+------------+-------------+--------+--------+--------+--------+
; a[0]       ; display1[0] ; 16.455 ; 16.455 ; 16.455 ; 16.455 ;
; a[0]       ; display1[1] ; 17.577 ; 17.577 ; 17.577 ; 17.577 ;
; a[0]       ; display1[2] ; 16.230 ; 16.230 ; 16.230 ; 16.230 ;
; a[0]       ; display1[3] ; 16.541 ; 16.541 ; 16.541 ; 16.541 ;
; a[0]       ; display1[4] ; 16.272 ; 16.272 ; 16.272 ; 16.272 ;
; a[0]       ; display1[5] ; 16.102 ; 16.102 ; 16.102 ; 16.102 ;
; a[0]       ; display1[6] ; 17.147 ; 17.147 ; 17.147 ; 17.147 ;
; a[0]       ; display2[0] ; 15.311 ; 15.311 ; 15.311 ; 15.311 ;
; a[0]       ; display2[3] ; 15.297 ; 15.297 ; 15.297 ; 15.297 ;
; a[0]       ; display2[4] ; 15.307 ; 15.307 ; 15.307 ; 15.307 ;
; a[0]       ; display2[5] ; 15.338 ; 15.338 ; 15.338 ; 15.338 ;
; a[0]       ; led         ; 14.315 ; 14.315 ; 14.315 ; 14.315 ;
; a[1]       ; display1[0] ; 15.737 ; 15.737 ; 15.737 ; 15.737 ;
; a[1]       ; display1[1] ; 16.859 ; 16.859 ; 16.859 ; 16.859 ;
; a[1]       ; display1[2] ; 15.512 ; 15.512 ; 15.512 ; 15.512 ;
; a[1]       ; display1[3] ; 15.823 ; 15.823 ; 15.823 ; 15.823 ;
; a[1]       ; display1[4] ; 15.554 ; 15.554 ; 15.554 ; 15.554 ;
; a[1]       ; display1[5] ; 15.384 ; 15.384 ; 15.384 ; 15.384 ;
; a[1]       ; display1[6] ; 16.429 ; 16.429 ; 16.429 ; 16.429 ;
; a[1]       ; display2[0] ; 14.339 ; 14.339 ; 14.339 ; 14.339 ;
; a[1]       ; display2[3] ; 14.325 ; 14.325 ; 14.325 ; 14.325 ;
; a[1]       ; display2[4] ; 14.335 ; 14.335 ; 14.335 ; 14.335 ;
; a[1]       ; display2[5] ; 14.366 ; 14.366 ; 14.366 ; 14.366 ;
; a[1]       ; led         ; 13.597 ; 13.597 ; 13.597 ; 13.597 ;
; a[2]       ; display1[0] ; 15.981 ; 15.981 ; 15.981 ; 15.981 ;
; a[2]       ; display1[1] ; 17.103 ; 17.103 ; 17.103 ; 17.103 ;
; a[2]       ; display1[2] ; 15.756 ; 15.756 ; 15.756 ; 15.756 ;
; a[2]       ; display1[3] ; 16.067 ; 16.067 ; 16.067 ; 16.067 ;
; a[2]       ; display1[4] ; 15.798 ; 15.798 ; 15.798 ; 15.798 ;
; a[2]       ; display1[5] ; 15.628 ; 15.628 ; 15.628 ; 15.628 ;
; a[2]       ; display1[6] ; 16.673 ; 16.673 ; 16.673 ; 16.673 ;
; a[2]       ; display2[0] ; 14.583 ; 14.583 ; 14.583 ; 14.583 ;
; a[2]       ; display2[3] ; 14.569 ; 14.569 ; 14.569 ; 14.569 ;
; a[2]       ; display2[4] ; 14.579 ; 14.579 ; 14.579 ; 14.579 ;
; a[2]       ; display2[5] ; 14.610 ; 14.610 ; 14.610 ; 14.610 ;
; a[2]       ; led         ; 13.841 ; 13.841 ; 13.841 ; 13.841 ;
; a[3]       ; display1[0] ; 15.672 ; 15.672 ; 15.672 ; 15.672 ;
; a[3]       ; display1[1] ; 16.794 ; 16.794 ; 16.794 ; 16.794 ;
; a[3]       ; display1[2] ; 15.447 ; 15.447 ; 15.447 ; 15.447 ;
; a[3]       ; display1[3] ; 15.758 ; 15.758 ; 15.758 ; 15.758 ;
; a[3]       ; display1[4] ; 15.489 ; 15.489 ; 15.489 ; 15.489 ;
; a[3]       ; display1[5] ; 15.319 ; 15.319 ; 15.319 ; 15.319 ;
; a[3]       ; display1[6] ; 16.364 ; 16.364 ; 16.364 ; 16.364 ;
; a[3]       ; display2[0] ; 14.274 ; 14.274 ; 14.274 ; 14.274 ;
; a[3]       ; display2[3] ; 14.260 ; 14.260 ; 14.260 ; 14.260 ;
; a[3]       ; display2[4] ; 14.270 ; 14.270 ; 14.270 ; 14.270 ;
; a[3]       ; display2[5] ; 14.301 ; 14.301 ; 14.301 ; 14.301 ;
; a[3]       ; led         ; 13.532 ; 13.532 ; 13.532 ; 13.532 ;
; a[4]       ; display2[0] ; 13.931 ; 13.931 ; 13.931 ; 13.931 ;
; a[4]       ; display2[3] ; 13.917 ; 13.917 ; 13.917 ; 13.917 ;
; a[4]       ; display2[4] ; 13.927 ; 13.927 ; 13.927 ; 13.927 ;
; a[4]       ; display2[5] ; 13.958 ; 13.958 ; 13.958 ; 13.958 ;
; a[4]       ; led         ; 13.189 ; 13.189 ; 13.189 ; 13.189 ;
; b[0]       ; display1[0] ; 15.523 ; 15.523 ; 15.523 ; 15.523 ;
; b[0]       ; display1[1] ; 16.645 ; 16.645 ; 16.645 ; 16.645 ;
; b[0]       ; display1[2] ; 15.298 ; 15.298 ; 15.298 ; 15.298 ;
; b[0]       ; display1[3] ; 15.609 ; 15.609 ; 15.609 ; 15.609 ;
; b[0]       ; display1[4] ; 15.340 ; 15.340 ; 15.340 ; 15.340 ;
; b[0]       ; display1[5] ; 15.170 ; 15.170 ; 15.170 ; 15.170 ;
; b[0]       ; display1[6] ; 16.215 ; 16.215 ; 16.215 ; 16.215 ;
; b[0]       ; display2[0] ; 15.106 ; 15.106 ; 15.106 ; 15.106 ;
; b[0]       ; display2[3] ; 15.092 ; 15.092 ; 15.092 ; 15.092 ;
; b[0]       ; display2[4] ; 15.102 ; 15.102 ; 15.102 ; 15.102 ;
; b[0]       ; display2[5] ; 15.133 ; 15.133 ; 15.133 ; 15.133 ;
; b[0]       ; led         ; 13.900 ; 13.900 ; 13.900 ; 13.900 ;
; b[1]       ; display1[0] ; 15.439 ; 15.439 ; 15.439 ; 15.439 ;
; b[1]       ; display1[1] ; 16.561 ; 16.561 ; 16.561 ; 16.561 ;
; b[1]       ; display1[2] ; 15.214 ; 15.214 ; 15.214 ; 15.214 ;
; b[1]       ; display1[3] ; 15.525 ; 15.525 ; 15.525 ; 15.525 ;
; b[1]       ; display1[4] ; 15.256 ; 15.256 ; 15.256 ; 15.256 ;
; b[1]       ; display1[5] ; 15.086 ; 15.086 ; 15.086 ; 15.086 ;
; b[1]       ; display1[6] ; 16.131 ; 16.131 ; 16.131 ; 16.131 ;
; b[1]       ; display2[0] ; 14.575 ; 14.575 ; 14.575 ; 14.575 ;
; b[1]       ; display2[3] ; 14.561 ; 14.561 ; 14.561 ; 14.561 ;
; b[1]       ; display2[4] ; 14.571 ; 14.571 ; 14.571 ; 14.571 ;
; b[1]       ; display2[5] ; 14.602 ; 14.602 ; 14.602 ; 14.602 ;
; b[1]       ; led         ; 13.369 ; 13.369 ; 13.369 ; 13.369 ;
; b[2]       ; display1[0] ; 16.282 ; 16.282 ; 16.282 ; 16.282 ;
; b[2]       ; display1[1] ; 17.404 ; 17.404 ; 17.404 ; 17.404 ;
; b[2]       ; display1[2] ; 16.057 ; 16.057 ; 16.057 ; 16.057 ;
; b[2]       ; display1[3] ; 16.368 ; 16.368 ; 16.368 ; 16.368 ;
; b[2]       ; display1[4] ; 16.099 ; 16.099 ; 16.099 ; 16.099 ;
; b[2]       ; display1[5] ; 15.929 ; 15.929 ; 15.929 ; 15.929 ;
; b[2]       ; display1[6] ; 16.974 ; 16.974 ; 16.974 ; 16.974 ;
; b[2]       ; display2[0] ; 14.884 ; 14.884 ; 14.884 ; 14.884 ;
; b[2]       ; display2[3] ; 14.870 ; 14.870 ; 14.870 ; 14.870 ;
; b[2]       ; display2[4] ; 14.880 ; 14.880 ; 14.880 ; 14.880 ;
; b[2]       ; display2[5] ; 14.911 ; 14.911 ; 14.911 ; 14.911 ;
; b[2]       ; led         ; 14.142 ; 14.142 ; 14.142 ; 14.142 ;
; b[3]       ; display1[0] ; 15.950 ; 15.950 ; 15.950 ; 15.950 ;
; b[3]       ; display1[1] ; 17.072 ; 17.072 ; 17.072 ; 17.072 ;
; b[3]       ; display1[2] ; 15.725 ; 15.725 ; 15.725 ; 15.725 ;
; b[3]       ; display1[3] ; 16.036 ; 16.036 ; 16.036 ; 16.036 ;
; b[3]       ; display1[4] ; 15.767 ; 15.767 ; 15.767 ; 15.767 ;
; b[3]       ; display1[5] ; 15.597 ; 15.597 ; 15.597 ; 15.597 ;
; b[3]       ; display1[6] ; 16.642 ; 16.642 ; 16.642 ; 16.642 ;
; b[3]       ; display2[0] ; 14.552 ; 14.552 ; 14.552 ; 14.552 ;
; b[3]       ; display2[3] ; 14.538 ; 14.538 ; 14.538 ; 14.538 ;
; b[3]       ; display2[4] ; 14.548 ; 14.548 ; 14.548 ; 14.548 ;
; b[3]       ; display2[5] ; 14.579 ; 14.579 ; 14.579 ; 14.579 ;
; b[3]       ; led         ; 13.810 ; 13.810 ; 13.810 ; 13.810 ;
; b[4]       ; display2[0] ; 14.602 ; 14.602 ; 14.602 ; 14.602 ;
; b[4]       ; display2[3] ; 14.588 ; 14.588 ; 14.588 ; 14.588 ;
; b[4]       ; display2[4] ; 14.598 ; 14.598 ; 14.598 ; 14.598 ;
; b[4]       ; display2[5] ; 14.629 ; 14.629 ; 14.629 ; 14.629 ;
; b[4]       ; led         ; 13.860 ; 13.860 ; 13.860 ; 13.860 ;
; sel[0]     ; display1[0] ; 18.825 ; 18.825 ; 18.825 ; 18.825 ;
; sel[0]     ; display1[1] ; 19.947 ; 19.947 ; 19.947 ; 19.947 ;
; sel[0]     ; display1[2] ; 18.600 ; 18.600 ; 18.600 ; 18.600 ;
; sel[0]     ; display1[3] ; 18.911 ; 18.911 ; 18.911 ; 18.911 ;
; sel[0]     ; display1[4] ; 18.642 ; 18.642 ; 18.642 ; 18.642 ;
; sel[0]     ; display1[5] ; 18.472 ; 18.472 ; 18.472 ; 18.472 ;
; sel[0]     ; display1[6] ; 19.517 ; 19.517 ; 19.517 ; 19.517 ;
; sel[0]     ; display2[0] ; 19.676 ; 19.676 ; 19.676 ; 19.676 ;
; sel[0]     ; display2[3] ; 19.662 ; 19.662 ; 19.662 ; 19.662 ;
; sel[0]     ; display2[4] ; 19.672 ; 19.672 ; 19.672 ; 19.672 ;
; sel[0]     ; display2[5] ; 19.703 ; 19.703 ; 19.703 ; 19.703 ;
; sel[0]     ; led         ; 18.470 ; 18.470 ; 18.470 ; 18.470 ;
; sel[1]     ; display1[0] ; 18.592 ; 18.592 ; 18.592 ; 18.592 ;
; sel[1]     ; display1[1] ; 19.714 ; 19.714 ; 19.714 ; 19.714 ;
; sel[1]     ; display1[2] ; 18.367 ; 18.367 ; 18.367 ; 18.367 ;
; sel[1]     ; display1[3] ; 18.678 ; 18.678 ; 18.678 ; 18.678 ;
; sel[1]     ; display1[4] ; 18.409 ; 18.409 ; 18.409 ; 18.409 ;
; sel[1]     ; display1[5] ; 18.239 ; 18.239 ; 18.239 ; 18.239 ;
; sel[1]     ; display1[6] ; 19.284 ; 19.284 ; 19.284 ; 19.284 ;
; sel[1]     ; display2[0] ; 19.443 ; 19.443 ; 19.443 ; 19.443 ;
; sel[1]     ; display2[3] ; 19.429 ; 19.429 ; 19.429 ; 19.429 ;
; sel[1]     ; display2[4] ; 19.439 ; 19.439 ; 19.439 ; 19.439 ;
; sel[1]     ; display2[5] ; 19.470 ; 19.470 ; 19.470 ; 19.470 ;
; sel[1]     ; led         ; 18.237 ; 18.237 ; 18.237 ; 18.237 ;
; sel[2]     ; display1[0] ; 15.631 ; 15.631 ; 15.631 ; 15.631 ;
; sel[2]     ; display1[1] ; 16.753 ; 16.753 ; 16.753 ; 16.753 ;
; sel[2]     ; display1[2] ; 15.406 ; 15.406 ; 15.406 ; 15.406 ;
; sel[2]     ; display1[3] ; 15.717 ; 15.717 ; 15.717 ; 15.717 ;
; sel[2]     ; display1[4] ; 14.163 ; 15.448 ; 15.448 ; 14.163 ;
; sel[2]     ; display1[5] ; 15.278 ; 15.278 ; 15.278 ; 15.278 ;
; sel[2]     ; display1[6] ; 16.323 ; 16.323 ; 16.323 ; 16.323 ;
; sel[2]     ; display2[0] ; 14.363 ; 14.476 ; 14.476 ; 14.363 ;
; sel[2]     ; display2[3] ; 14.349 ; 14.462 ; 14.462 ; 14.349 ;
; sel[2]     ; display2[4] ; 14.359 ; 14.472 ; 14.472 ; 14.359 ;
; sel[2]     ; display2[5] ; 14.390 ; 14.503 ; 14.503 ; 14.390 ;
+------------+-------------+--------+--------+--------+--------+


+--------------------------------------------------------------+
; Minimum Propagation Delay                                    ;
+------------+-------------+--------+--------+--------+--------+
; Input Port ; Output Port ; RR     ; RF     ; FR     ; FF     ;
+------------+-------------+--------+--------+--------+--------+
; a[0]       ; display1[0] ; 11.010 ; 11.010 ; 11.010 ; 11.010 ;
; a[0]       ; display1[1] ; 12.120 ; 12.120 ; 12.120 ; 12.120 ;
; a[0]       ; display1[2] ; 10.747 ; 10.747 ; 10.747 ; 10.747 ;
; a[0]       ; display1[3] ; 11.096 ; 11.096 ; 11.096 ; 11.096 ;
; a[0]       ; display1[4] ; 10.829 ; 10.829 ; 10.829 ; 10.829 ;
; a[0]       ; display1[5] ; 10.663 ; 10.663 ; 10.663 ; 10.663 ;
; a[0]       ; display1[6] ; 11.702 ; 11.702 ; 11.702 ; 11.702 ;
; a[0]       ; display2[0] ; 15.057 ; 15.057 ; 15.057 ; 15.057 ;
; a[0]       ; display2[3] ; 15.043 ; 15.043 ; 15.043 ; 15.043 ;
; a[0]       ; display2[4] ; 15.053 ; 15.053 ; 15.053 ; 15.053 ;
; a[0]       ; display2[5] ; 15.084 ; 15.084 ; 15.084 ; 15.084 ;
; a[0]       ; led         ; 13.553 ; 13.553 ; 13.553 ; 13.553 ;
; a[1]       ; display1[0] ; 10.605 ; 10.605 ; 10.605 ; 10.605 ;
; a[1]       ; display1[1] ; 11.767 ; 11.767 ; 11.767 ; 11.767 ;
; a[1]       ; display1[2] ; 10.417 ; 10.417 ; 10.417 ; 10.417 ;
; a[1]       ; display1[3] ; 10.730 ; 10.730 ; 10.730 ; 10.730 ;
; a[1]       ; display1[4] ; 10.461 ; 10.461 ; 10.461 ; 10.461 ;
; a[1]       ; display1[5] ; 10.291 ; 10.291 ; 10.291 ; 10.291 ;
; a[1]       ; display1[6] ; 11.337 ; 11.337 ; 11.337 ; 11.337 ;
; a[1]       ; display2[0] ; 14.032 ; 14.032 ; 14.032 ; 14.032 ;
; a[1]       ; display2[3] ; 14.018 ; 14.018 ; 14.018 ; 14.018 ;
; a[1]       ; display2[4] ; 14.028 ; 14.028 ; 14.028 ; 14.028 ;
; a[1]       ; display2[5] ; 14.059 ; 14.059 ; 14.059 ; 14.059 ;
; a[1]       ; led         ; 12.826 ; 12.826 ; 12.826 ; 12.826 ;
; a[2]       ; display1[0] ; 10.378 ; 10.378 ; 10.378 ; 10.378 ;
; a[2]       ; display1[1] ; 11.487 ; 11.487 ; 11.487 ; 11.487 ;
; a[2]       ; display1[2] ; 10.140 ; 10.140 ; 10.140 ; 10.140 ;
; a[2]       ; display1[3] ; 10.459 ; 10.459 ; 10.459 ; 10.459 ;
; a[2]       ; display1[4] ; 10.192 ; 10.192 ; 10.192 ; 10.192 ;
; a[2]       ; display1[5] ; 10.025 ; 10.025 ; 10.025 ; 10.025 ;
; a[2]       ; display1[6] ; 11.066 ; 11.066 ; 11.066 ; 11.066 ;
; a[2]       ; display2[0] ; 13.445 ; 13.445 ; 13.445 ; 13.445 ;
; a[2]       ; display2[3] ; 13.431 ; 13.431 ; 13.431 ; 13.431 ;
; a[2]       ; display2[4] ; 13.441 ; 13.441 ; 13.441 ; 13.441 ;
; a[2]       ; display2[5] ; 13.472 ; 13.472 ; 13.472 ; 13.472 ;
; a[2]       ; led         ; 12.239 ; 12.239 ; 12.239 ; 12.239 ;
; a[3]       ; display1[0] ; 10.630 ; 10.630 ; 10.630 ; 10.630 ;
; a[3]       ; display1[1] ; 11.752 ; 11.752 ; 11.752 ; 11.752 ;
; a[3]       ; display1[2] ; 10.405 ; 10.405 ; 10.405 ; 10.405 ;
; a[3]       ; display1[3] ; 10.716 ; 10.716 ; 10.716 ; 10.716 ;
; a[3]       ; display1[4] ; 10.447 ; 10.447 ; 10.447 ; 10.447 ;
; a[3]       ; display1[5] ; 10.277 ; 10.277 ; 10.277 ; 10.277 ;
; a[3]       ; display1[6] ; 11.322 ; 11.322 ; 11.322 ; 11.322 ;
; a[3]       ; display2[0] ; 11.472 ; 11.472 ; 11.472 ; 11.472 ;
; a[3]       ; display2[3] ; 11.458 ; 11.458 ; 11.458 ; 11.458 ;
; a[3]       ; display2[4] ; 11.468 ; 11.468 ; 11.468 ; 11.468 ;
; a[3]       ; display2[5] ; 11.499 ; 11.499 ; 11.499 ; 11.499 ;
; a[3]       ; led         ; 10.266 ; 10.266 ; 10.266 ; 10.266 ;
; a[4]       ; display2[0] ; 10.595 ; 10.595 ; 10.595 ; 10.595 ;
; a[4]       ; display2[3] ; 10.581 ; 10.581 ; 10.581 ; 10.581 ;
; a[4]       ; display2[4] ; 10.591 ; 10.591 ; 10.591 ; 10.591 ;
; a[4]       ; display2[5] ; 10.622 ; 10.622 ; 10.622 ; 10.622 ;
; a[4]       ; led         ; 9.389  ; 9.389  ; 9.389  ; 9.389  ;
; b[0]       ; display1[0] ; 10.834 ; 10.834 ; 10.834 ; 10.834 ;
; b[0]       ; display1[1] ; 11.944 ; 11.944 ; 11.944 ; 11.944 ;
; b[0]       ; display1[2] ; 10.571 ; 10.571 ; 10.571 ; 10.571 ;
; b[0]       ; display1[3] ; 10.920 ; 10.920 ; 10.920 ; 10.920 ;
; b[0]       ; display1[4] ; 10.653 ; 10.653 ; 10.653 ; 10.653 ;
; b[0]       ; display1[5] ; 10.487 ; 10.487 ; 10.487 ; 10.487 ;
; b[0]       ; display1[6] ; 11.526 ; 11.526 ; 11.526 ; 11.526 ;
; b[0]       ; display2[0] ; 14.125 ; 14.125 ; 14.125 ; 14.125 ;
; b[0]       ; display2[3] ; 14.111 ; 14.111 ; 14.111 ; 14.111 ;
; b[0]       ; display2[4] ; 14.121 ; 14.121 ; 14.121 ; 14.121 ;
; b[0]       ; display2[5] ; 14.152 ; 14.152 ; 14.152 ; 14.152 ;
; b[0]       ; led         ; 12.621 ; 12.621 ; 12.621 ; 12.621 ;
; b[1]       ; display1[0] ; 10.281 ; 10.281 ; 10.281 ; 10.281 ;
; b[1]       ; display1[1] ; 11.443 ; 11.443 ; 11.443 ; 11.443 ;
; b[1]       ; display1[2] ; 10.093 ; 10.093 ; 10.093 ; 10.093 ;
; b[1]       ; display1[3] ; 10.406 ; 10.406 ; 10.406 ; 10.406 ;
; b[1]       ; display1[4] ; 10.137 ; 10.137 ; 10.137 ; 10.137 ;
; b[1]       ; display1[5] ; 9.967  ; 9.967  ; 9.967  ; 9.967  ;
; b[1]       ; display1[6] ; 11.013 ; 11.013 ; 11.013 ; 11.013 ;
; b[1]       ; display2[0] ; 14.041 ; 14.041 ; 14.041 ; 14.041 ;
; b[1]       ; display2[3] ; 14.027 ; 14.027 ; 14.027 ; 14.027 ;
; b[1]       ; display2[4] ; 14.037 ; 14.037 ; 14.037 ; 14.037 ;
; b[1]       ; display2[5] ; 14.068 ; 14.068 ; 14.068 ; 14.068 ;
; b[1]       ; led         ; 12.537 ; 12.537 ; 12.537 ; 12.537 ;
; b[2]       ; display1[0] ; 10.798 ; 10.798 ; 10.798 ; 10.798 ;
; b[2]       ; display1[1] ; 11.907 ; 11.907 ; 11.907 ; 11.907 ;
; b[2]       ; display1[2] ; 10.560 ; 10.560 ; 10.560 ; 10.560 ;
; b[2]       ; display1[3] ; 10.879 ; 10.879 ; 10.879 ; 10.879 ;
; b[2]       ; display1[4] ; 10.612 ; 10.612 ; 10.612 ; 10.612 ;
; b[2]       ; display1[5] ; 10.445 ; 10.445 ; 10.445 ; 10.445 ;
; b[2]       ; display1[6] ; 11.486 ; 11.486 ; 11.486 ; 11.486 ;
; b[2]       ; display2[0] ; 13.895 ; 13.895 ; 13.895 ; 13.895 ;
; b[2]       ; display2[3] ; 13.881 ; 13.881 ; 13.881 ; 13.881 ;
; b[2]       ; display2[4] ; 13.891 ; 13.891 ; 13.891 ; 13.891 ;
; b[2]       ; display2[5] ; 13.922 ; 13.922 ; 13.922 ; 13.922 ;
; b[2]       ; led         ; 12.689 ; 12.689 ; 12.689 ; 12.689 ;
; b[3]       ; display1[0] ; 10.959 ; 10.959 ; 10.959 ; 10.959 ;
; b[3]       ; display1[1] ; 12.081 ; 12.081 ; 12.081 ; 12.081 ;
; b[3]       ; display1[2] ; 10.734 ; 10.734 ; 10.734 ; 10.734 ;
; b[3]       ; display1[3] ; 11.045 ; 11.045 ; 11.045 ; 11.045 ;
; b[3]       ; display1[4] ; 10.776 ; 10.776 ; 10.776 ; 10.776 ;
; b[3]       ; display1[5] ; 10.606 ; 10.606 ; 10.606 ; 10.606 ;
; b[3]       ; display1[6] ; 11.651 ; 11.651 ; 11.651 ; 11.651 ;
; b[3]       ; display2[0] ; 12.037 ; 12.037 ; 12.037 ; 12.037 ;
; b[3]       ; display2[3] ; 12.023 ; 12.023 ; 12.023 ; 12.023 ;
; b[3]       ; display2[4] ; 12.033 ; 12.033 ; 12.033 ; 12.033 ;
; b[3]       ; display2[5] ; 12.064 ; 12.064 ; 12.064 ; 12.064 ;
; b[3]       ; led         ; 10.831 ; 10.831 ; 10.831 ; 10.831 ;
; b[4]       ; display2[0] ; 11.596 ; 11.596 ; 11.596 ; 11.596 ;
; b[4]       ; display2[3] ; 11.582 ; 11.582 ; 11.582 ; 11.582 ;
; b[4]       ; display2[4] ; 11.592 ; 11.592 ; 11.592 ; 11.592 ;
; b[4]       ; display2[5] ; 11.623 ; 11.623 ; 11.623 ; 11.623 ;
; b[4]       ; led         ; 10.391 ; 10.391 ; 10.391 ; 10.391 ;
; sel[0]     ; display1[0] ; 14.027 ; 14.027 ; 14.027 ; 14.027 ;
; sel[0]     ; display1[1] ; 15.136 ; 15.408 ; 15.408 ; 15.136 ;
; sel[0]     ; display1[2] ; 13.789 ; 13.789 ; 13.789 ; 13.789 ;
; sel[0]     ; display1[3] ; 14.108 ; 14.108 ; 14.108 ; 14.108 ;
; sel[0]     ; display1[4] ; 13.841 ; 13.841 ; 13.841 ; 13.841 ;
; sel[0]     ; display1[5] ; 13.674 ; 13.674 ; 13.674 ; 13.674 ;
; sel[0]     ; display1[6] ; 14.715 ; 14.715 ; 14.715 ; 14.715 ;
; sel[0]     ; display2[0] ; 15.068 ; 15.225 ; 15.225 ; 15.068 ;
; sel[0]     ; display2[3] ; 15.054 ; 15.211 ; 15.211 ; 15.054 ;
; sel[0]     ; display2[4] ; 15.064 ; 15.221 ; 15.221 ; 15.064 ;
; sel[0]     ; display2[5] ; 15.095 ; 15.252 ; 15.252 ; 15.095 ;
; sel[0]     ; led         ; 13.421 ; 13.421 ; 13.421 ; 13.421 ;
; sel[1]     ; display1[0] ; 13.429 ; 13.429 ; 13.429 ; 13.429 ;
; sel[1]     ; display1[1] ; 14.538 ; 15.422 ; 15.422 ; 14.538 ;
; sel[1]     ; display1[2] ; 13.191 ; 13.191 ; 13.191 ; 13.191 ;
; sel[1]     ; display1[3] ; 13.510 ; 13.510 ; 13.510 ; 13.510 ;
; sel[1]     ; display1[4] ; 13.243 ; 13.243 ; 13.243 ; 13.243 ;
; sel[1]     ; display1[5] ; 13.076 ; 13.076 ; 13.076 ; 13.076 ;
; sel[1]     ; display1[6] ; 14.117 ; 14.117 ; 14.117 ; 14.117 ;
; sel[1]     ; display2[0] ; 14.161 ; 14.068 ; 14.068 ; 14.161 ;
; sel[1]     ; display2[3] ; 14.147 ; 14.054 ; 14.054 ; 14.147 ;
; sel[1]     ; display2[4] ; 14.157 ; 14.064 ; 14.064 ; 14.157 ;
; sel[1]     ; display2[5] ; 14.188 ; 14.095 ; 14.095 ; 14.188 ;
; sel[1]     ; led         ; 13.102 ; 13.102 ; 13.102 ; 13.102 ;
; sel[2]     ; display1[0] ; 13.678 ; 13.678 ; 13.678 ; 13.678 ;
; sel[2]     ; display1[1] ; 14.800 ; 14.800 ; 14.800 ; 14.800 ;
; sel[2]     ; display1[2] ; 13.453 ; 13.453 ; 13.453 ; 13.453 ;
; sel[2]     ; display1[3] ; 13.764 ; 13.764 ; 13.764 ; 13.764 ;
; sel[2]     ; display1[4] ; 13.495 ; 13.554 ; 13.554 ; 13.495 ;
; sel[2]     ; display1[5] ; 13.325 ; 13.325 ; 13.325 ; 13.325 ;
; sel[2]     ; display1[6] ; 14.370 ; 14.370 ; 14.370 ; 14.370 ;
; sel[2]     ; display2[0] ; 14.104 ; 14.476 ; 14.476 ; 14.104 ;
; sel[2]     ; display2[3] ; 14.090 ; 14.462 ; 14.462 ; 14.090 ;
; sel[2]     ; display2[4] ; 14.100 ; 14.472 ; 14.472 ; 14.100 ;
; sel[2]     ; display2[5] ; 14.131 ; 14.503 ; 14.503 ; 14.131 ;
+------------+-------------+--------+--------+--------+--------+


----------------------------
; Fast Model Setup Summary ;
----------------------------
No paths to report.


---------------------------
; Fast Model Hold Summary ;
---------------------------
No paths to report.


-------------------------------
; Fast Model Recovery Summary ;
-------------------------------
No paths to report.


------------------------------
; Fast Model Removal Summary ;
------------------------------
No paths to report.


------------------------------------------
; Fast Model Minimum Pulse Width Summary ;
------------------------------------------
No paths to report.


+----------------------------------------------------------+
; Propagation Delay                                        ;
+------------+-------------+-------+-------+-------+-------+
; Input Port ; Output Port ; RR    ; RF    ; FR    ; FF    ;
+------------+-------------+-------+-------+-------+-------+
; a[0]       ; display1[0] ; 6.075 ; 6.075 ; 6.075 ; 6.075 ;
; a[0]       ; display1[1] ; 6.615 ; 6.615 ; 6.615 ; 6.615 ;
; a[0]       ; display1[2] ; 6.024 ; 6.024 ; 6.024 ; 6.024 ;
; a[0]       ; display1[3] ; 6.134 ; 6.134 ; 6.134 ; 6.134 ;
; a[0]       ; display1[4] ; 6.052 ; 6.052 ; 6.052 ; 6.052 ;
; a[0]       ; display1[5] ; 6.005 ; 6.005 ; 6.005 ; 6.005 ;
; a[0]       ; display1[6] ; 6.337 ; 6.337 ; 6.337 ; 6.337 ;
; a[0]       ; display2[0] ; 6.329 ; 6.329 ; 6.329 ; 6.329 ;
; a[0]       ; display2[3] ; 6.312 ; 6.312 ; 6.312 ; 6.312 ;
; a[0]       ; display2[4] ; 6.322 ; 6.322 ; 6.322 ; 6.322 ;
; a[0]       ; display2[5] ; 6.351 ; 6.351 ; 6.351 ; 6.351 ;
; a[0]       ; led         ; 5.840 ; 5.840 ; 5.840 ; 5.840 ;
; a[1]       ; display1[0] ; 5.787 ; 5.787 ; 5.787 ; 5.787 ;
; a[1]       ; display1[1] ; 6.327 ; 6.327 ; 6.327 ; 6.327 ;
; a[1]       ; display1[2] ; 5.736 ; 5.736 ; 5.736 ; 5.736 ;
; a[1]       ; display1[3] ; 5.846 ; 5.846 ; 5.846 ; 5.846 ;
; a[1]       ; display1[4] ; 5.764 ; 5.764 ; 5.764 ; 5.764 ;
; a[1]       ; display1[5] ; 5.717 ; 5.717 ; 5.717 ; 5.717 ;
; a[1]       ; display1[6] ; 6.049 ; 6.049 ; 6.049 ; 6.049 ;
; a[1]       ; display2[0] ; 5.850 ; 5.850 ; 5.850 ; 5.850 ;
; a[1]       ; display2[3] ; 5.833 ; 5.833 ; 5.833 ; 5.833 ;
; a[1]       ; display2[4] ; 5.843 ; 5.843 ; 5.843 ; 5.843 ;
; a[1]       ; display2[5] ; 5.872 ; 5.872 ; 5.872 ; 5.872 ;
; a[1]       ; led         ; 5.361 ; 5.361 ; 5.361 ; 5.361 ;
; a[2]       ; display1[0] ; 5.877 ; 5.877 ; 5.877 ; 5.877 ;
; a[2]       ; display1[1] ; 6.417 ; 6.417 ; 6.417 ; 6.417 ;
; a[2]       ; display1[2] ; 5.826 ; 5.826 ; 5.826 ; 5.826 ;
; a[2]       ; display1[3] ; 5.936 ; 5.936 ; 5.936 ; 5.936 ;
; a[2]       ; display1[4] ; 5.854 ; 5.854 ; 5.854 ; 5.854 ;
; a[2]       ; display1[5] ; 5.807 ; 5.807 ; 5.807 ; 5.807 ;
; a[2]       ; display1[6] ; 6.139 ; 6.139 ; 6.139 ; 6.139 ;
; a[2]       ; display2[0] ; 5.648 ; 5.648 ; 5.648 ; 5.648 ;
; a[2]       ; display2[3] ; 5.631 ; 5.631 ; 5.631 ; 5.631 ;
; a[2]       ; display2[4] ; 5.641 ; 5.641 ; 5.641 ; 5.641 ;
; a[2]       ; display2[5] ; 5.670 ; 5.670 ; 5.670 ; 5.670 ;
; a[2]       ; led         ; 5.159 ; 5.159 ; 5.159 ; 5.159 ;
; a[3]       ; display1[0] ; 5.740 ; 5.740 ; 5.740 ; 5.740 ;
; a[3]       ; display1[1] ; 6.280 ; 6.280 ; 6.280 ; 6.280 ;
; a[3]       ; display1[2] ; 5.689 ; 5.689 ; 5.689 ; 5.689 ;
; a[3]       ; display1[3] ; 5.799 ; 5.799 ; 5.799 ; 5.799 ;
; a[3]       ; display1[4] ; 5.717 ; 5.717 ; 5.717 ; 5.717 ;
; a[3]       ; display1[5] ; 5.670 ; 5.670 ; 5.670 ; 5.670 ;
; a[3]       ; display1[6] ; 6.002 ; 6.002 ; 6.002 ; 6.002 ;
; a[3]       ; display2[0] ; 5.257 ; 5.257 ; 5.257 ; 5.257 ;
; a[3]       ; display2[3] ; 5.240 ; 5.240 ; 5.240 ; 5.240 ;
; a[3]       ; display2[4] ; 5.250 ; 5.250 ; 5.250 ; 5.250 ;
; a[3]       ; display2[5] ; 5.279 ; 5.279 ; 5.279 ; 5.279 ;
; a[3]       ; led         ; 4.894 ; 4.894 ; 4.894 ; 4.894 ;
; a[4]       ; display2[0] ; 5.121 ; 5.121 ; 5.121 ; 5.121 ;
; a[4]       ; display2[3] ; 5.104 ; 5.104 ; 5.104 ; 5.104 ;
; a[4]       ; display2[4] ; 5.114 ; 5.114 ; 5.114 ; 5.114 ;
; a[4]       ; display2[5] ; 5.143 ; 5.143 ; 5.143 ; 5.143 ;
; a[4]       ; led         ; 4.758 ; 4.758 ; 4.758 ; 4.758 ;
; b[0]       ; display1[0] ; 5.915 ; 5.915 ; 5.915 ; 5.915 ;
; b[0]       ; display1[1] ; 6.455 ; 6.455 ; 6.455 ; 6.455 ;
; b[0]       ; display1[2] ; 5.864 ; 5.864 ; 5.864 ; 5.864 ;
; b[0]       ; display1[3] ; 5.974 ; 5.974 ; 5.974 ; 5.974 ;
; b[0]       ; display1[4] ; 5.892 ; 5.892 ; 5.892 ; 5.892 ;
; b[0]       ; display1[5] ; 5.845 ; 5.845 ; 5.845 ; 5.845 ;
; b[0]       ; display1[6] ; 6.177 ; 6.177 ; 6.177 ; 6.177 ;
; b[0]       ; display2[0] ; 6.212 ; 6.212 ; 6.212 ; 6.212 ;
; b[0]       ; display2[3] ; 6.195 ; 6.195 ; 6.195 ; 6.195 ;
; b[0]       ; display2[4] ; 6.205 ; 6.205 ; 6.205 ; 6.205 ;
; b[0]       ; display2[5] ; 6.234 ; 6.234 ; 6.234 ; 6.234 ;
; b[0]       ; led         ; 5.723 ; 5.723 ; 5.723 ; 5.723 ;
; b[1]       ; display1[0] ; 5.680 ; 5.680 ; 5.680 ; 5.680 ;
; b[1]       ; display1[1] ; 6.220 ; 6.220 ; 6.220 ; 6.220 ;
; b[1]       ; display1[2] ; 5.629 ; 5.629 ; 5.629 ; 5.629 ;
; b[1]       ; display1[3] ; 5.739 ; 5.739 ; 5.739 ; 5.739 ;
; b[1]       ; display1[4] ; 5.657 ; 5.657 ; 5.657 ; 5.657 ;
; b[1]       ; display1[5] ; 5.610 ; 5.610 ; 5.610 ; 5.610 ;
; b[1]       ; display1[6] ; 5.942 ; 5.942 ; 5.942 ; 5.942 ;
; b[1]       ; display2[0] ; 5.977 ; 5.977 ; 5.977 ; 5.977 ;
; b[1]       ; display2[3] ; 5.960 ; 5.960 ; 5.960 ; 5.960 ;
; b[1]       ; display2[4] ; 5.970 ; 5.970 ; 5.970 ; 5.970 ;
; b[1]       ; display2[5] ; 5.999 ; 5.999 ; 5.999 ; 5.999 ;
; b[1]       ; led         ; 5.488 ; 5.488 ; 5.488 ; 5.488 ;
; b[2]       ; display1[0] ; 5.845 ; 5.845 ; 5.845 ; 5.845 ;
; b[2]       ; display1[1] ; 6.385 ; 6.385 ; 6.385 ; 6.385 ;
; b[2]       ; display1[2] ; 5.794 ; 5.794 ; 5.794 ; 5.794 ;
; b[2]       ; display1[3] ; 5.904 ; 5.904 ; 5.904 ; 5.904 ;
; b[2]       ; display1[4] ; 5.822 ; 5.822 ; 5.822 ; 5.822 ;
; b[2]       ; display1[5] ; 5.775 ; 5.775 ; 5.775 ; 5.775 ;
; b[2]       ; display1[6] ; 6.107 ; 6.107 ; 6.107 ; 6.107 ;
; b[2]       ; display2[0] ; 5.806 ; 5.806 ; 5.806 ; 5.806 ;
; b[2]       ; display2[3] ; 5.789 ; 5.789 ; 5.789 ; 5.789 ;
; b[2]       ; display2[4] ; 5.799 ; 5.799 ; 5.799 ; 5.799 ;
; b[2]       ; display2[5] ; 5.828 ; 5.828 ; 5.828 ; 5.828 ;
; b[2]       ; led         ; 5.317 ; 5.317 ; 5.317 ; 5.317 ;
; b[3]       ; display1[0] ; 5.719 ; 5.719 ; 5.719 ; 5.719 ;
; b[3]       ; display1[1] ; 6.259 ; 6.259 ; 6.259 ; 6.259 ;
; b[3]       ; display1[2] ; 5.668 ; 5.668 ; 5.668 ; 5.668 ;
; b[3]       ; display1[3] ; 5.778 ; 5.778 ; 5.778 ; 5.778 ;
; b[3]       ; display1[4] ; 5.696 ; 5.696 ; 5.696 ; 5.696 ;
; b[3]       ; display1[5] ; 5.649 ; 5.649 ; 5.649 ; 5.649 ;
; b[3]       ; display1[6] ; 5.981 ; 5.981 ; 5.981 ; 5.981 ;
; b[3]       ; display2[0] ; 5.236 ; 5.236 ; 5.236 ; 5.236 ;
; b[3]       ; display2[3] ; 5.219 ; 5.219 ; 5.219 ; 5.219 ;
; b[3]       ; display2[4] ; 5.229 ; 5.229 ; 5.229 ; 5.229 ;
; b[3]       ; display2[5] ; 5.258 ; 5.258 ; 5.258 ; 5.258 ;
; b[3]       ; led         ; 4.873 ; 4.873 ; 4.873 ; 4.873 ;
; b[4]       ; display2[0] ; 5.262 ; 5.262 ; 5.262 ; 5.262 ;
; b[4]       ; display2[3] ; 5.245 ; 5.245 ; 5.245 ; 5.245 ;
; b[4]       ; display2[4] ; 5.255 ; 5.255 ; 5.255 ; 5.255 ;
; b[4]       ; display2[5] ; 5.284 ; 5.284 ; 5.284 ; 5.284 ;
; b[4]       ; led         ; 4.899 ; 4.899 ; 4.899 ; 4.899 ;
; sel[0]     ; display1[0] ; 8.509 ; 8.509 ; 8.509 ; 8.509 ;
; sel[0]     ; display1[1] ; 9.049 ; 9.049 ; 9.049 ; 9.049 ;
; sel[0]     ; display1[2] ; 8.458 ; 8.458 ; 8.458 ; 8.458 ;
; sel[0]     ; display1[3] ; 8.568 ; 8.568 ; 8.568 ; 8.568 ;
; sel[0]     ; display1[4] ; 8.486 ; 8.486 ; 8.486 ; 8.486 ;
; sel[0]     ; display1[5] ; 8.439 ; 8.439 ; 8.439 ; 8.439 ;
; sel[0]     ; display1[6] ; 8.771 ; 8.771 ; 8.771 ; 8.771 ;
; sel[0]     ; display2[0] ; 8.806 ; 8.806 ; 8.806 ; 8.806 ;
; sel[0]     ; display2[3] ; 8.789 ; 8.789 ; 8.789 ; 8.789 ;
; sel[0]     ; display2[4] ; 8.799 ; 8.799 ; 8.799 ; 8.799 ;
; sel[0]     ; display2[5] ; 8.828 ; 8.828 ; 8.828 ; 8.828 ;
; sel[0]     ; led         ; 8.317 ; 8.317 ; 8.317 ; 8.317 ;
; sel[1]     ; display1[0] ; 8.411 ; 8.411 ; 8.411 ; 8.411 ;
; sel[1]     ; display1[1] ; 8.951 ; 8.951 ; 8.951 ; 8.951 ;
; sel[1]     ; display1[2] ; 8.360 ; 8.360 ; 8.360 ; 8.360 ;
; sel[1]     ; display1[3] ; 8.470 ; 8.470 ; 8.470 ; 8.470 ;
; sel[1]     ; display1[4] ; 8.388 ; 8.388 ; 8.388 ; 8.388 ;
; sel[1]     ; display1[5] ; 8.341 ; 8.341 ; 8.341 ; 8.341 ;
; sel[1]     ; display1[6] ; 8.673 ; 8.673 ; 8.673 ; 8.673 ;
; sel[1]     ; display2[0] ; 8.708 ; 8.708 ; 8.708 ; 8.708 ;
; sel[1]     ; display2[3] ; 8.691 ; 8.691 ; 8.691 ; 8.691 ;
; sel[1]     ; display2[4] ; 8.701 ; 8.701 ; 8.701 ; 8.701 ;
; sel[1]     ; display2[5] ; 8.730 ; 8.730 ; 8.730 ; 8.730 ;
; sel[1]     ; led         ; 8.219 ; 8.219 ; 8.219 ; 8.219 ;
; sel[2]     ; display1[0] ; 7.345 ; 7.345 ; 7.345 ; 7.345 ;
; sel[2]     ; display1[1] ; 7.885 ; 7.885 ; 7.885 ; 7.885 ;
; sel[2]     ; display1[2] ; 7.294 ; 7.294 ; 7.294 ; 7.294 ;
; sel[2]     ; display1[3] ; 7.404 ; 7.404 ; 7.404 ; 7.404 ;
; sel[2]     ; display1[4] ; 6.871 ; 7.322 ; 7.322 ; 6.871 ;
; sel[2]     ; display1[5] ; 7.275 ; 7.275 ; 7.275 ; 7.275 ;
; sel[2]     ; display1[6] ; 7.607 ; 7.607 ; 7.607 ; 7.607 ;
; sel[2]     ; display2[0] ; 6.897 ; 6.896 ; 6.896 ; 6.897 ;
; sel[2]     ; display2[3] ; 6.880 ; 6.879 ; 6.879 ; 6.880 ;
; sel[2]     ; display2[4] ; 6.890 ; 6.889 ; 6.889 ; 6.890 ;
; sel[2]     ; display2[5] ; 6.919 ; 6.918 ; 6.918 ; 6.919 ;
+------------+-------------+-------+-------+-------+-------+


+----------------------------------------------------------+
; Minimum Propagation Delay                                ;
+------------+-------------+-------+-------+-------+-------+
; Input Port ; Output Port ; RR    ; RF    ; FR    ; FF    ;
+------------+-------------+-------+-------+-------+-------+
; a[0]       ; display1[0] ; 4.770 ; 4.770 ; 4.770 ; 4.770 ;
; a[0]       ; display1[1] ; 5.296 ; 5.296 ; 5.296 ; 5.296 ;
; a[0]       ; display1[2] ; 4.704 ; 4.704 ; 4.704 ; 4.704 ;
; a[0]       ; display1[3] ; 4.824 ; 4.824 ; 4.824 ; 4.824 ;
; a[0]       ; display1[4] ; 4.744 ; 4.744 ; 4.744 ; 4.744 ;
; a[0]       ; display1[5] ; 4.701 ; 4.701 ; 4.701 ; 4.701 ;
; a[0]       ; display1[6] ; 5.023 ; 5.023 ; 5.023 ; 5.023 ;
; a[0]       ; display2[0] ; 5.592 ; 5.592 ; 5.592 ; 5.592 ;
; a[0]       ; display2[3] ; 5.575 ; 5.575 ; 5.575 ; 5.575 ;
; a[0]       ; display2[4] ; 5.585 ; 5.585 ; 5.585 ; 5.585 ;
; a[0]       ; display2[5] ; 5.614 ; 5.614 ; 5.614 ; 5.614 ;
; a[0]       ; led         ; 4.967 ; 4.967 ; 4.967 ; 4.967 ;
; a[1]       ; display1[0] ; 4.599 ; 4.599 ; 4.599 ; 4.599 ;
; a[1]       ; display1[1] ; 5.139 ; 5.139 ; 5.139 ; 5.139 ;
; a[1]       ; display1[2] ; 4.548 ; 4.548 ; 4.548 ; 4.548 ;
; a[1]       ; display1[3] ; 4.665 ; 4.665 ; 4.665 ; 4.665 ;
; a[1]       ; display1[4] ; 4.576 ; 4.576 ; 4.576 ; 4.576 ;
; a[1]       ; display1[5] ; 4.529 ; 4.529 ; 4.529 ; 4.529 ;
; a[1]       ; display1[6] ; 4.861 ; 4.861 ; 4.861 ; 4.861 ;
; a[1]       ; display2[0] ; 5.304 ; 5.304 ; 5.304 ; 5.304 ;
; a[1]       ; display2[3] ; 5.287 ; 5.287 ; 5.287 ; 5.287 ;
; a[1]       ; display2[4] ; 5.297 ; 5.297 ; 5.297 ; 5.297 ;
; a[1]       ; display2[5] ; 5.326 ; 5.326 ; 5.326 ; 5.326 ;
; a[1]       ; led         ; 4.679 ; 4.679 ; 4.679 ; 4.679 ;
; a[2]       ; display1[0] ; 4.516 ; 4.516 ; 4.516 ; 4.516 ;
; a[2]       ; display1[1] ; 5.044 ; 5.044 ; 5.044 ; 5.044 ;
; a[2]       ; display1[2] ; 4.456 ; 4.456 ; 4.456 ; 4.456 ;
; a[2]       ; display1[3] ; 4.570 ; 4.570 ; 4.570 ; 4.570 ;
; a[2]       ; display1[4] ; 4.490 ; 4.490 ; 4.490 ; 4.490 ;
; a[2]       ; display1[5] ; 4.449 ; 4.449 ; 4.449 ; 4.449 ;
; a[2]       ; display1[6] ; 4.773 ; 4.773 ; 4.773 ; 4.773 ;
; a[2]       ; display2[0] ; 5.394 ; 5.394 ; 5.394 ; 5.394 ;
; a[2]       ; display2[3] ; 5.377 ; 5.377 ; 5.377 ; 5.377 ;
; a[2]       ; display2[4] ; 5.387 ; 5.387 ; 5.387 ; 5.387 ;
; a[2]       ; display2[5] ; 5.416 ; 5.416 ; 5.416 ; 5.416 ;
; a[2]       ; led         ; 4.769 ; 4.769 ; 4.769 ; 4.769 ;
; a[3]       ; display1[0] ; 4.582 ; 4.582 ; 4.582 ; 4.582 ;
; a[3]       ; display1[1] ; 5.122 ; 5.122 ; 5.122 ; 5.122 ;
; a[3]       ; display1[2] ; 4.531 ; 4.531 ; 4.531 ; 4.531 ;
; a[3]       ; display1[3] ; 4.641 ; 4.641 ; 4.641 ; 4.641 ;
; a[3]       ; display1[4] ; 4.559 ; 4.559 ; 4.559 ; 4.559 ;
; a[3]       ; display1[5] ; 4.512 ; 4.512 ; 4.512 ; 4.512 ;
; a[3]       ; display1[6] ; 4.844 ; 4.844 ; 4.844 ; 4.844 ;
; a[3]       ; display2[0] ; 4.876 ; 4.876 ; 4.876 ; 4.876 ;
; a[3]       ; display2[3] ; 4.859 ; 4.859 ; 4.859 ; 4.859 ;
; a[3]       ; display2[4] ; 4.869 ; 4.869 ; 4.869 ; 4.869 ;
; a[3]       ; display2[5] ; 4.898 ; 4.898 ; 4.898 ; 4.898 ;
; a[3]       ; led         ; 4.387 ; 4.387 ; 4.387 ; 4.387 ;
; a[4]       ; display2[0] ; 4.538 ; 4.538 ; 4.538 ; 4.538 ;
; a[4]       ; display2[3] ; 4.521 ; 4.521 ; 4.521 ; 4.521 ;
; a[4]       ; display2[4] ; 4.531 ; 4.531 ; 4.531 ; 4.531 ;
; a[4]       ; display2[5] ; 4.560 ; 4.560 ; 4.560 ; 4.560 ;
; a[4]       ; led         ; 4.049 ; 4.049 ; 4.049 ; 4.049 ;
; b[0]       ; display1[0] ; 4.650 ; 4.650 ; 4.650 ; 4.650 ;
; b[0]       ; display1[1] ; 5.176 ; 5.176 ; 5.176 ; 5.176 ;
; b[0]       ; display1[2] ; 4.584 ; 4.584 ; 4.584 ; 4.584 ;
; b[0]       ; display1[3] ; 4.704 ; 4.704 ; 4.704 ; 4.704 ;
; b[0]       ; display1[4] ; 4.624 ; 4.624 ; 4.624 ; 4.624 ;
; b[0]       ; display1[5] ; 4.581 ; 4.581 ; 4.581 ; 4.581 ;
; b[0]       ; display1[6] ; 4.903 ; 4.903 ; 4.903 ; 4.903 ;
; b[0]       ; display2[0] ; 5.043 ; 5.043 ; 5.043 ; 5.043 ;
; b[0]       ; display2[3] ; 5.026 ; 5.026 ; 5.026 ; 5.026 ;
; b[0]       ; display2[4] ; 5.036 ; 5.036 ; 5.036 ; 5.036 ;
; b[0]       ; display2[5] ; 5.065 ; 5.065 ; 5.065 ; 5.065 ;
; b[0]       ; led         ; 4.418 ; 4.418 ; 4.418 ; 4.418 ;
; b[1]       ; display1[0] ; 4.427 ; 4.427 ; 4.427 ; 4.427 ;
; b[1]       ; display1[1] ; 4.967 ; 4.967 ; 4.967 ; 4.967 ;
; b[1]       ; display1[2] ; 4.376 ; 4.376 ; 4.376 ; 4.376 ;
; b[1]       ; display1[3] ; 4.493 ; 4.493 ; 4.493 ; 4.493 ;
; b[1]       ; display1[4] ; 4.404 ; 4.404 ; 4.404 ; 4.404 ;
; b[1]       ; display1[5] ; 4.357 ; 4.357 ; 4.357 ; 4.357 ;
; b[1]       ; display1[6] ; 4.689 ; 4.689 ; 4.689 ; 4.689 ;
; b[1]       ; display2[0] ; 4.991 ; 4.991 ; 4.991 ; 4.991 ;
; b[1]       ; display2[3] ; 4.974 ; 4.974 ; 4.974 ; 4.974 ;
; b[1]       ; display2[4] ; 4.984 ; 4.984 ; 4.984 ; 4.984 ;
; b[1]       ; display2[5] ; 5.013 ; 5.013 ; 5.013 ; 5.013 ;
; b[1]       ; led         ; 4.366 ; 4.366 ; 4.366 ; 4.366 ;
; b[2]       ; display1[0] ; 4.635 ; 4.635 ; 4.635 ; 4.635 ;
; b[2]       ; display1[1] ; 5.163 ; 5.163 ; 5.163 ; 5.163 ;
; b[2]       ; display1[2] ; 4.575 ; 4.575 ; 4.575 ; 4.575 ;
; b[2]       ; display1[3] ; 4.689 ; 4.689 ; 4.689 ; 4.689 ;
; b[2]       ; display1[4] ; 4.609 ; 4.609 ; 4.609 ; 4.609 ;
; b[2]       ; display1[5] ; 4.568 ; 4.568 ; 4.568 ; 4.568 ;
; b[2]       ; display1[6] ; 4.892 ; 4.892 ; 4.892 ; 4.892 ;
; b[2]       ; display2[0] ; 5.362 ; 5.362 ; 5.362 ; 5.362 ;
; b[2]       ; display2[3] ; 5.345 ; 5.345 ; 5.345 ; 5.345 ;
; b[2]       ; display2[4] ; 5.355 ; 5.355 ; 5.355 ; 5.355 ;
; b[2]       ; display2[5] ; 5.384 ; 5.384 ; 5.384 ; 5.384 ;
; b[2]       ; led         ; 4.737 ; 4.737 ; 4.737 ; 4.737 ;
; b[3]       ; display1[0] ; 4.737 ; 4.737 ; 4.737 ; 4.737 ;
; b[3]       ; display1[1] ; 5.277 ; 5.277 ; 5.277 ; 5.277 ;
; b[3]       ; display1[2] ; 4.686 ; 4.686 ; 4.686 ; 4.686 ;
; b[3]       ; display1[3] ; 4.796 ; 4.796 ; 4.796 ; 4.796 ;
; b[3]       ; display1[4] ; 4.714 ; 4.714 ; 4.714 ; 4.714 ;
; b[3]       ; display1[5] ; 4.667 ; 4.667 ; 4.667 ; 4.667 ;
; b[3]       ; display1[6] ; 4.999 ; 4.999 ; 4.999 ; 4.999 ;
; b[3]       ; display2[0] ; 5.124 ; 5.124 ; 5.124 ; 5.124 ;
; b[3]       ; display2[3] ; 5.107 ; 5.107 ; 5.107 ; 5.107 ;
; b[3]       ; display2[4] ; 5.117 ; 5.117 ; 5.117 ; 5.117 ;
; b[3]       ; display2[5] ; 5.146 ; 5.146 ; 5.146 ; 5.146 ;
; b[3]       ; led         ; 4.611 ; 4.611 ; 4.611 ; 4.611 ;
; b[4]       ; display2[0] ; 4.976 ; 4.976 ; 4.976 ; 4.976 ;
; b[4]       ; display2[3] ; 4.959 ; 4.959 ; 4.959 ; 4.959 ;
; b[4]       ; display2[4] ; 4.969 ; 4.969 ; 4.969 ; 4.969 ;
; b[4]       ; display2[5] ; 4.998 ; 4.998 ; 4.998 ; 4.998 ;
; b[4]       ; led         ; 4.489 ; 4.489 ; 4.489 ; 4.489 ;
; sel[0]     ; display1[0] ; 6.751 ; 6.751 ; 6.751 ; 6.751 ;
; sel[0]     ; display1[1] ; 7.279 ; 7.343 ; 7.343 ; 7.279 ;
; sel[0]     ; display1[2] ; 6.691 ; 6.691 ; 6.691 ; 6.691 ;
; sel[0]     ; display1[3] ; 6.805 ; 6.805 ; 6.805 ; 6.805 ;
; sel[0]     ; display1[4] ; 6.725 ; 6.725 ; 6.725 ; 6.725 ;
; sel[0]     ; display1[5] ; 6.684 ; 6.684 ; 6.684 ; 6.684 ;
; sel[0]     ; display1[6] ; 7.008 ; 7.008 ; 7.008 ; 7.008 ;
; sel[0]     ; display2[0] ; 7.198 ; 7.216 ; 7.216 ; 7.198 ;
; sel[0]     ; display2[3] ; 7.181 ; 7.199 ; 7.199 ; 7.181 ;
; sel[0]     ; display2[4] ; 7.191 ; 7.209 ; 7.209 ; 7.191 ;
; sel[0]     ; display2[5] ; 7.220 ; 7.238 ; 7.238 ; 7.220 ;
; sel[0]     ; led         ; 6.519 ; 6.519 ; 6.519 ; 6.519 ;
; sel[1]     ; display1[0] ; 6.523 ; 6.523 ; 6.523 ; 6.523 ;
; sel[1]     ; display1[1] ; 7.051 ; 7.394 ; 7.394 ; 7.051 ;
; sel[1]     ; display1[2] ; 6.463 ; 6.463 ; 6.463 ; 6.463 ;
; sel[1]     ; display1[3] ; 6.577 ; 6.577 ; 6.577 ; 6.577 ;
; sel[1]     ; display1[4] ; 6.497 ; 6.497 ; 6.497 ; 6.497 ;
; sel[1]     ; display1[5] ; 6.456 ; 6.456 ; 6.456 ; 6.456 ;
; sel[1]     ; display1[6] ; 6.780 ; 6.780 ; 6.780 ; 6.780 ;
; sel[1]     ; display2[0] ; 6.821 ; 6.770 ; 6.770 ; 6.821 ;
; sel[1]     ; display2[3] ; 6.804 ; 6.753 ; 6.753 ; 6.804 ;
; sel[1]     ; display2[4] ; 6.814 ; 6.763 ; 6.763 ; 6.814 ;
; sel[1]     ; display2[5] ; 6.843 ; 6.792 ; 6.792 ; 6.843 ;
; sel[1]     ; led         ; 6.357 ; 6.357 ; 6.357 ; 6.357 ;
; sel[2]     ; display1[0] ; 6.625 ; 6.625 ; 6.625 ; 6.625 ;
; sel[2]     ; display1[1] ; 7.165 ; 7.162 ; 7.162 ; 7.165 ;
; sel[2]     ; display1[2] ; 6.574 ; 6.574 ; 6.574 ; 6.574 ;
; sel[2]     ; display1[3] ; 6.684 ; 6.684 ; 6.684 ; 6.684 ;
; sel[2]     ; display1[4] ; 6.602 ; 6.608 ; 6.608 ; 6.602 ;
; sel[2]     ; display1[5] ; 6.555 ; 6.555 ; 6.555 ; 6.555 ;
; sel[2]     ; display1[6] ; 6.887 ; 6.887 ; 6.887 ; 6.887 ;
; sel[2]     ; display2[0] ; 6.801 ; 6.896 ; 6.896 ; 6.801 ;
; sel[2]     ; display2[3] ; 6.784 ; 6.879 ; 6.879 ; 6.784 ;
; sel[2]     ; display2[4] ; 6.794 ; 6.889 ; 6.889 ; 6.794 ;
; sel[2]     ; display2[5] ; 6.823 ; 6.918 ; 6.918 ; 6.823 ;
+------------+-------------+-------+-------+-------+-------+


+----------------------------------------------------------------------------+
; Multicorner Timing Analysis Summary                                        ;
+------------------+-------+------+----------+---------+---------------------+
; Clock            ; Setup ; Hold ; Recovery ; Removal ; Minimum Pulse Width ;
+------------------+-------+------+----------+---------+---------------------+
; Worst-case Slack ; N/A   ; N/A  ; N/A      ; N/A     ; N/A                 ;
; Design-wide TNS  ; 0.0   ; 0.0  ; 0.0      ; 0.0     ; 0.0                 ;
+------------------+-------+------+----------+---------+---------------------+


+--------------------------------------------------------------+
; Progagation Delay                                            ;
+------------+-------------+--------+--------+--------+--------+
; Input Port ; Output Port ; RR     ; RF     ; FR     ; FF     ;
+------------+-------------+--------+--------+--------+--------+
; a[0]       ; display1[0] ; 16.455 ; 16.455 ; 16.455 ; 16.455 ;
; a[0]       ; display1[1] ; 17.577 ; 17.577 ; 17.577 ; 17.577 ;
; a[0]       ; display1[2] ; 16.230 ; 16.230 ; 16.230 ; 16.230 ;
; a[0]       ; display1[3] ; 16.541 ; 16.541 ; 16.541 ; 16.541 ;
; a[0]       ; display1[4] ; 16.272 ; 16.272 ; 16.272 ; 16.272 ;
; a[0]       ; display1[5] ; 16.102 ; 16.102 ; 16.102 ; 16.102 ;
; a[0]       ; display1[6] ; 17.147 ; 17.147 ; 17.147 ; 17.147 ;
; a[0]       ; display2[0] ; 15.311 ; 15.311 ; 15.311 ; 15.311 ;
; a[0]       ; display2[3] ; 15.297 ; 15.297 ; 15.297 ; 15.297 ;
; a[0]       ; display2[4] ; 15.307 ; 15.307 ; 15.307 ; 15.307 ;
; a[0]       ; display2[5] ; 15.338 ; 15.338 ; 15.338 ; 15.338 ;
; a[0]       ; led         ; 14.315 ; 14.315 ; 14.315 ; 14.315 ;
; a[1]       ; display1[0] ; 15.737 ; 15.737 ; 15.737 ; 15.737 ;
; a[1]       ; display1[1] ; 16.859 ; 16.859 ; 16.859 ; 16.859 ;
; a[1]       ; display1[2] ; 15.512 ; 15.512 ; 15.512 ; 15.512 ;
; a[1]       ; display1[3] ; 15.823 ; 15.823 ; 15.823 ; 15.823 ;
; a[1]       ; display1[4] ; 15.554 ; 15.554 ; 15.554 ; 15.554 ;
; a[1]       ; display1[5] ; 15.384 ; 15.384 ; 15.384 ; 15.384 ;
; a[1]       ; display1[6] ; 16.429 ; 16.429 ; 16.429 ; 16.429 ;
; a[1]       ; display2[0] ; 14.339 ; 14.339 ; 14.339 ; 14.339 ;
; a[1]       ; display2[3] ; 14.325 ; 14.325 ; 14.325 ; 14.325 ;
; a[1]       ; display2[4] ; 14.335 ; 14.335 ; 14.335 ; 14.335 ;
; a[1]       ; display2[5] ; 14.366 ; 14.366 ; 14.366 ; 14.366 ;
; a[1]       ; led         ; 13.597 ; 13.597 ; 13.597 ; 13.597 ;
; a[2]       ; display1[0] ; 15.981 ; 15.981 ; 15.981 ; 15.981 ;
; a[2]       ; display1[1] ; 17.103 ; 17.103 ; 17.103 ; 17.103 ;
; a[2]       ; display1[2] ; 15.756 ; 15.756 ; 15.756 ; 15.756 ;
; a[2]       ; display1[3] ; 16.067 ; 16.067 ; 16.067 ; 16.067 ;
; a[2]       ; display1[4] ; 15.798 ; 15.798 ; 15.798 ; 15.798 ;
; a[2]       ; display1[5] ; 15.628 ; 15.628 ; 15.628 ; 15.628 ;
; a[2]       ; display1[6] ; 16.673 ; 16.673 ; 16.673 ; 16.673 ;
; a[2]       ; display2[0] ; 14.583 ; 14.583 ; 14.583 ; 14.583 ;
; a[2]       ; display2[3] ; 14.569 ; 14.569 ; 14.569 ; 14.569 ;
; a[2]       ; display2[4] ; 14.579 ; 14.579 ; 14.579 ; 14.579 ;
; a[2]       ; display2[5] ; 14.610 ; 14.610 ; 14.610 ; 14.610 ;
; a[2]       ; led         ; 13.841 ; 13.841 ; 13.841 ; 13.841 ;
; a[3]       ; display1[0] ; 15.672 ; 15.672 ; 15.672 ; 15.672 ;
; a[3]       ; display1[1] ; 16.794 ; 16.794 ; 16.794 ; 16.794 ;
; a[3]       ; display1[2] ; 15.447 ; 15.447 ; 15.447 ; 15.447 ;
; a[3]       ; display1[3] ; 15.758 ; 15.758 ; 15.758 ; 15.758 ;
; a[3]       ; display1[4] ; 15.489 ; 15.489 ; 15.489 ; 15.489 ;
; a[3]       ; display1[5] ; 15.319 ; 15.319 ; 15.319 ; 15.319 ;
; a[3]       ; display1[6] ; 16.364 ; 16.364 ; 16.364 ; 16.364 ;
; a[3]       ; display2[0] ; 14.274 ; 14.274 ; 14.274 ; 14.274 ;
; a[3]       ; display2[3] ; 14.260 ; 14.260 ; 14.260 ; 14.260 ;
; a[3]       ; display2[4] ; 14.270 ; 14.270 ; 14.270 ; 14.270 ;
; a[3]       ; display2[5] ; 14.301 ; 14.301 ; 14.301 ; 14.301 ;
; a[3]       ; led         ; 13.532 ; 13.532 ; 13.532 ; 13.532 ;
; a[4]       ; display2[0] ; 13.931 ; 13.931 ; 13.931 ; 13.931 ;
; a[4]       ; display2[3] ; 13.917 ; 13.917 ; 13.917 ; 13.917 ;
; a[4]       ; display2[4] ; 13.927 ; 13.927 ; 13.927 ; 13.927 ;
; a[4]       ; display2[5] ; 13.958 ; 13.958 ; 13.958 ; 13.958 ;
; a[4]       ; led         ; 13.189 ; 13.189 ; 13.189 ; 13.189 ;
; b[0]       ; display1[0] ; 15.523 ; 15.523 ; 15.523 ; 15.523 ;
; b[0]       ; display1[1] ; 16.645 ; 16.645 ; 16.645 ; 16.645 ;
; b[0]       ; display1[2] ; 15.298 ; 15.298 ; 15.298 ; 15.298 ;
; b[0]       ; display1[3] ; 15.609 ; 15.609 ; 15.609 ; 15.609 ;
; b[0]       ; display1[4] ; 15.340 ; 15.340 ; 15.340 ; 15.340 ;
; b[0]       ; display1[5] ; 15.170 ; 15.170 ; 15.170 ; 15.170 ;
; b[0]       ; display1[6] ; 16.215 ; 16.215 ; 16.215 ; 16.215 ;
; b[0]       ; display2[0] ; 15.106 ; 15.106 ; 15.106 ; 15.106 ;
; b[0]       ; display2[3] ; 15.092 ; 15.092 ; 15.092 ; 15.092 ;
; b[0]       ; display2[4] ; 15.102 ; 15.102 ; 15.102 ; 15.102 ;
; b[0]       ; display2[5] ; 15.133 ; 15.133 ; 15.133 ; 15.133 ;
; b[0]       ; led         ; 13.900 ; 13.900 ; 13.900 ; 13.900 ;
; b[1]       ; display1[0] ; 15.439 ; 15.439 ; 15.439 ; 15.439 ;
; b[1]       ; display1[1] ; 16.561 ; 16.561 ; 16.561 ; 16.561 ;
; b[1]       ; display1[2] ; 15.214 ; 15.214 ; 15.214 ; 15.214 ;
; b[1]       ; display1[3] ; 15.525 ; 15.525 ; 15.525 ; 15.525 ;
; b[1]       ; display1[4] ; 15.256 ; 15.256 ; 15.256 ; 15.256 ;
; b[1]       ; display1[5] ; 15.086 ; 15.086 ; 15.086 ; 15.086 ;
; b[1]       ; display1[6] ; 16.131 ; 16.131 ; 16.131 ; 16.131 ;
; b[1]       ; display2[0] ; 14.575 ; 14.575 ; 14.575 ; 14.575 ;
; b[1]       ; display2[3] ; 14.561 ; 14.561 ; 14.561 ; 14.561 ;
; b[1]       ; display2[4] ; 14.571 ; 14.571 ; 14.571 ; 14.571 ;
; b[1]       ; display2[5] ; 14.602 ; 14.602 ; 14.602 ; 14.602 ;
; b[1]       ; led         ; 13.369 ; 13.369 ; 13.369 ; 13.369 ;
; b[2]       ; display1[0] ; 16.282 ; 16.282 ; 16.282 ; 16.282 ;
; b[2]       ; display1[1] ; 17.404 ; 17.404 ; 17.404 ; 17.404 ;
; b[2]       ; display1[2] ; 16.057 ; 16.057 ; 16.057 ; 16.057 ;
; b[2]       ; display1[3] ; 16.368 ; 16.368 ; 16.368 ; 16.368 ;
; b[2]       ; display1[4] ; 16.099 ; 16.099 ; 16.099 ; 16.099 ;
; b[2]       ; display1[5] ; 15.929 ; 15.929 ; 15.929 ; 15.929 ;
; b[2]       ; display1[6] ; 16.974 ; 16.974 ; 16.974 ; 16.974 ;
; b[2]       ; display2[0] ; 14.884 ; 14.884 ; 14.884 ; 14.884 ;
; b[2]       ; display2[3] ; 14.870 ; 14.870 ; 14.870 ; 14.870 ;
; b[2]       ; display2[4] ; 14.880 ; 14.880 ; 14.880 ; 14.880 ;
; b[2]       ; display2[5] ; 14.911 ; 14.911 ; 14.911 ; 14.911 ;
; b[2]       ; led         ; 14.142 ; 14.142 ; 14.142 ; 14.142 ;
; b[3]       ; display1[0] ; 15.950 ; 15.950 ; 15.950 ; 15.950 ;
; b[3]       ; display1[1] ; 17.072 ; 17.072 ; 17.072 ; 17.072 ;
; b[3]       ; display1[2] ; 15.725 ; 15.725 ; 15.725 ; 15.725 ;
; b[3]       ; display1[3] ; 16.036 ; 16.036 ; 16.036 ; 16.036 ;
; b[3]       ; display1[4] ; 15.767 ; 15.767 ; 15.767 ; 15.767 ;
; b[3]       ; display1[5] ; 15.597 ; 15.597 ; 15.597 ; 15.597 ;
; b[3]       ; display1[6] ; 16.642 ; 16.642 ; 16.642 ; 16.642 ;
; b[3]       ; display2[0] ; 14.552 ; 14.552 ; 14.552 ; 14.552 ;
; b[3]       ; display2[3] ; 14.538 ; 14.538 ; 14.538 ; 14.538 ;
; b[3]       ; display2[4] ; 14.548 ; 14.548 ; 14.548 ; 14.548 ;
; b[3]       ; display2[5] ; 14.579 ; 14.579 ; 14.579 ; 14.579 ;
; b[3]       ; led         ; 13.810 ; 13.810 ; 13.810 ; 13.810 ;
; b[4]       ; display2[0] ; 14.602 ; 14.602 ; 14.602 ; 14.602 ;
; b[4]       ; display2[3] ; 14.588 ; 14.588 ; 14.588 ; 14.588 ;
; b[4]       ; display2[4] ; 14.598 ; 14.598 ; 14.598 ; 14.598 ;
; b[4]       ; display2[5] ; 14.629 ; 14.629 ; 14.629 ; 14.629 ;
; b[4]       ; led         ; 13.860 ; 13.860 ; 13.860 ; 13.860 ;
; sel[0]     ; display1[0] ; 18.825 ; 18.825 ; 18.825 ; 18.825 ;
; sel[0]     ; display1[1] ; 19.947 ; 19.947 ; 19.947 ; 19.947 ;
; sel[0]     ; display1[2] ; 18.600 ; 18.600 ; 18.600 ; 18.600 ;
; sel[0]     ; display1[3] ; 18.911 ; 18.911 ; 18.911 ; 18.911 ;
; sel[0]     ; display1[4] ; 18.642 ; 18.642 ; 18.642 ; 18.642 ;
; sel[0]     ; display1[5] ; 18.472 ; 18.472 ; 18.472 ; 18.472 ;
; sel[0]     ; display1[6] ; 19.517 ; 19.517 ; 19.517 ; 19.517 ;
; sel[0]     ; display2[0] ; 19.676 ; 19.676 ; 19.676 ; 19.676 ;
; sel[0]     ; display2[3] ; 19.662 ; 19.662 ; 19.662 ; 19.662 ;
; sel[0]     ; display2[4] ; 19.672 ; 19.672 ; 19.672 ; 19.672 ;
; sel[0]     ; display2[5] ; 19.703 ; 19.703 ; 19.703 ; 19.703 ;
; sel[0]     ; led         ; 18.470 ; 18.470 ; 18.470 ; 18.470 ;
; sel[1]     ; display1[0] ; 18.592 ; 18.592 ; 18.592 ; 18.592 ;
; sel[1]     ; display1[1] ; 19.714 ; 19.714 ; 19.714 ; 19.714 ;
; sel[1]     ; display1[2] ; 18.367 ; 18.367 ; 18.367 ; 18.367 ;
; sel[1]     ; display1[3] ; 18.678 ; 18.678 ; 18.678 ; 18.678 ;
; sel[1]     ; display1[4] ; 18.409 ; 18.409 ; 18.409 ; 18.409 ;
; sel[1]     ; display1[5] ; 18.239 ; 18.239 ; 18.239 ; 18.239 ;
; sel[1]     ; display1[6] ; 19.284 ; 19.284 ; 19.284 ; 19.284 ;
; sel[1]     ; display2[0] ; 19.443 ; 19.443 ; 19.443 ; 19.443 ;
; sel[1]     ; display2[3] ; 19.429 ; 19.429 ; 19.429 ; 19.429 ;
; sel[1]     ; display2[4] ; 19.439 ; 19.439 ; 19.439 ; 19.439 ;
; sel[1]     ; display2[5] ; 19.470 ; 19.470 ; 19.470 ; 19.470 ;
; sel[1]     ; led         ; 18.237 ; 18.237 ; 18.237 ; 18.237 ;
; sel[2]     ; display1[0] ; 15.631 ; 15.631 ; 15.631 ; 15.631 ;
; sel[2]     ; display1[1] ; 16.753 ; 16.753 ; 16.753 ; 16.753 ;
; sel[2]     ; display1[2] ; 15.406 ; 15.406 ; 15.406 ; 15.406 ;
; sel[2]     ; display1[3] ; 15.717 ; 15.717 ; 15.717 ; 15.717 ;
; sel[2]     ; display1[4] ; 14.163 ; 15.448 ; 15.448 ; 14.163 ;
; sel[2]     ; display1[5] ; 15.278 ; 15.278 ; 15.278 ; 15.278 ;
; sel[2]     ; display1[6] ; 16.323 ; 16.323 ; 16.323 ; 16.323 ;
; sel[2]     ; display2[0] ; 14.363 ; 14.476 ; 14.476 ; 14.363 ;
; sel[2]     ; display2[3] ; 14.349 ; 14.462 ; 14.462 ; 14.349 ;
; sel[2]     ; display2[4] ; 14.359 ; 14.472 ; 14.472 ; 14.359 ;
; sel[2]     ; display2[5] ; 14.390 ; 14.503 ; 14.503 ; 14.390 ;
+------------+-------------+--------+--------+--------+--------+


+----------------------------------------------------------+
; Minimum Progagation Delay                                ;
+------------+-------------+-------+-------+-------+-------+
; Input Port ; Output Port ; RR    ; RF    ; FR    ; FF    ;
+------------+-------------+-------+-------+-------+-------+
; a[0]       ; display1[0] ; 4.770 ; 4.770 ; 4.770 ; 4.770 ;
; a[0]       ; display1[1] ; 5.296 ; 5.296 ; 5.296 ; 5.296 ;
; a[0]       ; display1[2] ; 4.704 ; 4.704 ; 4.704 ; 4.704 ;
; a[0]       ; display1[3] ; 4.824 ; 4.824 ; 4.824 ; 4.824 ;
; a[0]       ; display1[4] ; 4.744 ; 4.744 ; 4.744 ; 4.744 ;
; a[0]       ; display1[5] ; 4.701 ; 4.701 ; 4.701 ; 4.701 ;
; a[0]       ; display1[6] ; 5.023 ; 5.023 ; 5.023 ; 5.023 ;
; a[0]       ; display2[0] ; 5.592 ; 5.592 ; 5.592 ; 5.592 ;
; a[0]       ; display2[3] ; 5.575 ; 5.575 ; 5.575 ; 5.575 ;
; a[0]       ; display2[4] ; 5.585 ; 5.585 ; 5.585 ; 5.585 ;
; a[0]       ; display2[5] ; 5.614 ; 5.614 ; 5.614 ; 5.614 ;
; a[0]       ; led         ; 4.967 ; 4.967 ; 4.967 ; 4.967 ;
; a[1]       ; display1[0] ; 4.599 ; 4.599 ; 4.599 ; 4.599 ;
; a[1]       ; display1[1] ; 5.139 ; 5.139 ; 5.139 ; 5.139 ;
; a[1]       ; display1[2] ; 4.548 ; 4.548 ; 4.548 ; 4.548 ;
; a[1]       ; display1[3] ; 4.665 ; 4.665 ; 4.665 ; 4.665 ;
; a[1]       ; display1[4] ; 4.576 ; 4.576 ; 4.576 ; 4.576 ;
; a[1]       ; display1[5] ; 4.529 ; 4.529 ; 4.529 ; 4.529 ;
; a[1]       ; display1[6] ; 4.861 ; 4.861 ; 4.861 ; 4.861 ;
; a[1]       ; display2[0] ; 5.304 ; 5.304 ; 5.304 ; 5.304 ;
; a[1]       ; display2[3] ; 5.287 ; 5.287 ; 5.287 ; 5.287 ;
; a[1]       ; display2[4] ; 5.297 ; 5.297 ; 5.297 ; 5.297 ;
; a[1]       ; display2[5] ; 5.326 ; 5.326 ; 5.326 ; 5.326 ;
; a[1]       ; led         ; 4.679 ; 4.679 ; 4.679 ; 4.679 ;
; a[2]       ; display1[0] ; 4.516 ; 4.516 ; 4.516 ; 4.516 ;
; a[2]       ; display1[1] ; 5.044 ; 5.044 ; 5.044 ; 5.044 ;
; a[2]       ; display1[2] ; 4.456 ; 4.456 ; 4.456 ; 4.456 ;
; a[2]       ; display1[3] ; 4.570 ; 4.570 ; 4.570 ; 4.570 ;
; a[2]       ; display1[4] ; 4.490 ; 4.490 ; 4.490 ; 4.490 ;
; a[2]       ; display1[5] ; 4.449 ; 4.449 ; 4.449 ; 4.449 ;
; a[2]       ; display1[6] ; 4.773 ; 4.773 ; 4.773 ; 4.773 ;
; a[2]       ; display2[0] ; 5.394 ; 5.394 ; 5.394 ; 5.394 ;
; a[2]       ; display2[3] ; 5.377 ; 5.377 ; 5.377 ; 5.377 ;
; a[2]       ; display2[4] ; 5.387 ; 5.387 ; 5.387 ; 5.387 ;
; a[2]       ; display2[5] ; 5.416 ; 5.416 ; 5.416 ; 5.416 ;
; a[2]       ; led         ; 4.769 ; 4.769 ; 4.769 ; 4.769 ;
; a[3]       ; display1[0] ; 4.582 ; 4.582 ; 4.582 ; 4.582 ;
; a[3]       ; display1[1] ; 5.122 ; 5.122 ; 5.122 ; 5.122 ;
; a[3]       ; display1[2] ; 4.531 ; 4.531 ; 4.531 ; 4.531 ;
; a[3]       ; display1[3] ; 4.641 ; 4.641 ; 4.641 ; 4.641 ;
; a[3]       ; display1[4] ; 4.559 ; 4.559 ; 4.559 ; 4.559 ;
; a[3]       ; display1[5] ; 4.512 ; 4.512 ; 4.512 ; 4.512 ;
; a[3]       ; display1[6] ; 4.844 ; 4.844 ; 4.844 ; 4.844 ;
; a[3]       ; display2[0] ; 4.876 ; 4.876 ; 4.876 ; 4.876 ;
; a[3]       ; display2[3] ; 4.859 ; 4.859 ; 4.859 ; 4.859 ;
; a[3]       ; display2[4] ; 4.869 ; 4.869 ; 4.869 ; 4.869 ;
; a[3]       ; display2[5] ; 4.898 ; 4.898 ; 4.898 ; 4.898 ;
; a[3]       ; led         ; 4.387 ; 4.387 ; 4.387 ; 4.387 ;
; a[4]       ; display2[0] ; 4.538 ; 4.538 ; 4.538 ; 4.538 ;
; a[4]       ; display2[3] ; 4.521 ; 4.521 ; 4.521 ; 4.521 ;
; a[4]       ; display2[4] ; 4.531 ; 4.531 ; 4.531 ; 4.531 ;
; a[4]       ; display2[5] ; 4.560 ; 4.560 ; 4.560 ; 4.560 ;
; a[4]       ; led         ; 4.049 ; 4.049 ; 4.049 ; 4.049 ;
; b[0]       ; display1[0] ; 4.650 ; 4.650 ; 4.650 ; 4.650 ;
; b[0]       ; display1[1] ; 5.176 ; 5.176 ; 5.176 ; 5.176 ;
; b[0]       ; display1[2] ; 4.584 ; 4.584 ; 4.584 ; 4.584 ;
; b[0]       ; display1[3] ; 4.704 ; 4.704 ; 4.704 ; 4.704 ;
; b[0]       ; display1[4] ; 4.624 ; 4.624 ; 4.624 ; 4.624 ;
; b[0]       ; display1[5] ; 4.581 ; 4.581 ; 4.581 ; 4.581 ;
; b[0]       ; display1[6] ; 4.903 ; 4.903 ; 4.903 ; 4.903 ;
; b[0]       ; display2[0] ; 5.043 ; 5.043 ; 5.043 ; 5.043 ;
; b[0]       ; display2[3] ; 5.026 ; 5.026 ; 5.026 ; 5.026 ;
; b[0]       ; display2[4] ; 5.036 ; 5.036 ; 5.036 ; 5.036 ;
; b[0]       ; display2[5] ; 5.065 ; 5.065 ; 5.065 ; 5.065 ;
; b[0]       ; led         ; 4.418 ; 4.418 ; 4.418 ; 4.418 ;
; b[1]       ; display1[0] ; 4.427 ; 4.427 ; 4.427 ; 4.427 ;
; b[1]       ; display1[1] ; 4.967 ; 4.967 ; 4.967 ; 4.967 ;
; b[1]       ; display1[2] ; 4.376 ; 4.376 ; 4.376 ; 4.376 ;
; b[1]       ; display1[3] ; 4.493 ; 4.493 ; 4.493 ; 4.493 ;
; b[1]       ; display1[4] ; 4.404 ; 4.404 ; 4.404 ; 4.404 ;
; b[1]       ; display1[5] ; 4.357 ; 4.357 ; 4.357 ; 4.357 ;
; b[1]       ; display1[6] ; 4.689 ; 4.689 ; 4.689 ; 4.689 ;
; b[1]       ; display2[0] ; 4.991 ; 4.991 ; 4.991 ; 4.991 ;
; b[1]       ; display2[3] ; 4.974 ; 4.974 ; 4.974 ; 4.974 ;
; b[1]       ; display2[4] ; 4.984 ; 4.984 ; 4.984 ; 4.984 ;
; b[1]       ; display2[5] ; 5.013 ; 5.013 ; 5.013 ; 5.013 ;
; b[1]       ; led         ; 4.366 ; 4.366 ; 4.366 ; 4.366 ;
; b[2]       ; display1[0] ; 4.635 ; 4.635 ; 4.635 ; 4.635 ;
; b[2]       ; display1[1] ; 5.163 ; 5.163 ; 5.163 ; 5.163 ;
; b[2]       ; display1[2] ; 4.575 ; 4.575 ; 4.575 ; 4.575 ;
; b[2]       ; display1[3] ; 4.689 ; 4.689 ; 4.689 ; 4.689 ;
; b[2]       ; display1[4] ; 4.609 ; 4.609 ; 4.609 ; 4.609 ;
; b[2]       ; display1[5] ; 4.568 ; 4.568 ; 4.568 ; 4.568 ;
; b[2]       ; display1[6] ; 4.892 ; 4.892 ; 4.892 ; 4.892 ;
; b[2]       ; display2[0] ; 5.362 ; 5.362 ; 5.362 ; 5.362 ;
; b[2]       ; display2[3] ; 5.345 ; 5.345 ; 5.345 ; 5.345 ;
; b[2]       ; display2[4] ; 5.355 ; 5.355 ; 5.355 ; 5.355 ;
; b[2]       ; display2[5] ; 5.384 ; 5.384 ; 5.384 ; 5.384 ;
; b[2]       ; led         ; 4.737 ; 4.737 ; 4.737 ; 4.737 ;
; b[3]       ; display1[0] ; 4.737 ; 4.737 ; 4.737 ; 4.737 ;
; b[3]       ; display1[1] ; 5.277 ; 5.277 ; 5.277 ; 5.277 ;
; b[3]       ; display1[2] ; 4.686 ; 4.686 ; 4.686 ; 4.686 ;
; b[3]       ; display1[3] ; 4.796 ; 4.796 ; 4.796 ; 4.796 ;
; b[3]       ; display1[4] ; 4.714 ; 4.714 ; 4.714 ; 4.714 ;
; b[3]       ; display1[5] ; 4.667 ; 4.667 ; 4.667 ; 4.667 ;
; b[3]       ; display1[6] ; 4.999 ; 4.999 ; 4.999 ; 4.999 ;
; b[3]       ; display2[0] ; 5.124 ; 5.124 ; 5.124 ; 5.124 ;
; b[3]       ; display2[3] ; 5.107 ; 5.107 ; 5.107 ; 5.107 ;
; b[3]       ; display2[4] ; 5.117 ; 5.117 ; 5.117 ; 5.117 ;
; b[3]       ; display2[5] ; 5.146 ; 5.146 ; 5.146 ; 5.146 ;
; b[3]       ; led         ; 4.611 ; 4.611 ; 4.611 ; 4.611 ;
; b[4]       ; display2[0] ; 4.976 ; 4.976 ; 4.976 ; 4.976 ;
; b[4]       ; display2[3] ; 4.959 ; 4.959 ; 4.959 ; 4.959 ;
; b[4]       ; display2[4] ; 4.969 ; 4.969 ; 4.969 ; 4.969 ;
; b[4]       ; display2[5] ; 4.998 ; 4.998 ; 4.998 ; 4.998 ;
; b[4]       ; led         ; 4.489 ; 4.489 ; 4.489 ; 4.489 ;
; sel[0]     ; display1[0] ; 6.751 ; 6.751 ; 6.751 ; 6.751 ;
; sel[0]     ; display1[1] ; 7.279 ; 7.343 ; 7.343 ; 7.279 ;
; sel[0]     ; display1[2] ; 6.691 ; 6.691 ; 6.691 ; 6.691 ;
; sel[0]     ; display1[3] ; 6.805 ; 6.805 ; 6.805 ; 6.805 ;
; sel[0]     ; display1[4] ; 6.725 ; 6.725 ; 6.725 ; 6.725 ;
; sel[0]     ; display1[5] ; 6.684 ; 6.684 ; 6.684 ; 6.684 ;
; sel[0]     ; display1[6] ; 7.008 ; 7.008 ; 7.008 ; 7.008 ;
; sel[0]     ; display2[0] ; 7.198 ; 7.216 ; 7.216 ; 7.198 ;
; sel[0]     ; display2[3] ; 7.181 ; 7.199 ; 7.199 ; 7.181 ;
; sel[0]     ; display2[4] ; 7.191 ; 7.209 ; 7.209 ; 7.191 ;
; sel[0]     ; display2[5] ; 7.220 ; 7.238 ; 7.238 ; 7.220 ;
; sel[0]     ; led         ; 6.519 ; 6.519 ; 6.519 ; 6.519 ;
; sel[1]     ; display1[0] ; 6.523 ; 6.523 ; 6.523 ; 6.523 ;
; sel[1]     ; display1[1] ; 7.051 ; 7.394 ; 7.394 ; 7.051 ;
; sel[1]     ; display1[2] ; 6.463 ; 6.463 ; 6.463 ; 6.463 ;
; sel[1]     ; display1[3] ; 6.577 ; 6.577 ; 6.577 ; 6.577 ;
; sel[1]     ; display1[4] ; 6.497 ; 6.497 ; 6.497 ; 6.497 ;
; sel[1]     ; display1[5] ; 6.456 ; 6.456 ; 6.456 ; 6.456 ;
; sel[1]     ; display1[6] ; 6.780 ; 6.780 ; 6.780 ; 6.780 ;
; sel[1]     ; display2[0] ; 6.821 ; 6.770 ; 6.770 ; 6.821 ;
; sel[1]     ; display2[3] ; 6.804 ; 6.753 ; 6.753 ; 6.804 ;
; sel[1]     ; display2[4] ; 6.814 ; 6.763 ; 6.763 ; 6.814 ;
; sel[1]     ; display2[5] ; 6.843 ; 6.792 ; 6.792 ; 6.843 ;
; sel[1]     ; led         ; 6.357 ; 6.357 ; 6.357 ; 6.357 ;
; sel[2]     ; display1[0] ; 6.625 ; 6.625 ; 6.625 ; 6.625 ;
; sel[2]     ; display1[1] ; 7.165 ; 7.162 ; 7.162 ; 7.165 ;
; sel[2]     ; display1[2] ; 6.574 ; 6.574 ; 6.574 ; 6.574 ;
; sel[2]     ; display1[3] ; 6.684 ; 6.684 ; 6.684 ; 6.684 ;
; sel[2]     ; display1[4] ; 6.602 ; 6.608 ; 6.608 ; 6.602 ;
; sel[2]     ; display1[5] ; 6.555 ; 6.555 ; 6.555 ; 6.555 ;
; sel[2]     ; display1[6] ; 6.887 ; 6.887 ; 6.887 ; 6.887 ;
; sel[2]     ; display2[0] ; 6.801 ; 6.896 ; 6.896 ; 6.801 ;
; sel[2]     ; display2[3] ; 6.784 ; 6.879 ; 6.879 ; 6.784 ;
; sel[2]     ; display2[4] ; 6.794 ; 6.889 ; 6.889 ; 6.794 ;
; sel[2]     ; display2[5] ; 6.823 ; 6.918 ; 6.918 ; 6.823 ;
+------------+-------------+-------+-------+-------+-------+


-------------------
; Clock Transfers ;
-------------------
Nothing to report.


---------------
; Report TCCS ;
---------------
No dedicated SERDES Transmitter circuitry present in device or used in design


---------------
; Report RSKM ;
---------------
No dedicated SERDES Receiver circuitry present in device or used in design


+------------------------------------------------+
; Unconstrained Paths                            ;
+---------------------------------+-------+------+
; Property                        ; Setup ; Hold ;
+---------------------------------+-------+------+
; Illegal Clocks                  ; 0     ; 0    ;
; Unconstrained Clocks            ; 0     ; 0    ;
; Unconstrained Input Ports       ; 13    ; 13   ;
; Unconstrained Input Port Paths  ; 141   ; 141  ;
; Unconstrained Output Ports      ; 12    ; 12   ;
; Unconstrained Output Port Paths ; 141   ; 141  ;
+---------------------------------+-------+------+


+------------------------------------+
; TimeQuest Timing Analyzer Messages ;
+------------------------------------+
Info: *******************************************************************
Info: Running Quartus II 64-Bit TimeQuest Timing Analyzer
    Info: Version 13.0.1 Build 232 06/12/2013 Service Pack 1 SJ Web Edition
    Info: Processing started: Wed Nov 07 16:25:40 2018
Info: Command: quartus_sta Practica7 -c Practica7
Info: qsta_default_script.tcl version: #1
Warning (20028): Parallel compilation is not licensed and has been disabled
Info (21077): Low junction temperature is 0 degrees C
Info (21077): High junction temperature is 85 degrees C
Critical Warning (332012): Synopsys Design Constraints File file not found: 'Practica7.sdc'. A Synopsys Design Constraints File is required by the TimeQuest Timing Analyzer to get proper timing constraints. Without it, the Compiler will not properly optimize the design.
Info (332142): No user constrained base clocks found in the design. Calling "derive_clocks -period 1.0"
Info (332096): The command derive_clocks did not find any clocks to derive.  No clocks were created or changed.
Warning (332068): No clocks defined in design.
Info: Found TIMEQUEST_REPORT_SCRIPT_INCLUDE_DEFAULT_ANALYSIS = ON
Info (332159): No clocks to report
Info: Analyzing Slow Model
Info (332140): No fmax paths to report
Info (332140): No Setup paths to report
Info (332140): No Hold paths to report
Info (332140): No Recovery paths to report
Info (332140): No Removal paths to report
Info (332140): No Minimum Pulse Width paths to report
Info (332001): The selected device family is not supported by the report_metastability command.
Info: Analyzing Fast Model
Info (332142): No user constrained base clocks found in the design. Calling "derive_clocks -period 1.0"
Info (332096): The command derive_clocks did not find any clocks to derive.  No clocks were created or changed.
Warning (332068): No clocks defined in design.
Info (332140): No Setup paths to report
Info (332140): No Hold paths to report
Info (332140): No Recovery paths to report
Info (332140): No Removal paths to report
Info (332140): No Minimum Pulse Width paths to report
Info (332001): The selected device family is not supported by the report_metastability command.
Info (332102): Design is not fully constrained for setup requirements
Info (332102): Design is not fully constrained for hold requirements
Info: Quartus II 64-Bit TimeQuest Timing Analyzer was successful. 0 errors, 4 warnings
    Info: Peak virtual memory: 4569 megabytes
    Info: Processing ended: Wed Nov 07 16:25:44 2018
    Info: Elapsed time: 00:00:04
    Info: Total CPU time (on all processors): 00:00:01


