Analysis & Synthesis report for Practica7
Wed Nov 07 16:25:15 2018
Quartus II 64-Bit Version 13.0.1 Build 232 06/12/2013 Service Pack 1 SJ Web Edition


---------------------
; Table of Contents ;
---------------------
  1. Legal Notice
  2. Analysis & Synthesis Summary
  3. Analysis & Synthesis Settings
  4. Parallel Compilation
  5. Analysis & Synthesis Source Files Read
  6. Analysis & Synthesis Resource Usage Summary
  7. Analysis & Synthesis Resource Utilization by Entity
  8. Analysis & Synthesis DSP Block Usage Summary
  9. General Register Statistics
 10. Multiplexer Restructuring Statistics (Restructuring Performed)
 11. Parameter Settings for Inferred Entity Instance: ALUcompleto:inst3|Multiplicador:i_Multiplicador|lpm_mult:Mult0
 12. lpm_mult Parameter Settings by Entity Instance
 13. Elapsed Time Per Partition
 14. Analysis & Synthesis Messages



----------------
; Legal Notice ;
----------------
Copyright (C) 1991-2013 Altera Corporation
Your use of Altera Corporation's design tools, logic functions 
and other software and tools, and its AMPP partner logic 
functions, and any output files from any of the foregoing 
(including device programming or simulation files), and any 
associated documentation or information are expressly subject 
to the terms and conditions of the Altera Program License 
Subscription Agreement, Altera MegaCore Function License 
Agreement, or other applicable license agreement, including, 
without limitation, that your use is for the sole purpose of 
programming logic devices manufactured by Altera and sold by 
Altera or its authorized distributors.  Please refer to the 
applicable agreement for further details.



+--------------------------------------------------------------------------------------+
; Analysis & Synthesis Summary                                                         ;
+------------------------------------+-------------------------------------------------+
; Analysis & Synthesis Status        ; Successful - Wed Nov 07 16:25:14 2018           ;
; Quartus II 64-Bit Version          ; 13.0.1 Build 232 06/12/2013 SP 1 SJ Web Edition ;
; Revision Name                      ; Practica7                                       ;
; Top-level Entity Name              ; Practica7                                       ;
; Family                             ; Cyclone II                                      ;
; Total logic elements               ; 45                                              ;
;     Total combinational functions  ; 45                                              ;
;     Dedicated logic registers      ; 0                                               ;
; Total registers                    ; 0                                               ;
; Total pins                         ; 28                                              ;
; Total virtual pins                 ; 0                                               ;
; Total memory bits                  ; 0                                               ;
; Embedded Multiplier 9-bit elements ; 1                                               ;
; Total PLLs                         ; 0                                               ;
+------------------------------------+-------------------------------------------------+


+----------------------------------------------------------------------------------------------------------------------+
; Analysis & Synthesis Settings                                                                                        ;
+----------------------------------------------------------------------------+--------------------+--------------------+
; Option                                                                     ; Setting            ; Default Value      ;
+----------------------------------------------------------------------------+--------------------+--------------------+
; Device                                                                     ; EP2C20F484C7       ;                    ;
; Top-level entity name                                                      ; Practica7          ; Practica7          ;
; Family name                                                                ; Cyclone II         ; Cyclone IV GX      ;
; Use smart compilation                                                      ; Off                ; Off                ;
; Enable parallel Assembler and TimeQuest Timing Analyzer during compilation ; On                 ; On                 ;
; Enable compact report table                                                ; Off                ; Off                ;
; Restructure Multiplexers                                                   ; Auto               ; Auto               ;
; Create Debugging Nodes for IP Cores                                        ; Off                ; Off                ;
; Preserve fewer node names                                                  ; On                 ; On                 ;
; Disable OpenCore Plus hardware evaluation                                  ; Off                ; Off                ;
; Verilog Version                                                            ; Verilog_2001       ; Verilog_2001       ;
; VHDL Version                                                               ; VHDL_1993          ; VHDL_1993          ;
; State Machine Processing                                                   ; Auto               ; Auto               ;
; Safe State Machine                                                         ; Off                ; Off                ;
; Extract Verilog State Machines                                             ; On                 ; On                 ;
; Extract VHDL State Machines                                                ; On                 ; On                 ;
; Ignore Verilog initial constructs                                          ; Off                ; Off                ;
; Iteration limit for constant Verilog loops                                 ; 5000               ; 5000               ;
; Iteration limit for non-constant Verilog loops                             ; 250                ; 250                ;
; Add Pass-Through Logic to Inferred RAMs                                    ; On                 ; On                 ;
; Infer RAMs from Raw Logic                                                  ; On                 ; On                 ;
; Parallel Synthesis                                                         ; On                 ; On                 ;
; DSP Block Balancing                                                        ; Auto               ; Auto               ;
; NOT Gate Push-Back                                                         ; On                 ; On                 ;
; Power-Up Don't Care                                                        ; On                 ; On                 ;
; Remove Redundant Logic Cells                                               ; Off                ; Off                ;
; Remove Duplicate Registers                                                 ; On                 ; On                 ;
; Ignore CARRY Buffers                                                       ; Off                ; Off                ;
; Ignore CASCADE Buffers                                                     ; Off                ; Off                ;
; Ignore GLOBAL Buffers                                                      ; Off                ; Off                ;
; Ignore ROW GLOBAL Buffers                                                  ; Off                ; Off                ;
; Ignore LCELL Buffers                                                       ; Off                ; Off                ;
; Ignore SOFT Buffers                                                        ; On                 ; On                 ;
; Limit AHDL Integers to 32 Bits                                             ; Off                ; Off                ;
; Optimization Technique                                                     ; Balanced           ; Balanced           ;
; Carry Chain Length                                                         ; 70                 ; 70                 ;
; Auto Carry Chains                                                          ; On                 ; On                 ;
; Auto Open-Drain Pins                                                       ; On                 ; On                 ;
; Perform WYSIWYG Primitive Resynthesis                                      ; Off                ; Off                ;
; Auto ROM Replacement                                                       ; On                 ; On                 ;
; Auto RAM Replacement                                                       ; On                 ; On                 ;
; Auto Shift Register Replacement                                            ; Auto               ; Auto               ;
; Allow Shift Register Merging across Hierarchies                            ; Auto               ; Auto               ;
; Auto Clock Enable Replacement                                              ; On                 ; On                 ;
; Strict RAM Replacement                                                     ; Off                ; Off                ;
; Allow Synchronous Control Signals                                          ; On                 ; On                 ;
; Force Use of Synchronous Clear Signals                                     ; Off                ; Off                ;
; Auto RAM to Logic Cell Conversion                                          ; Off                ; Off                ;
; Auto Resource Sharing                                                      ; Off                ; Off                ;
; Allow Any RAM Size For Recognition                                         ; Off                ; Off                ;
; Allow Any ROM Size For Recognition                                         ; Off                ; Off                ;
; Allow Any Shift Register Size For Recognition                              ; Off                ; Off                ;
; Use LogicLock Constraints during Resource Balancing                        ; On                 ; On                 ;
; Ignore translate_off and synthesis_off directives                          ; Off                ; Off                ;
; Timing-Driven Synthesis                                                    ; Off                ; Off                ;
; Report Parameter Settings                                                  ; On                 ; On                 ;
; Report Source Assignments                                                  ; On                 ; On                 ;
; Report Connectivity Checks                                                 ; On                 ; On                 ;
; Ignore Maximum Fan-Out Assignments                                         ; Off                ; Off                ;
; Synchronization Register Chain Length                                      ; 2                  ; 2                  ;
; PowerPlay Power Optimization                                               ; Normal compilation ; Normal compilation ;
; HDL message level                                                          ; Level2             ; Level2             ;
; Suppress Register Optimization Related Messages                            ; Off                ; Off                ;
; Number of Removed Registers Reported in Synthesis Report                   ; 5000               ; 5000               ;
; Number of Swept Nodes Reported in Synthesis Report                         ; 5000               ; 5000               ;
; Number of Inverted Registers Reported in Synthesis Report                  ; 100                ; 100                ;
; Clock MUX Protection                                                       ; On                 ; On                 ;
; Auto Gated Clock Conversion                                                ; Off                ; Off                ;
; Block Design Naming                                                        ; Auto               ; Auto               ;
; SDC constraint protection                                                  ; Off                ; Off                ;
; Synthesis Effort                                                           ; Auto               ; Auto               ;
; Shift Register Replacement - Allow Asynchronous Clear Signal               ; On                 ; On                 ;
; Pre-Mapping Resynthesis Optimization                                       ; Off                ; Off                ;
; Analysis & Synthesis Message Level                                         ; Medium             ; Medium             ;
; Disable Register Merging Across Hierarchies                                ; Auto               ; Auto               ;
; Resource Aware Inference For Block RAM                                     ; On                 ; On                 ;
; Synthesis Seed                                                             ; 1                  ; 1                  ;
+----------------------------------------------------------------------------+--------------------+--------------------+


Parallel compilation was disabled, but you have multiple processors available. Enable parallel compilation to reduce compilation time.
+-------------------------------------+
; Parallel Compilation                ;
+----------------------------+--------+
; Processors                 ; Number ;
+----------------------------+--------+
; Number detected on machine ; 4      ;
; Maximum allowed            ; 1      ;
+----------------------------+--------+


+-----------------------------------------------------------------------------------------------------------------------------------------------------------------------+
; Analysis & Synthesis Source Files Read                                                                                                                                ;
+----------------------------------+-----------------+------------------------------------+-------------------------------------------------------------------+---------+
; File Name with User-Entered Path ; Used in Netlist ; File Type                          ; File Name with Absolute Path                                      ; Library ;
+----------------------------------+-----------------+------------------------------------+-------------------------------------------------------------------+---------+
; Mux3a15bits.vhd                  ; yes             ; User VHDL File                     ; E:/Practica7/Mux3a15bits.vhd                                      ;         ;
; UnidadControl.vhd                ; yes             ; User VHDL File                     ; E:/Practica7/UnidadControl.vhd                                    ;         ;
; Mux2a15bits.vhd                  ; yes             ; User VHDL File                     ; E:/Practica7/Mux2a15bits.vhd                                      ;         ;
; Mux2a11bit.vhd                   ; yes             ; User VHDL File                     ; E:/Practica7/Mux2a11bit.vhd                                       ;         ;
; FuncLogic.vhd                    ; yes             ; User VHDL File                     ; E:/Practica7/FuncLogic.vhd                                        ;         ;
; Multiplicador.vhd                ; yes             ; User VHDL File                     ; E:/Practica7/Multiplicador.vhd                                    ;         ;
; Practica7.bdf                    ; yes             ; User Block Diagram/Schematic File  ; E:/Practica7/Practica7.bdf                                        ;         ;
; SumadorRestador.vhd              ; yes             ; User VHDL File                     ; E:/Practica7/SumadorRestador.vhd                                  ;         ;
; alucompleto.vhd                  ; yes             ; Auto-Found VHDL File               ; E:/Practica7/alucompleto.vhd                                      ;         ;
; sumador1bit.vhd                  ; yes             ; Auto-Found VHDL File               ; E:/Practica7/sumador1bit.vhd                                      ;         ;
; bina7seg.vhd                     ; yes             ; Auto-Found VHDL File               ; E:/Practica7/bina7seg.vhd                                         ;         ;
; lpm_mult.tdf                     ; yes             ; Megafunction                       ; c:/altera/13.0sp1/quartus/libraries/megafunctions/lpm_mult.tdf    ;         ;
; aglobal130.inc                   ; yes             ; Megafunction                       ; c:/altera/13.0sp1/quartus/libraries/megafunctions/aglobal130.inc  ;         ;
; lpm_add_sub.inc                  ; yes             ; Megafunction                       ; c:/altera/13.0sp1/quartus/libraries/megafunctions/lpm_add_sub.inc ;         ;
; multcore.inc                     ; yes             ; Megafunction                       ; c:/altera/13.0sp1/quartus/libraries/megafunctions/multcore.inc    ;         ;
; bypassff.inc                     ; yes             ; Megafunction                       ; c:/altera/13.0sp1/quartus/libraries/megafunctions/bypassff.inc    ;         ;
; altshift.inc                     ; yes             ; Megafunction                       ; c:/altera/13.0sp1/quartus/libraries/megafunctions/altshift.inc    ;         ;
; db/mult_9us.tdf                  ; yes             ; Auto-Generated Megafunction        ; E:/Practica7/db/mult_9us.tdf                                      ;         ;
+----------------------------------+-----------------+------------------------------------+-------------------------------------------------------------------+---------+


+------------------------------------------------------+
; Analysis & Synthesis Resource Usage Summary          ;
+---------------------------------------------+--------+
; Resource                                    ; Usage  ;
+---------------------------------------------+--------+
; Estimated Total logic elements              ; 45     ;
;                                             ;        ;
; Total combinational functions               ; 45     ;
; Logic element usage by number of LUT inputs ;        ;
;     -- 4 input functions                    ; 32     ;
;     -- 3 input functions                    ; 7      ;
;     -- <=2 input functions                  ; 6      ;
;                                             ;        ;
; Logic elements by mode                      ;        ;
;     -- normal mode                          ; 45     ;
;     -- arithmetic mode                      ; 0      ;
;                                             ;        ;
; Total registers                             ; 0      ;
;     -- Dedicated logic registers            ; 0      ;
;     -- I/O registers                        ; 0      ;
;                                             ;        ;
; I/O pins                                    ; 28     ;
; Embedded Multiplier 9-bit elements          ; 1      ;
; Maximum fan-out node                        ; sel[0] ;
; Maximum fan-out                             ; 19     ;
; Total fan-out                               ; 179    ;
; Average fan-out                             ; 2.39   ;
+---------------------------------------------+--------+


+-----------------------------------------------------------------------------------------------------------------------------------------------------------------------------------------------------------------------------------------------------------------------------------------------+
; Analysis & Synthesis Resource Utilization by Entity                                                                                                                                                                                                                                           ;
+-----------------------------------------------------+-------------------+--------------+-------------+--------------+---------+-----------+------+--------------+--------------------------------------------------------------------------------------------------------------+--------------+
; Compilation Hierarchy Node                          ; LC Combinationals ; LC Registers ; Memory Bits ; DSP Elements ; DSP 9x9 ; DSP 18x18 ; Pins ; Virtual Pins ; Full Hierarchy Name                                                                                          ; Library Name ;
+-----------------------------------------------------+-------------------+--------------+-------------+--------------+---------+-----------+------+--------------+--------------------------------------------------------------------------------------------------------------+--------------+
; |Practica7                                          ; 45 (0)            ; 0 (0)        ; 0           ; 1            ; 1       ; 0         ; 28   ; 0            ; |Practica7                                                                                                   ; work         ;
;    |ALUcompleto:inst3|                              ; 38 (0)            ; 0 (0)        ; 0           ; 1            ; 1       ; 0         ; 0    ; 0            ; |Practica7|ALUcompleto:inst3                                                                                 ; work         ;
;       |Multiplicador:i_Multiplicador|               ; 0 (0)             ; 0 (0)        ; 0           ; 1            ; 1       ; 0         ; 0    ; 0            ; |Practica7|ALUcompleto:inst3|Multiplicador:i_Multiplicador                                                   ; work         ;
;          |lpm_mult:Mult0|                           ; 0 (0)             ; 0 (0)        ; 0           ; 1            ; 1       ; 0         ; 0    ; 0            ; |Practica7|ALUcompleto:inst3|Multiplicador:i_Multiplicador|lpm_mult:Mult0                                    ; work         ;
;             |mult_9us:auto_generated|               ; 0 (0)             ; 0 (0)        ; 0           ; 1            ; 1       ; 0         ; 0    ; 0            ; |Practica7|ALUcompleto:inst3|Multiplicador:i_Multiplicador|lpm_mult:Mult0|mult_9us:auto_generated            ; work         ;
;       |Mux2a11bit:i_Mux2a11bit|                     ; 4 (4)             ; 0 (0)        ; 0           ; 0            ; 0       ; 0         ; 0    ; 0            ; |Practica7|ALUcompleto:inst3|Mux2a11bit:i_Mux2a11bit                                                         ; work         ;
;       |Mux2a15bits:i_Mux2a15bits|                   ; 3 (3)             ; 0 (0)        ; 0           ; 0            ; 0       ; 0         ; 0    ; 0            ; |Practica7|ALUcompleto:inst3|Mux2a15bits:i_Mux2a15bits                                                       ; work         ;
;       |Mux3a15bits:i_Mux3a15bits|                   ; 19 (19)           ; 0 (0)        ; 0           ; 0            ; 0       ; 0         ; 0    ; 0            ; |Practica7|ALUcompleto:inst3|Mux3a15bits:i_Mux3a15bits                                                       ; work         ;
;       |SumadorRestador5Bits:i_SumadorRestador5Bits| ; 11 (1)            ; 0 (0)        ; 0           ; 0            ; 0       ; 0         ; 0    ; 0            ; |Practica7|ALUcompleto:inst3|SumadorRestador5Bits:i_SumadorRestador5Bits                                     ; work         ;
;          |Sumador1Bit:\GenSum:0:i_Sumador1Bit|      ; 3 (3)             ; 0 (0)        ; 0           ; 0            ; 0       ; 0         ; 0    ; 0            ; |Practica7|ALUcompleto:inst3|SumadorRestador5Bits:i_SumadorRestador5Bits|Sumador1Bit:\GenSum:0:i_Sumador1Bit ; work         ;
;          |Sumador1Bit:\GenSum:1:i_Sumador1Bit|      ; 2 (2)             ; 0 (0)        ; 0           ; 0            ; 0       ; 0         ; 0    ; 0            ; |Practica7|ALUcompleto:inst3|SumadorRestador5Bits:i_SumadorRestador5Bits|Sumador1Bit:\GenSum:1:i_Sumador1Bit ; work         ;
;          |Sumador1Bit:\GenSum:2:i_Sumador1Bit|      ; 2 (2)             ; 0 (0)        ; 0           ; 0            ; 0       ; 0         ; 0    ; 0            ; |Practica7|ALUcompleto:inst3|SumadorRestador5Bits:i_SumadorRestador5Bits|Sumador1Bit:\GenSum:2:i_Sumador1Bit ; work         ;
;          |Sumador1Bit:\GenSum:3:i_Sumador1Bit|      ; 2 (2)             ; 0 (0)        ; 0           ; 0            ; 0       ; 0         ; 0    ; 0            ; |Practica7|ALUcompleto:inst3|SumadorRestador5Bits:i_SumadorRestador5Bits|Sumador1Bit:\GenSum:3:i_Sumador1Bit ; work         ;
;          |Sumador1Bit:\GenSum:4:i_Sumador1Bit|      ; 1 (1)             ; 0 (0)        ; 0           ; 0            ; 0       ; 0         ; 0    ; 0            ; |Practica7|ALUcompleto:inst3|SumadorRestador5Bits:i_SumadorRestador5Bits|Sumador1Bit:\GenSum:4:i_Sumador1Bit ; work         ;
;       |UnidadControl:i_UnidadControl|               ; 1 (1)             ; 0 (0)        ; 0           ; 0            ; 0       ; 0         ; 0    ; 0            ; |Practica7|ALUcompleto:inst3|UnidadControl:i_UnidadControl                                                   ; work         ;
;    |BinA7Seg:inst|                                  ; 7 (7)             ; 0 (0)        ; 0           ; 0            ; 0       ; 0         ; 0    ; 0            ; |Practica7|BinA7Seg:inst                                                                                     ; work         ;
+-----------------------------------------------------+-------------------+--------------+-------------+--------------+---------+-----------+------+--------------+--------------------------------------------------------------------------------------------------------------+--------------+
Note: For table entries with two numbers listed, the numbers in parentheses indicate the number of resources of the given type used by the specific entity alone. The numbers listed outside of parentheses indicate the total resources of the given type used by the specific entity and all of its sub-entities in the hierarchy.


+-----------------------------------------------------+
; Analysis & Synthesis DSP Block Usage Summary        ;
+---------------------------------------+-------------+
; Statistic                             ; Number Used ;
+---------------------------------------+-------------+
; Simple Multipliers (9-bit)            ; 1           ;
; Simple Multipliers (18-bit)           ; 0           ;
; Embedded Multiplier Blocks            ; --          ;
; Embedded Multiplier 9-bit elements    ; 1           ;
; Signed Embedded Multipliers           ; 1           ;
; Unsigned Embedded Multipliers         ; 0           ;
; Mixed Sign Embedded Multipliers       ; 0           ;
; Variable Sign Embedded Multipliers    ; 0           ;
; Dedicated Input Shift Register Chains ; 0           ;
+---------------------------------------+-------------+
Note: number of Embedded Multiplier Blocks used is only available after a successful fit.


+------------------------------------------------------+
; General Register Statistics                          ;
+----------------------------------------------+-------+
; Statistic                                    ; Value ;
+----------------------------------------------+-------+
; Total registers                              ; 0     ;
; Number of registers using Synchronous Clear  ; 0     ;
; Number of registers using Synchronous Load   ; 0     ;
; Number of registers using Asynchronous Clear ; 0     ;
; Number of registers using Asynchronous Load  ; 0     ;
; Number of registers using Clock Enable       ; 0     ;
; Number of registers using Preset             ; 0     ;
+----------------------------------------------+-------+


+---------------------------------------------------------------------------------------------------------------------------------------------------------------------------+
; Multiplexer Restructuring Statistics (Restructuring Performed)                                                                                                            ;
+--------------------+-----------+---------------+----------------------+------------------------+------------+-------------------------------------------------------------+
; Multiplexer Inputs ; Bus Width ; Baseline Area ; Area if Restructured ; Saving if Restructured ; Registered ; Example Multiplexer Output                                  ;
+--------------------+-----------+---------------+----------------------+------------------------+------------+-------------------------------------------------------------+
; 7:1                ; 5 bits    ; 20 LEs        ; 20 LEs               ; 0 LEs                  ; No         ; |Practica7|ALUcompleto:inst3|Mux3a15bits:i_Mux3a15bits|Mux1 ;
+--------------------+-----------+---------------+----------------------+------------------------+------------+-------------------------------------------------------------+


+-----------------------------------------------------------------------------------------------------------------+
; Parameter Settings for Inferred Entity Instance: ALUcompleto:inst3|Multiplicador:i_Multiplicador|lpm_mult:Mult0 ;
+------------------------------------------------+------------+---------------------------------------------------+
; Parameter Name                                 ; Value      ; Type                                              ;
+------------------------------------------------+------------+---------------------------------------------------+
; AUTO_CARRY_CHAINS                              ; ON         ; AUTO_CARRY                                        ;
; IGNORE_CARRY_BUFFERS                           ; OFF        ; IGNORE_CARRY                                      ;
; AUTO_CASCADE_CHAINS                            ; ON         ; AUTO_CASCADE                                      ;
; IGNORE_CASCADE_BUFFERS                         ; OFF        ; IGNORE_CASCADE                                    ;
; LPM_WIDTHA                                     ; 5          ; Untyped                                           ;
; LPM_WIDTHB                                     ; 5          ; Untyped                                           ;
; LPM_WIDTHP                                     ; 10         ; Untyped                                           ;
; LPM_WIDTHR                                     ; 10         ; Untyped                                           ;
; LPM_WIDTHS                                     ; 1          ; Untyped                                           ;
; LPM_REPRESENTATION                             ; SIGNED     ; Untyped                                           ;
; LPM_PIPELINE                                   ; 0          ; Untyped                                           ;
; LATENCY                                        ; 0          ; Untyped                                           ;
; INPUT_A_IS_CONSTANT                            ; NO         ; Untyped                                           ;
; INPUT_B_IS_CONSTANT                            ; NO         ; Untyped                                           ;
; USE_EAB                                        ; OFF        ; Untyped                                           ;
; MAXIMIZE_SPEED                                 ; 5          ; Untyped                                           ;
; DEVICE_FAMILY                                  ; Cyclone II ; Untyped                                           ;
; CARRY_CHAIN                                    ; MANUAL     ; Untyped                                           ;
; APEX20K_TECHNOLOGY_MAPPER                      ; LUT        ; TECH_MAPPER_APEX20K                               ;
; DEDICATED_MULTIPLIER_CIRCUITRY                 ; AUTO       ; Untyped                                           ;
; DEDICATED_MULTIPLIER_MIN_INPUT_WIDTH_FOR_AUTO  ; 0          ; Untyped                                           ;
; DEDICATED_MULTIPLIER_MIN_OUTPUT_WIDTH_FOR_AUTO ; 0          ; Untyped                                           ;
; CBXI_PARAMETER                                 ; mult_9us   ; Untyped                                           ;
; INPUT_A_FIXED_VALUE                            ; Bx         ; Untyped                                           ;
; INPUT_B_FIXED_VALUE                            ; Bx         ; Untyped                                           ;
; USE_AHDL_IMPLEMENTATION                        ; OFF        ; Untyped                                           ;
+------------------------------------------------+------------+---------------------------------------------------+
Note: In order to hide this table in the UI and the text report file, please set the "Show Parameter Settings in Synthesis Report" option in "Analysis and Synthesis Settings -> More Settings" to "Off".


+--------------------------------------------------------------------------------------------------------+
; lpm_mult Parameter Settings by Entity Instance                                                         ;
+---------------------------------------+----------------------------------------------------------------+
; Name                                  ; Value                                                          ;
+---------------------------------------+----------------------------------------------------------------+
; Number of entity instances            ; 1                                                              ;
; Entity Instance                       ; ALUcompleto:inst3|Multiplicador:i_Multiplicador|lpm_mult:Mult0 ;
;     -- LPM_WIDTHA                     ; 5                                                              ;
;     -- LPM_WIDTHB                     ; 5                                                              ;
;     -- LPM_WIDTHP                     ; 10                                                             ;
;     -- LPM_REPRESENTATION             ; SIGNED                                                         ;
;     -- INPUT_A_IS_CONSTANT            ; NO                                                             ;
;     -- INPUT_B_IS_CONSTANT            ; NO                                                             ;
;     -- USE_EAB                        ; OFF                                                            ;
;     -- DEDICATED_MULTIPLIER_CIRCUITRY ; AUTO                                                           ;
;     -- INPUT_A_FIXED_VALUE            ; Bx                                                             ;
;     -- INPUT_B_FIXED_VALUE            ; Bx                                                             ;
+---------------------------------------+----------------------------------------------------------------+


+-------------------------------+
; Elapsed Time Per Partition    ;
+----------------+--------------+
; Partition Name ; Elapsed Time ;
+----------------+--------------+
; Top            ; 00:00:03     ;
+----------------+--------------+


+-------------------------------+
; Analysis & Synthesis Messages ;
+-------------------------------+
Info: *******************************************************************
Info: Running Quartus II 64-Bit Analysis & Synthesis
    Info: Version 13.0.1 Build 232 06/12/2013 Service Pack 1 SJ Web Edition
    Info: Processing started: Wed Nov 07 16:24:59 2018
Info: Command: quartus_map --read_settings_files=on --write_settings_files=off Practica7 -c Practica7
Warning (20028): Parallel compilation is not licensed and has been disabled
Info (12021): Found 2 design units, including 1 entities, in source file mux3a15bits.vhd
    Info (12022): Found design unit 1: Mux3a15bits-behavioral
    Info (12023): Found entity 1: Mux3a15bits
Info (12021): Found 2 design units, including 1 entities, in source file unidadcontrol.vhd
    Info (12022): Found design unit 1: UnidadControl-behavioral
    Info (12023): Found entity 1: UnidadControl
Info (12021): Found 2 design units, including 1 entities, in source file mux2a15bits.vhd
    Info (12022): Found design unit 1: Mux2a15bits-behavioral
    Info (12023): Found entity 1: Mux2a15bits
Info (12021): Found 2 design units, including 1 entities, in source file mux2a11bit.vhd
    Info (12022): Found design unit 1: Mux2a11bit-behavioral
    Info (12023): Found entity 1: Mux2a11bit
Info (12021): Found 2 design units, including 1 entities, in source file funclogic.vhd
    Info (12022): Found design unit 1: FuncLogic-behavioral
    Info (12023): Found entity 1: FuncLogic
Info (12021): Found 2 design units, including 1 entities, in source file multiplicador.vhd
    Info (12022): Found design unit 1: Multiplicador-behavioral
    Info (12023): Found entity 1: Multiplicador
Info (12021): Found 1 design units, including 1 entities, in source file practica7.bdf
    Info (12023): Found entity 1: Practica7
Info (12021): Found 2 design units, including 1 entities, in source file sumadorrestador5bits.vhd
    Info (12022): Found design unit 1: Sumador5Bits-structural
    Info (12023): Found entity 1: Sumador5Bits
Info (12021): Found 2 design units, including 1 entities, in source file sumadorrestador.vhd
    Info (12022): Found design unit 1: SumadorRestador5Bits-structural
    Info (12023): Found entity 1: SumadorRestador5Bits
Info (12127): Elaborating entity "Practica7" for the top level hierarchy
Warning (12125): Using design file alucompleto.vhd, which is not specified as a design file for the current project, but contains definitions for 2 design units and 1 entities in project
    Info (12022): Found design unit 1: ALUcompleto-structural
    Info (12023): Found entity 1: ALUcompleto
Info (12128): Elaborating entity "ALUcompleto" for hierarchy "ALUcompleto:inst3"
Info (12128): Elaborating entity "UnidadControl" for hierarchy "ALUcompleto:inst3|UnidadControl:i_UnidadControl"
Info (12128): Elaborating entity "FuncLogic" for hierarchy "ALUcompleto:inst3|FuncLogic:i_FuncLogic"
Info (12128): Elaborating entity "Multiplicador" for hierarchy "ALUcompleto:inst3|Multiplicador:i_Multiplicador"
Info (12128): Elaborating entity "SumadorRestador5Bits" for hierarchy "ALUcompleto:inst3|SumadorRestador5Bits:i_SumadorRestador5Bits"
Warning (12125): Using design file sumador1bit.vhd, which is not specified as a design file for the current project, but contains definitions for 2 design units and 1 entities in project
    Info (12022): Found design unit 1: Sumador1Bit-behavioral
    Info (12023): Found entity 1: Sumador1Bit
Info (12128): Elaborating entity "Sumador1Bit" for hierarchy "ALUcompleto:inst3|SumadorRestador5Bits:i_SumadorRestador5Bits|Sumador1Bit:\GenSum:0:i_Sumador1Bit"
Info (12128): Elaborating entity "Mux2a11bit" for hierarchy "ALUcompleto:inst3|Mux2a11bit:i_Mux2a11bit"
Info (12128): Elaborating entity "Mux2a15bits" for hierarchy "ALUcompleto:inst3|Mux2a15bits:i_Mux2a15bits"
Info (12128): Elaborating entity "Mux3a15bits" for hierarchy "ALUcompleto:inst3|Mux3a15bits:i_Mux3a15bits"
Warning (12125): Using design file bina7seg.vhd, which is not specified as a design file for the current project, but contains definitions for 2 design units and 1 entities in project
    Info (12022): Found design unit 1: BinA7Seg-behavioral
    Info (12023): Found entity 1: BinA7Seg
Info (12128): Elaborating entity "BinA7Seg" for hierarchy "BinA7Seg:inst"
Info (278001): Inferred 1 megafunctions from design logic
    Info (278003): Inferred multiplier megafunction ("lpm_mult") from the following logic: "ALUcompleto:inst3|Multiplicador:i_Multiplicador|Mult0"
Info (12130): Elaborated megafunction instantiation "ALUcompleto:inst3|Multiplicador:i_Multiplicador|lpm_mult:Mult0"
Info (12133): Instantiated megafunction "ALUcompleto:inst3|Multiplicador:i_Multiplicador|lpm_mult:Mult0" with the following parameter:
    Info (12134): Parameter "LPM_WIDTHA" = "5"
    Info (12134): Parameter "LPM_WIDTHB" = "5"
    Info (12134): Parameter "LPM_WIDTHP" = "10"
    Info (12134): Parameter "LPM_WIDTHR" = "10"
    Info (12134): Parameter "LPM_WIDTHS" = "1"
    Info (12134): Parameter "LPM_REPRESENTATION" = "SIGNED"
    Info (12134): Parameter "INPUT_A_IS_CONSTANT" = "NO"
    Info (12134): Parameter "INPUT_B_IS_CONSTANT" = "NO"
    Info (12134): Parameter "MAXIMIZE_SPEED" = "5"
Info (12021): Found 1 design units, including 1 entities, in source file db/mult_9us.tdf
    Info (12023): Found entity 1: mult_9us
Warning (13024): Output pins are stuck at VCC or GND
    Warning (13410): Pin "display2[6]" is stuck at VCC
    Warning (13410): Pin "display2[2]" is stuck at GND
    Warning (13410): Pin "display2[1]" is stuck at GND
Info (16010): Generating hard_block partition "hard_block:auto_generated_inst"
    Info (16011): Adding 0 node(s), including 0 DDIO, 0 PLL, 0 transceiver and 0 LCELL
Info (21057): Implemented 74 device resources after synthesis - the final resource count might be different
    Info (21058): Implemented 13 input pins
    Info (21059): Implemented 15 output pins
    Info (21061): Implemented 45 logic cells
    Info (21062): Implemented 1 DSP elements
Info: Quartus II 64-Bit Analysis & Synthesis was successful. 0 errors, 8 warnings
    Info: Peak virtual memory: 4679 megabytes
    Info: Processing ended: Wed Nov 07 16:25:15 2018
    Info: Elapsed time: 00:00:16
    Info: Total CPU time (on all processors): 00:00:03


