Flow report for Practica4
Thu Oct 04 22:17:36 2018
Quartus II 64-Bit Version 13.0.1 Build 232 06/12/2013 Service Pack 1 SJ Web Edition


---------------------
; Table of Contents ;
---------------------
  1. Legal Notice
  2. Flow Summary
  3. Flow Settings
  4. Flow Non-Default Global Settings
  5. Flow Elapsed Time
  6. Flow OS Summary
  7. Flow Log
  8. Flow Messages
  9. Flow Suppressed Messages



----------------
; Legal Notice ;
----------------
Copyright (C) 1991-2013 Altera Corporation
Your use of Altera Corporation's design tools, logic functions 
and other software and tools, and its AMPP partner logic 
functions, and any output files from any of the foregoing 
(including device programming or simulation files), and any 
associated documentation or information are expressly subject 
to the terms and conditions of the Altera Program License 
Subscription Agreement, Altera MegaCore Function License 
Agreement, or other applicable license agreement, including, 
without limitation, that your use is for the sole purpose of 
programming logic devices manufactured by Altera and sold by 
Altera or its authorized distributors.  Please refer to the 
applicable agreement for further details.



+--------------------------------------------------------------------------------------+
; Flow Summary                                                                         ;
+------------------------------------+-------------------------------------------------+
; Flow Status                        ; Successful - Thu Oct 04 22:17:36 2018           ;
; Quartus II 64-Bit Version          ; 13.0.1 Build 232 06/12/2013 SP 1 SJ Web Edition ;
; Revision Name                      ; Practica4                                       ;
; Top-level Entity Name              ; Practica4                                       ;
; Family                             ; Cyclone II                                      ;
; Device                             ; EP2C20F484C7                                    ;
; Timing Models                      ; Final                                           ;
; Total logic elements               ; 23 / 18,752 ( < 1 % )                           ;
;     Total combinational functions  ; 23 / 18,752 ( < 1 % )                           ;
;     Dedicated logic registers      ; 0 / 18,752 ( 0 % )                              ;
; Total registers                    ; 0                                               ;
; Total pins                         ; 25 / 315 ( 8 % )                                ;
; Total virtual pins                 ; 0                                               ;
; Total memory bits                  ; 0 / 239,616 ( 0 % )                             ;
; Embedded Multiplier 9-bit elements ; 0 / 52 ( 0 % )                                  ;
; Total PLLs                         ; 0 / 4 ( 0 % )                                   ;
+------------------------------------+-------------------------------------------------+


+-----------------------------------------+
; Flow Settings                           ;
+-------------------+---------------------+
; Option            ; Setting             ;
+-------------------+---------------------+
; Start date & time ; 10/01/2018 09:46:37 ;
; Main task         ; Compilation         ;
; Revision Name     ; Practica4           ;
+-------------------+---------------------+


+-------------------------------------------------------------------------------------------------------------------------+
; Flow Non-Default Global Settings                                                                                        ;
+--------------------------------------+-----------------------------------+---------------+-------------+----------------+
; Assignment Name                      ; Value                             ; Default Value ; Entity Name ; Section Id     ;
+--------------------------------------+-----------------------------------+---------------+-------------+----------------+
; COMPILER_SIGNATURE_ID                ; 176831339355812.153837999711108   ; --            ; --          ; --             ;
; EDA_DESIGN_INSTANCE_NAME             ; NA                                ; --            ; --          ; --             ;
; EDA_NATIVELINK_SIMULATION_TEST_BENCH ; Practica4                         ; --            ; --          ; eda_simulation ;
; EDA_OUTPUT_DATA_FORMAT               ; Vhdl                              ; --            ; --          ; eda_simulation ;
; EDA_SIMULATION_TOOL                  ; ModelSim-Altera (VHDL)            ; <None>        ; --          ; --             ;
; EDA_TEST_BENCH_ENABLE_STATUS         ; TEST_BENCH_MODE                   ; --            ; --          ; eda_simulation ;
; EDA_TEST_BENCH_FILE                  ; simulation/modelsim/Practica4.vht ; --            ; --          ; --             ;
; EDA_TEST_BENCH_MODULE_NAME           ; Practica4                         ; --            ; --          ; --             ;
; EDA_TEST_BENCH_NAME                  ; Practica4                         ; --            ; --          ; eda_simulation ;
; MAX_CORE_JUNCTION_TEMP               ; 85                                ; --            ; --          ; --             ;
; MIN_CORE_JUNCTION_TEMP               ; 0                                 ; --            ; --          ; --             ;
; PARTITION_COLOR                      ; 16764057                          ; --            ; --          ; Top            ;
; PARTITION_FITTER_PRESERVATION_LEVEL  ; PLACEMENT_AND_ROUTING             ; --            ; --          ; Top            ;
; PARTITION_NETLIST_TYPE               ; SOURCE                            ; --            ; --          ; Top            ;
; PROJECT_OUTPUT_DIRECTORY             ; output_files                      ; --            ; --          ; --             ;
; VHDL_SHOW_LMF_MAPPING_MESSAGES       ; Off                               ; --            ; --          ; --             ;
+--------------------------------------+-----------------------------------+---------------+-------------+----------------+


+-------------------------------------------------------------------------------------------------------------------------------+
; Flow Elapsed Time                                                                                                             ;
+---------------------------+--------------+-------------------------+---------------------+------------------------------------+
; Module Name               ; Elapsed Time ; Average Processors Used ; Peak Virtual Memory ; Total CPU Time (on all processors) ;
+---------------------------+--------------+-------------------------+---------------------+------------------------------------+
; Analysis & Synthesis      ; 00:00:01     ; 1.0                     ; 564 MB              ; 00:00:01                           ;
; Fitter                    ; 00:00:03     ; 1.0                     ; 762 MB              ; 00:00:03                           ;
; Assembler                 ; 00:00:02     ; 1.0                     ; 472 MB              ; 00:00:01                           ;
; TimeQuest Timing Analyzer ; 00:00:01     ; 1.0                     ; 460 MB              ; 00:00:01                           ;
; EDA Netlist Writer        ; 00:00:01     ; 1.0                     ; 432 MB              ; 00:00:00                           ;
; EDA Netlist Writer        ; 00:00:01     ; 1.0                     ; 443 MB              ; 00:00:00                           ;
; EDA Netlist Writer        ; 00:00:05     ; 1.0                     ; 4541 MB             ; 00:00:01                           ;
; Total                     ; 00:00:14     ; --                      ; --                  ; 00:00:07                           ;
+---------------------------+--------------+-------------------------+---------------------+------------------------------------+


+----------------------------------------------------------------------------------------+
; Flow OS Summary                                                                        ;
+---------------------------+------------------+-----------+------------+----------------+
; Module Name               ; Machine Hostname ; OS Name   ; OS Version ; Processor type ;
+---------------------------+------------------+-----------+------------+----------------+
; Analysis & Synthesis      ; AA25LE1P08       ; Windows 7 ; 6.2        ; x86_64         ;
; Fitter                    ; AA25LE1P08       ; Windows 7 ; 6.2        ; x86_64         ;
; Assembler                 ; AA25LE1P08       ; Windows 7 ; 6.2        ; x86_64         ;
; TimeQuest Timing Analyzer ; AA25LE1P08       ; Windows 7 ; 6.2        ; x86_64         ;
; EDA Netlist Writer        ; AA25LE1P08       ; Windows 7 ; 6.2        ; x86_64         ;
; EDA Netlist Writer        ; AA25LE1P08       ; Windows 7 ; 6.2        ; x86_64         ;
; EDA Netlist Writer        ; MIGUEL-PC        ; Windows 7 ; 6.2        ; x86_64         ;
+---------------------------+------------------+-----------+------------+----------------+


------------
; Flow Log ;
------------
quartus_map --read_settings_files=on --write_settings_files=off Practica4 -c Practica4
quartus_fit --read_settings_files=off --write_settings_files=off Practica4 -c Practica4
quartus_asm --read_settings_files=off --write_settings_files=off Practica4 -c Practica4
quartus_sta Practica4 -c Practica4
quartus_eda --read_settings_files=off --write_settings_files=off Practica4 -c Practica4
quartus_eda --read_settings_files=on --write_settings_files=off Practica4 -c Practica4 --gen_testbench
quartus_eda --read_settings_files=on --write_settings_files=off Practica4 -c Practica4 --gen_testbench



