EDA Netlist Writer report for Practica4
Thu Oct 04 22:17:36 2018
Quartus II 64-Bit Version 13.0.1 Build 232 06/12/2013 Service Pack 1 SJ Web Edition


---------------------
; Table of Contents ;
---------------------
  1. Legal Notice
  2. EDA Netlist Writer Summary
  3. EDA Netlist Writer Messages



----------------
; Legal Notice ;
----------------
Copyright (C) 1991-2013 Altera Corporation
Your use of Altera Corporation's design tools, logic functions 
and other software and tools, and its AMPP partner logic 
functions, and any output files from any of the foregoing 
(including device programming or simulation files), and any 
associated documentation or information are expressly subject 
to the terms and conditions of the Altera Program License 
Subscription Agreement, Altera MegaCore Function License 
Agreement, or other applicable license agreement, including, 
without limitation, that your use is for the sole purpose of 
programming logic devices manufactured by Altera and sold by 
Altera or its authorized distributors.  Please refer to the 
applicable agreement for further details.



+-------------------------------------------------------------------+
; EDA Netlist Writer Summary                                        ;
+---------------------------+---------------------------------------+
; EDA Netlist Writer Status ; Successful - Thu Oct 04 22:17:36 2018 ;
; Revision Name             ; Practica4                             ;
; Top-level Entity Name     ; Practica4                             ;
; Family                    ; Cyclone II                            ;
+---------------------------+---------------------------------------+


+-----------------------------+
; EDA Netlist Writer Messages ;
+-----------------------------+
Info: *******************************************************************
Info: Running Quartus II 64-Bit EDA Netlist Writer
    Info: Version 13.0.1 Build 232 06/12/2013 Service Pack 1 SJ Web Edition
    Info: Processing started: Thu Oct 04 22:17:31 2018
Info: Command: quartus_eda --read_settings_files=on --write_settings_files=off Practica4 -c Practica4 --gen_testbench
Info (201002): Generated VHDL Test Bench File C:/Users/Miguel Oleo Blanco/OneDrive - Universidad Pontificia Comillas/ICAI 2ºGITT/Sistemas Digitales 1/Practica4/simulation/modelsim/Practica4.vht for simulation
Info: Quartus II 64-Bit EDA Netlist Writer was successful. 0 errors, 0 warnings
    Info: Peak virtual memory: 4541 megabytes
    Info: Processing ended: Thu Oct 04 22:17:36 2018
    Info: Elapsed time: 00:00:05
    Info: Total CPU time (on all processors): 00:00:02


